[INFO] Scanning for projects...
[INFO] 
[INFO] ----------< com.revature.microservices:notification-service >-----------
[INFO] Building Notification Service 1.0.0
[INFO]   from pom.xml
[INFO] --------------------------------[ jar ]---------------------------------
[INFO] 
[INFO] --- clean:3.3.2:clean (default-clean) @ notification-service ---
[INFO] Deleting E:\MicroServices\manager\microservices\notification-service\target
[INFO] 
[INFO] --- resources:3.3.1:resources (default-resources) @ notification-service ---
[INFO] Copying 1 resource from src\main\resources to target\classes
[INFO] Copying 0 resource from src\main\resources to target\classes
[INFO] 
[INFO] --- compiler:3.11.0:compile (default-compile) @ notification-service ---
[INFO] Changes detected - recompiling the module! :source
[INFO] Compiling 10 source files with javac [debug release 21] to target\classes
[INFO] -------------------------------------------------------------
[ERROR] COMPILATION ERROR : 
[INFO] -------------------------------------------------------------
[ERROR] /E:/MicroServices/manager/microservices/notification-service/src/main/java/com/revature/notification/service/NotificationService.java:[35,19] cannot find symbol
  symbol:   variable userRepository
  location: class com.revature.notification.service.NotificationService
[ERROR] /E:/MicroServices/manager/microservices/notification-service/src/main/java/com/revature/notification/service/NotificationService.java:[36,9] cannot find symbol
  symbol:   variable user
  location: class com.revature.notification.service.NotificationService
[ERROR] /E:/MicroServices/manager/microservices/notification-service/src/main/java/com/revature/notification/service/NotificationService.java:[42,17] cannot find symbol
  symbol:   variable user
  location: class com.revature.notification.service.NotificationService
[INFO] 3 errors 
[INFO] -------------------------------------------------------------
[INFO] ------------------------------------------------------------------------
[INFO] BUILD FAILURE
[INFO] ------------------------------------------------------------------------
[INFO] Total time:  5.139 s
[INFO] Finished at: 2026-03-12T22:57:49+05:30
[INFO] ------------------------------------------------------------------------
[ERROR] Failed to execute goal org.apache.maven.plugins:maven-compiler-plugin:3.11.0:compile (default-compile) on project notification-service: Compilation failure: Compilation failure: 
[ERROR] /E:/MicroServices/manager/microservices/notification-service/src/main/java/com/revature/notification/service/NotificationService.java:[35,19] cannot find symbol
[ERROR]   symbol:   variable userRepository
[ERROR]   location: class com.revature.notification.service.NotificationService
[ERROR] /E:/MicroServices/manager/microservices/notification-service/src/main/java/com/revature/notification/service/NotificationService.java:[36,9] cannot find symbol
[ERROR]   symbol:   variable user
[ERROR]   location: class com.revature.notification.service.NotificationService
[ERROR] /E:/MicroServices/manager/microservices/notification-service/src/main/java/com/revature/notification/service/NotificationService.java:[42,17] cannot find symbol
[ERROR]   symbol:   variable user
[ERROR]   location: class com.revature.notification.service.NotificationService
[ERROR] -> [Help 1]
[ERROR] 
[ERROR] To see the full stack trace of the errors, re-run Maven with the -e switch.
[ERROR] Re-run Maven using the -X switch to enable full debug logging.
[ERROR] 
[ERROR] For more information about the errors and possible solutions, please read the following articles:
[ERROR] [Help 1] http://cwiki.apache.org/confluence/display/MAVEN/MojoFailureException
