[INFO] Scanning for projects...
[INFO] 
[INFO] --------------< com.revature.microservices:vault-service >--------------
[INFO] Building Vault Service 1.0.0
[INFO]   from pom.xml
[INFO] --------------------------------[ jar ]---------------------------------
[INFO] 
[INFO] --- clean:3.3.2:clean (default-clean) @ vault-service ---
[INFO] Deleting E:\MicroServices\manager\microservices\vault-service\target
[INFO] 
[INFO] --- resources:3.3.1:resources (default-resources) @ vault-service ---
[INFO] Copying 1 resource from src\main\resources to target\classes
[INFO] Copying 0 resource from src\main\resources to target\classes
[INFO] 
[INFO] --- compiler:3.11.0:compile (default-compile) @ vault-service ---
[INFO] Changes detected - recompiling the module! :source
[INFO] Compiling 135 source files with javac [debug release 21] to target\classes
[INFO] /E:/MicroServices/manager/microservices/vault-service/src/main/java/com/revature/vault/service/backup/ImportService.java: E:\MicroServices\manager\microservices\vault-service\src\main\java\com\revature\vault\service\backup\ImportService.java uses unchecked or unsafe operations.
[INFO] /E:/MicroServices/manager/microservices/vault-service/src/main/java/com/revature/vault/service/backup/ImportService.java: Recompile with -Xlint:unchecked for details.
[INFO] -------------------------------------------------------------
[ERROR] COMPILATION ERROR : 
[INFO] -------------------------------------------------------------
[ERROR] /E:/MicroServices/manager/microservices/vault-service/src/main/java/com/revature/vault/service/vault/VaultService.java:[597,16] method checkReadOnlyMode(com.revature.vault.client.UserClient.UserVaultDetails) is already defined in class com.revature.vault.service.vault.VaultService
[ERROR] /E:/MicroServices/manager/microservices/vault-service/src/main/java/com/revature/vault/service/vault/VaultService.java:[74,15] cannot find symbol
  symbol:   method getAccountStatus()
  location: variable user of type com.revature.vault.client.UserClient.UserVaultDetails
[ERROR] /E:/MicroServices/manager/microservices/vault-service/src/main/java/com/revature/vault/service/vault/VaultService.java:[74,69] cannot find symbol
  symbol:   method getAccountStatus()
  location: variable user of type com.revature.vault.client.UserClient.UserVaultDetails
[ERROR] /E:/MicroServices/manager/microservices/vault-service/src/main/java/com/revature/vault/service/vault/VaultService.java:[86,16] cannot find symbol
  symbol:   method getCategoryId()
  location: variable request of type com.revature.vault.dto.request.VaultEntryRequest
[ERROR] /E:/MicroServices/manager/microservices/vault-service/src/main/java/com/revature/vault/service/vault/VaultService.java:[87,53] cannot find symbol
  symbol:   method getCategoryId()
  location: variable request of type com.revature.vault.dto.request.VaultEntryRequest
[ERROR] /E:/MicroServices/manager/microservices/vault-service/src/main/java/com/revature/vault/service/vault/VaultService.java:[92,16] cannot find symbol
  symbol:   method getFolderId()
  location: variable request of type com.revature.vault.dto.request.VaultEntryRequest
[ERROR] /E:/MicroServices/manager/microservices/vault-service/src/main/java/com/revature/vault/service/vault/VaultService.java:[93,49] cannot find symbol
  symbol:   method getFolderId()
  location: variable request of type com.revature.vault.dto.request.VaultEntryRequest
[ERROR] /E:/MicroServices/manager/microservices/vault-service/src/main/java/com/revature/vault/service/vault/VaultService.java:[99,33] cannot find symbol
  symbol:   method getPassword()
  location: variable request of type com.revature.vault.dto.request.VaultEntryRequest
[ERROR] /E:/MicroServices/manager/microservices/vault-service/src/main/java/com/revature/vault/service/vault/VaultService.java:[99,65] cannot find symbol
  symbol:   method getPassword()
  location: variable request of type com.revature.vault.dto.request.VaultEntryRequest
[ERROR] /E:/MicroServices/manager/microservices/vault-service/src/main/java/com/revature/vault/service/vault/VaultService.java:[100,33] cannot find symbol
  symbol:   method getUsername()
  location: variable request of type com.revature.vault.dto.request.VaultEntryRequest
[ERROR] /E:/MicroServices/manager/microservices/vault-service/src/main/java/com/revature/vault/service/vault/VaultService.java:[100,65] cannot find symbol
  symbol:   method getUsername()
  location: variable request of type com.revature.vault.dto.request.VaultEntryRequest
[ERROR] /E:/MicroServices/manager/microservices/vault-service/src/main/java/com/revature/vault/service/vault/VaultService.java:[104,36] cannot find symbol
  symbol:   method getNotes()
  location: variable request of type com.revature.vault.dto.request.VaultEntryRequest
[ERROR] /E:/MicroServices/manager/microservices/vault-service/src/main/java/com/revature/vault/service/vault/VaultService.java:[104,91] cannot find symbol
  symbol:   method getNotes()
  location: variable request of type com.revature.vault.dto.request.VaultEntryRequest
[ERROR] /E:/MicroServices/manager/microservices/vault-service/src/main/java/com/revature/vault/service/vault/VaultService.java:[106,34] cannot find symbol
  symbol:   method builder()
  location: class com.revature.vault.model.vault.VaultEntry
[ERROR] /E:/MicroServices/manager/microservices/vault-service/src/main/java/com/revature/vault/service/vault/VaultService.java:[110,23] cannot find symbol
  symbol:   method getTitle()
  location: variable request of type com.revature.vault.dto.request.VaultEntryRequest
[ERROR] /E:/MicroServices/manager/microservices/vault-service/src/main/java/com/revature/vault/service/vault/VaultService.java:[113,28] cannot find symbol
  symbol:   method getWebsiteUrl()
  location: variable request of type com.revature.vault.dto.request.VaultEntryRequest
[ERROR] /E:/MicroServices/manager/microservices/vault-service/src/main/java/com/revature/vault/service/vault/VaultService.java:[115,28] cannot find symbol
  symbol:   method getIsFavorite()
  location: variable request of type com.revature.vault.dto.request.VaultEntryRequest
[ERROR] /E:/MicroServices/manager/microservices/vault-service/src/main/java/com/revature/vault/service/vault/VaultService.java:[115,62] cannot find symbol
  symbol:   method getIsFavorite()
  location: variable request of type com.revature.vault.dto.request.VaultEntryRequest
[ERROR] /E:/MicroServices/manager/microservices/vault-service/src/main/java/com/revature/vault/service/vault/VaultService.java:[116,35] cannot find symbol
  symbol:   method getIsHighlySensitive()
  location: variable request of type com.revature.vault.dto.request.VaultEntryRequest
[ERROR] /E:/MicroServices/manager/microservices/vault-service/src/main/java/com/revature/vault/service/vault/VaultService.java:[116,76] cannot find symbol
  symbol:   method getIsHighlySensitive()
  location: variable request of type com.revature.vault.dto.request.VaultEntryRequest
[ERROR] /E:/MicroServices/manager/microservices/vault-service/src/main/java/com/revature/vault/service/vault/VaultService.java:[121,87] cannot find symbol
  symbol:   method getTitle()
  location: variable savedEntry of type com.revature.vault.model.vault.VaultEntry
[ERROR] /E:/MicroServices/manager/microservices/vault-service/src/main/java/com/revature/vault/service/vault/VaultService.java:[124,56] cannot find symbol
  symbol:   method getTitle()
  location: variable savedEntry of type com.revature.vault.model.vault.VaultEntry
[ERROR] /E:/MicroServices/manager/microservices/vault-service/src/main/java/com/revature/vault/service/vault/VaultService.java:[137,25] cannot find symbol
  symbol:   method getId()
  location: variable e of type com.revature.vault.model.vault.VaultEntry
[ERROR] /E:/MicroServices/manager/microservices/vault-service/src/main/java/com/revature/vault/service/vault/VaultService.java:[140,46] cannot find symbol
  symbol:   method getUsername()
  location: variable dummy of type com.revature.vault.model.vault.VaultEntry
[ERROR] /E:/MicroServices/manager/microservices/vault-service/src/main/java/com/revature/vault/service/vault/VaultService.java:[152,34] cannot find symbol
  symbol:   method getIsHighlySensitive()
  location: variable entry of type com.revature.vault.model.vault.VaultEntry
[ERROR] /E:/MicroServices/manager/microservices/vault-service/src/main/java/com/revature/vault/service/vault/VaultService.java:[159,58] cannot find symbol
  symbol:   method getPassword()
  location: variable entry of type com.revature.vault.model.vault.VaultEntry
[ERROR] /E:/MicroServices/manager/microservices/vault-service/src/main/java/com/revature/vault/service/vault/VaultService.java:[160,58] cannot find symbol
  symbol:   method getUsername()
  location: variable entry of type com.revature.vault.model.vault.VaultEntry
[ERROR] /E:/MicroServices/manager/microservices/vault-service/src/main/java/com/revature/vault/service/vault/VaultService.java:[161,29] cannot find symbol
  symbol:   method getNotes()
  location: variable entry of type com.revature.vault.model.vault.VaultEntry
[ERROR] /E:/MicroServices/manager/microservices/vault-service/src/main/java/com/revature/vault/service/vault/VaultService.java:[161,82] cannot find symbol
  symbol:   method getNotes()
  location: variable entry of type com.revature.vault.model.vault.VaultEntry
[ERROR] /E:/MicroServices/manager/microservices/vault-service/src/main/java/com/revature/vault/service/vault/VaultService.java:[196,16] cannot find symbol
  symbol:   method getTitle()
  location: variable request of type com.revature.vault.dto.request.VaultEntryRequest
[ERROR] /E:/MicroServices/manager/microservices/vault-service/src/main/java/com/revature/vault/service/vault/VaultService.java:[197,29] cannot find symbol
  symbol:   method getTitle()
  location: variable request of type com.revature.vault.dto.request.VaultEntryRequest
[ERROR] /E:/MicroServices/manager/microservices/vault-service/src/main/java/com/revature/vault/service/vault/VaultService.java:[198,16] cannot find symbol
  symbol:   method getWebsiteUrl()
  location: variable request of type com.revature.vault.dto.request.VaultEntryRequest
[ERROR] /E:/MicroServices/manager/microservices/vault-service/src/main/java/com/revature/vault/service/vault/VaultService.java:[199,34] cannot find symbol
  symbol:   method getWebsiteUrl()
  location: variable request of type com.revature.vault.dto.request.VaultEntryRequest
[ERROR] /E:/MicroServices/manager/microservices/vault-service/src/main/java/com/revature/vault/service/vault/VaultService.java:[200,16] cannot find symbol
  symbol:   method getIsFavorite()
  location: variable request of type com.revature.vault.dto.request.VaultEntryRequest
[ERROR] /E:/MicroServices/manager/microservices/vault-service/src/main/java/com/revature/vault/service/vault/VaultService.java:[201,34] cannot find symbol
  symbol:   method getIsFavorite()
  location: variable request of type com.revature.vault.dto.request.VaultEntryRequest
[ERROR] /E:/MicroServices/manager/microservices/vault-service/src/main/java/com/revature/vault/service/vault/VaultService.java:[202,16] cannot find symbol
  symbol:   method getIsHighlySensitive()
  location: variable request of type com.revature.vault.dto.request.VaultEntryRequest
[ERROR] /E:/MicroServices/manager/microservices/vault-service/src/main/java/com/revature/vault/service/vault/VaultService.java:[203,41] cannot find symbol
  symbol:   method getIsHighlySensitive()
  location: variable request of type com.revature.vault.dto.request.VaultEntryRequest
[ERROR] /E:/MicroServices/manager/microservices/vault-service/src/main/java/com/revature/vault/service/vault/VaultService.java:[205,16] cannot find symbol
  symbol:   method getCategoryId()
  location: variable request of type com.revature.vault.dto.request.VaultEntryRequest
[ERROR] /E:/MicroServices/manager/microservices/vault-service/src/main/java/com/revature/vault/service/vault/VaultService.java:[206,62] cannot find symbol
  symbol:   method getCategoryId()
  location: variable request of type com.revature.vault.dto.request.VaultEntryRequest
[ERROR] /E:/MicroServices/manager/microservices/vault-service/src/main/java/com/revature/vault/service/vault/VaultService.java:[208,12] cannot find symbol
  symbol:   method setCategory(com.revature.vault.model.vault.Category)
  location: variable entry of type com.revature.vault.model.vault.VaultEntry
[ERROR] /E:/MicroServices/manager/microservices/vault-service/src/main/java/com/revature/vault/service/vault/VaultService.java:[211,16] cannot find symbol
  symbol:   method getFolderId()
  location: variable request of type com.revature.vault.dto.request.VaultEntryRequest
[ERROR] /E:/MicroServices/manager/microservices/vault-service/src/main/java/com/revature/vault/service/vault/VaultService.java:[212,56] cannot find symbol
  symbol:   method getFolderId()
  location: variable request of type com.revature.vault.dto.request.VaultEntryRequest
[ERROR] /E:/MicroServices/manager/microservices/vault-service/src/main/java/com/revature/vault/service/vault/VaultService.java:[214,12] cannot find symbol
  symbol:   method setFolder(com.revature.vault.model.vault.Folder)
  location: variable entry of type com.revature.vault.model.vault.VaultEntry
[ERROR] /E:/MicroServices/manager/microservices/vault-service/src/main/java/com/revature/vault/service/vault/VaultService.java:[217,16] cannot find symbol
  symbol:   method getPassword()
  location: variable request of type com.revature.vault.dto.request.VaultEntryRequest
[ERROR] /E:/MicroServices/manager/microservices/vault-service/src/main/java/com/revature/vault/service/vault/VaultService.java:[217,50] cannot find symbol
  symbol:   method getPassword()
  location: variable request of type com.revature.vault.dto.request.VaultEntryRequest
[ERROR] /E:/MicroServices/manager/microservices/vault-service/src/main/java/com/revature/vault/service/vault/VaultService.java:[220,58] cannot find symbol
  symbol:   method getPassword()
  location: variable request of type com.revature.vault.dto.request.VaultEntryRequest
[ERROR] /E:/MicroServices/manager/microservices/vault-service/src/main/java/com/revature/vault/service/vault/VaultService.java:[226,25] cannot find symbol
  symbol:   method getVaultEntry()
  location: variable s of type com.revature.vault.model.sharing.SecureShare
[ERROR] /E:/MicroServices/manager/microservices/vault-service/src/main/java/com/revature/vault/service/vault/VaultService.java:[226,62] cannot find symbol
  symbol:   method getId()
  location: variable entry of type com.revature.vault.model.vault.VaultEntry
[ERROR] /E:/MicroServices/manager/microservices/vault-service/src/main/java/com/revature/vault/service/vault/VaultService.java:[228,14] cannot find symbol
  symbol:   method setRevoked(boolean)
  location: variable s of type com.revature.vault.model.sharing.SecureShare
[ERROR] /E:/MicroServices/manager/microservices/vault-service/src/main/java/com/revature/vault/service/vault/VaultService.java:[232,16] cannot find symbol
  symbol:   method getUsername()
  location: variable request of type com.revature.vault.dto.request.VaultEntryRequest
[ERROR] /E:/MicroServices/manager/microservices/vault-service/src/main/java/com/revature/vault/service/vault/VaultService.java:[232,50] cannot find symbol
  symbol:   method getUsername()
  location: variable request of type com.revature.vault.dto.request.VaultEntryRequest
[ERROR] /E:/MicroServices/manager/microservices/vault-service/src/main/java/com/revature/vault/service/vault/VaultService.java:[233,58] cannot find symbol
  symbol:   method getUsername()
  location: variable request of type com.revature.vault.dto.request.VaultEntryRequest
[ERROR] /E:/MicroServices/manager/microservices/vault-service/src/main/java/com/revature/vault/service/vault/VaultService.java:[235,16] cannot find symbol
  symbol:   method getNotes()
  location: variable request of type com.revature.vault.dto.request.VaultEntryRequest
[ERROR] /E:/MicroServices/manager/microservices/vault-service/src/main/java/com/revature/vault/service/vault/VaultService.java:[235,47] cannot find symbol
  symbol:   method getNotes()
  location: variable request of type com.revature.vault.dto.request.VaultEntryRequest
[ERROR] /E:/MicroServices/manager/microservices/vault-service/src/main/java/com/revature/vault/service/vault/VaultService.java:[236,55] cannot find symbol
  symbol:   method getNotes()
  location: variable request of type com.revature.vault.dto.request.VaultEntryRequest
[ERROR] /E:/MicroServices/manager/microservices/vault-service/src/main/java/com/revature/vault/service/vault/VaultService.java:[241,87] cannot find symbol
  symbol:   method getTitle()
  location: variable savedEntry of type com.revature.vault.model.vault.VaultEntry
[ERROR] /E:/MicroServices/manager/microservices/vault-service/src/main/java/com/revature/vault/service/vault/VaultService.java:[244,54] cannot find symbol
  symbol:   method getTitle()
  location: variable savedEntry of type com.revature.vault.model.vault.VaultEntry
[ERROR] /E:/MicroServices/manager/microservices/vault-service/src/main/java/com/revature/vault/service/vault/VaultService.java:[246,16] cannot find symbol
  symbol:   method getPassword()
  location: variable request of type com.revature.vault.dto.request.VaultEntryRequest
[ERROR] /E:/MicroServices/manager/microservices/vault-service/src/main/java/com/revature/vault/service/vault/VaultService.java:[262,10] cannot find symbol
  symbol:   method setIsDeleted(boolean)
  location: variable entry of type com.revature.vault.model.vault.VaultEntry
[ERROR] /E:/MicroServices/manager/microservices/vault-service/src/main/java/com/revature/vault/service/vault/VaultService.java:[263,10] cannot find symbol
  symbol:   method setDeletedAt(java.time.LocalDateTime)
  location: variable entry of type com.revature.vault.model.vault.VaultEntry
[ERROR] /E:/MicroServices/manager/microservices/vault-service/src/main/java/com/revature/vault/service/vault/VaultService.java:[266,82] cannot find symbol
  symbol:   method getTitle()
  location: variable entry of type com.revature.vault.model.vault.VaultEntry
[ERROR] /E:/MicroServices/manager/microservices/vault-service/src/main/java/com/revature/vault/service/vault/VaultService.java:[269,46] cannot find symbol
  symbol:   method getTitle()
  location: variable entry of type com.revature.vault.model.vault.VaultEntry
[ERROR] /E:/MicroServices/manager/microservices/vault-service/src/main/java/com/revature/vault/service/vault/VaultService.java:[280,51] cannot find symbol
  symbol:   method getIsFavorite()
  location: variable entry of type com.revature.vault.model.vault.VaultEntry
[ERROR] /E:/MicroServices/manager/microservices/vault-service/src/main/java/com/revature/vault/service/vault/VaultService.java:[283,50] cannot find symbol
  symbol:   method getIsFavorite()
  location: variable entry of type com.revature.vault.model.vault.VaultEntry
[ERROR] /E:/MicroServices/manager/microservices/vault-service/src/main/java/com/revature/vault/service/vault/VaultService.java:[284,50] cannot find symbol
  symbol:   method getIsFavorite()
  location: variable entry of type com.revature.vault.model.vault.VaultEntry
[ERROR] /E:/MicroServices/manager/microservices/vault-service/src/main/java/com/revature/vault/service/vault/VaultService.java:[285,51] cannot find symbol
  symbol:   method getIsFavorite()
  location: variable entry of type com.revature.vault.model.vault.VaultEntry
[ERROR] /E:/MicroServices/manager/microservices/vault-service/src/main/java/com/revature/vault/service/vault/VaultService.java:[288,59] cannot find symbol
  symbol:   method getTitle()
  location: variable entry of type com.revature.vault.model.vault.VaultEntry
[ERROR] /E:/MicroServices/manager/microservices/vault-service/src/main/java/com/revature/vault/service/vault/VaultService.java:[380,58] cannot find symbol
  symbol:   method getIsHighlySensitive()
  location: variable entry of type com.revature.vault.model.vault.VaultEntry
[ERROR] /E:/MicroServices/manager/microservices/vault-service/src/main/java/com/revature/vault/service/vault/VaultService.java:[383,101] cannot find symbol
  symbol:   method getTitle()
  location: variable entry of type com.revature.vault.model.vault.VaultEntry
[ERROR] /E:/MicroServices/manager/microservices/vault-service/src/main/java/com/revature/vault/service/vault/VaultService.java:[401,30] invalid method reference
  cannot find symbol
    symbol:   method getCreatedAt()
    location: class com.revature.vault.model.vault.VaultEntry
[ERROR] /E:/MicroServices/manager/microservices/vault-service/src/main/java/com/revature/vault/service/vault/VaultService.java:[403,30] invalid method reference
  cannot find symbol
    symbol:   method getUpdatedAt()
    location: class com.revature.vault.model.vault.VaultEntry
[ERROR] /E:/MicroServices/manager/microservices/vault-service/src/main/java/com/revature/vault/service/vault/VaultService.java:[404,39] invalid method reference
  cannot find symbol
    symbol:   method getTitle()
    location: class com.revature.vault.model.vault.VaultEntry
[ERROR] /E:/MicroServices/manager/microservices/vault-service/src/main/java/com/revature/vault/service/vault/VaultService.java:[426,24] cannot find symbol
  symbol:   method getUserId()
  location: variable e of type com.revature.vault.model.vault.VaultEntry
[ERROR] /E:/MicroServices/manager/microservices/vault-service/src/main/java/com/revature/vault/service/vault/VaultService.java:[434,8] cannot find symbol
  symbol:   method setIsDeleted(boolean)
  location: variable e of type com.revature.vault.model.vault.VaultEntry
[ERROR] /E:/MicroServices/manager/microservices/vault-service/src/main/java/com/revature/vault/service/vault/VaultService.java:[435,8] cannot find symbol
  symbol:   method setDeletedAt(java.time.LocalDateTime)
  location: variable e of type com.revature.vault.model.vault.VaultEntry
[ERROR] /E:/MicroServices/manager/microservices/vault-service/src/main/java/com/revature/vault/service/vault/VaultService.java:[436,80] cannot find symbol
  symbol:   method getTitle()
  location: variable e of type com.revature.vault.model.vault.VaultEntry
[ERROR] /E:/MicroServices/manager/microservices/vault-service/src/main/java/com/revature/vault/service/vault/VaultService.java:[438,44] cannot find symbol
  symbol:   method getTitle()
  location: variable e of type com.revature.vault.model.vault.VaultEntry
[ERROR] /E:/MicroServices/manager/microservices/vault-service/src/main/java/com/revature/vault/service/vault/VaultService.java:[455,34] cannot find symbol
  symbol:   method getIsHighlySensitive()
  location: variable entry of type com.revature.vault.model.vault.VaultEntry
[ERROR] /E:/MicroServices/manager/microservices/vault-service/src/main/java/com/revature/vault/service/vault/VaultService.java:[460,96] cannot find symbol
  symbol:   method getTitle()
  location: variable entry of type com.revature.vault.model.vault.VaultEntry
[ERROR] /E:/MicroServices/manager/microservices/vault-service/src/main/java/com/revature/vault/service/vault/VaultService.java:[464,43] cannot find symbol
  symbol:   method getPassword()
  location: variable entry of type com.revature.vault.model.vault.VaultEntry
[ERROR] /E:/MicroServices/manager/microservices/vault-service/src/main/java/com/revature/vault/service/vault/VaultService.java:[480,15] cannot find symbol
  symbol:   class UsernamePasswordAuthenticationToken
  location: class com.revature.vault.service.vault.VaultService
[ERROR] /E:/MicroServices/manager/microservices/vault-service/src/main/java/com/revature/vault/service/vault/VaultService.java:[480,78] cannot find symbol
  symbol:   method getMasterPassword()
  location: variable request of type com.revature.vault.dto.request.SensitiveAccessRequest
[ERROR] /E:/MicroServices/manager/microservices/vault-service/src/main/java/com/revature/vault/service/vault/VaultService.java:[479,7] cannot find symbol
  symbol:   variable authenticationManager
  location: class com.revature.vault.service.vault.VaultService
[ERROR] /E:/MicroServices/manager/microservices/vault-service/src/main/java/com/revature/vault/service/vault/VaultService.java:[507,58] cannot find symbol
  symbol:   method getPassword()
  location: variable entry of type com.revature.vault.model.vault.VaultEntry
[ERROR] /E:/MicroServices/manager/microservices/vault-service/src/main/java/com/revature/vault/service/vault/VaultService.java:[508,58] cannot find symbol
  symbol:   method getUsername()
  location: variable entry of type com.revature.vault.model.vault.VaultEntry
[ERROR] /E:/MicroServices/manager/microservices/vault-service/src/main/java/com/revature/vault/service/vault/VaultService.java:[509,29] cannot find symbol
  symbol:   method getNotes()
  location: variable entry of type com.revature.vault.model.vault.VaultEntry
[ERROR] /E:/MicroServices/manager/microservices/vault-service/src/main/java/com/revature/vault/service/vault/VaultService.java:[509,82] cannot find symbol
  symbol:   method getNotes()
  location: variable entry of type com.revature.vault.model.vault.VaultEntry
[ERROR] /E:/MicroServices/manager/microservices/vault-service/src/main/java/com/revature/vault/service/vault/VaultService.java:[531,53] cannot find symbol
  symbol:   method getPassword()
  location: variable entry of type com.revature.vault.model.vault.VaultEntry
[ERROR] /E:/MicroServices/manager/microservices/vault-service/src/main/java/com/revature/vault/service/vault/VaultService.java:[540,30] cannot find symbol
  symbol:   method builder()
  location: class com.revature.vault.dto.response.VaultEntryResponse
[ERROR] /E:/MicroServices/manager/microservices/vault-service/src/main/java/com/revature/vault/service/vault/VaultService.java:[541,18] cannot find symbol
  symbol:   method getId()
  location: variable entry of type com.revature.vault.model.vault.VaultEntry
[ERROR] /E:/MicroServices/manager/microservices/vault-service/src/main/java/com/revature/vault/service/vault/VaultService.java:[542,21] cannot find symbol
  symbol:   method getTitle()
  location: variable entry of type com.revature.vault.model.vault.VaultEntry
[ERROR] /E:/MicroServices/manager/microservices/vault-service/src/main/java/com/revature/vault/service/vault/VaultService.java:[544,26] cannot find symbol
  symbol:   method getWebsiteUrl()
  location: variable entry of type com.revature.vault.model.vault.VaultEntry
[ERROR] /E:/MicroServices/manager/microservices/vault-service/src/main/java/com/revature/vault/service/vault/VaultService.java:[545,26] cannot find symbol
  symbol:   method getCategory()
  location: variable entry of type com.revature.vault.model.vault.VaultEntry
[ERROR] /E:/MicroServices/manager/microservices/vault-service/src/main/java/com/revature/vault/service/vault/VaultService.java:[545,56] cannot find symbol
  symbol:   method getCategory()
  location: variable entry of type com.revature.vault.model.vault.VaultEntry
[ERROR] /E:/MicroServices/manager/microservices/vault-service/src/main/java/com/revature/vault/service/vault/VaultService.java:[546,28] cannot find symbol
  symbol:   method getCategory()
  location: variable entry of type com.revature.vault.model.vault.VaultEntry
[ERROR] /E:/MicroServices/manager/microservices/vault-service/src/main/java/com/revature/vault/service/vault/VaultService.java:[546,58] cannot find symbol
  symbol:   method getCategory()
  location: variable entry of type com.revature.vault.model.vault.VaultEntry
[ERROR] /E:/MicroServices/manager/microservices/vault-service/src/main/java/com/revature/vault/service/vault/VaultService.java:[547,24] cannot find symbol
  symbol:   method getFolder()
  location: variable entry of type com.revature.vault.model.vault.VaultEntry
[ERROR] /E:/MicroServices/manager/microservices/vault-service/src/main/java/com/revature/vault/service/vault/VaultService.java:[547,52] cannot find symbol
  symbol:   method getFolder()
  location: variable entry of type com.revature.vault.model.vault.VaultEntry
[ERROR] /E:/MicroServices/manager/microservices/vault-service/src/main/java/com/revature/vault/service/vault/VaultService.java:[548,26] cannot find symbol
  symbol:   method getFolder()
  location: variable entry of type com.revature.vault.model.vault.VaultEntry
[ERROR] /E:/MicroServices/manager/microservices/vault-service/src/main/java/com/revature/vault/service/vault/VaultService.java:[548,54] cannot find symbol
  symbol:   method getFolder()
  location: variable entry of type com.revature.vault.model.vault.VaultEntry
[INFO] 100 errors 
[INFO] -------------------------------------------------------------
[INFO] ------------------------------------------------------------------------
[INFO] BUILD FAILURE
[INFO] ------------------------------------------------------------------------
[INFO] Total time:  6.264 s
[INFO] Finished at: 2026-03-13T00:06:15+05:30
[INFO] ------------------------------------------------------------------------
[ERROR] Failed to execute goal org.apache.maven.plugins:maven-compiler-plugin:3.11.0:compile (default-compile) on project vault-service: Compilation failure: Compilation failure: 
[ERROR] /E:/MicroServices/manager/microservices/vault-service/src/main/java/com/revature/vault/service/vault/VaultService.java:[597,16] method checkReadOnlyMode(com.revature.vault.client.UserClient.UserVaultDetails) is already defined in class com.revature.vault.service.vault.VaultService
[ERROR] /E:/MicroServices/manager/microservices/vault-service/src/main/java/com/revature/vault/service/vault/VaultService.java:[74,15] cannot find symbol
[ERROR]   symbol:   method getAccountStatus()
[ERROR]   location: variable user of type com.revature.vault.client.UserClient.UserVaultDetails
[ERROR] /E:/MicroServices/manager/microservices/vault-service/src/main/java/com/revature/vault/service/vault/VaultService.java:[74,69] cannot find symbol
[ERROR]   symbol:   method getAccountStatus()
[ERROR]   location: variable user of type com.revature.vault.client.UserClient.UserVaultDetails
[ERROR] /E:/MicroServices/manager/microservices/vault-service/src/main/java/com/revature/vault/service/vault/VaultService.java:[86,16] cannot find symbol
[ERROR]   symbol:   method getCategoryId()
[ERROR]   location: variable request of type com.revature.vault.dto.request.VaultEntryRequest
[ERROR] /E:/MicroServices/manager/microservices/vault-service/src/main/java/com/revature/vault/service/vault/VaultService.java:[87,53] cannot find symbol
[ERROR]   symbol:   method getCategoryId()
[ERROR]   location: variable request of type com.revature.vault.dto.request.VaultEntryRequest
[ERROR] /E:/MicroServices/manager/microservices/vault-service/src/main/java/com/revature/vault/service/vault/VaultService.java:[92,16] cannot find symbol
[ERROR]   symbol:   method getFolderId()
[ERROR]   location: variable request of type com.revature.vault.dto.request.VaultEntryRequest
[ERROR] /E:/MicroServices/manager/microservices/vault-service/src/main/java/com/revature/vault/service/vault/VaultService.java:[93,49] cannot find symbol
[ERROR]   symbol:   method getFolderId()
[ERROR]   location: variable request of type com.revature.vault.dto.request.VaultEntryRequest
[ERROR] /E:/MicroServices/manager/microservices/vault-service/src/main/java/com/revature/vault/service/vault/VaultService.java:[99,33] cannot find symbol
[ERROR]   symbol:   method getPassword()
[ERROR]   location: variable request of type com.revature.vault.dto.request.VaultEntryRequest
[ERROR] /E:/MicroServices/manager/microservices/vault-service/src/main/java/com/revature/vault/service/vault/VaultService.java:[99,65] cannot find symbol
[ERROR]   symbol:   method getPassword()
[ERROR]   location: variable request of type com.revature.vault.dto.request.VaultEntryRequest
[ERROR] /E:/MicroServices/manager/microservices/vault-service/src/main/java/com/revature/vault/service/vault/VaultService.java:[100,33] cannot find symbol
[ERROR]   symbol:   method getUsername()
[ERROR]   location: variable request of type com.revature.vault.dto.request.VaultEntryRequest
[ERROR] /E:/MicroServices/manager/microservices/vault-service/src/main/java/com/revature/vault/service/vault/VaultService.java:[100,65] cannot find symbol
[ERROR]   symbol:   method getUsername()
[ERROR]   location: variable request of type com.revature.vault.dto.request.VaultEntryRequest
[ERROR] /E:/MicroServices/manager/microservices/vault-service/src/main/java/com/revature/vault/service/vault/VaultService.java:[104,36] cannot find symbol
[ERROR]   symbol:   method getNotes()
[ERROR]   location: variable request of type com.revature.vault.dto.request.VaultEntryRequest
[ERROR] /E:/MicroServices/manager/microservices/vault-service/src/main/java/com/revature/vault/service/vault/VaultService.java:[104,91] cannot find symbol
[ERROR]   symbol:   method getNotes()
[ERROR]   location: variable request of type com.revature.vault.dto.request.VaultEntryRequest
[ERROR] /E:/MicroServices/manager/microservices/vault-service/src/main/java/com/revature/vault/service/vault/VaultService.java:[106,34] cannot find symbol
[ERROR]   symbol:   method builder()
[ERROR]   location: class com.revature.vault.model.vault.VaultEntry
[ERROR] /E:/MicroServices/manager/microservices/vault-service/src/main/java/com/revature/vault/service/vault/VaultService.java:[110,23] cannot find symbol
[ERROR]   symbol:   method getTitle()
[ERROR]   location: variable request of type com.revature.vault.dto.request.VaultEntryRequest
[ERROR] /E:/MicroServices/manager/microservices/vault-service/src/main/java/com/revature/vault/service/vault/VaultService.java:[113,28] cannot find symbol
[ERROR]   symbol:   method getWebsiteUrl()
[ERROR]   location: variable request of type com.revature.vault.dto.request.VaultEntryRequest
[ERROR] /E:/MicroServices/manager/microservices/vault-service/src/main/java/com/revature/vault/service/vault/VaultService.java:[115,28] cannot find symbol
[ERROR]   symbol:   method getIsFavorite()
[ERROR]   location: variable request of type com.revature.vault.dto.request.VaultEntryRequest
[ERROR] /E:/MicroServices/manager/microservices/vault-service/src/main/java/com/revature/vault/service/vault/VaultService.java:[115,62] cannot find symbol
[ERROR]   symbol:   method getIsFavorite()
[ERROR]   location: variable request of type com.revature.vault.dto.request.VaultEntryRequest
[ERROR] /E:/MicroServices/manager/microservices/vault-service/src/main/java/com/revature/vault/service/vault/VaultService.java:[116,35] cannot find symbol
[ERROR]   symbol:   method getIsHighlySensitive()
[ERROR]   location: variable request of type com.revature.vault.dto.request.VaultEntryRequest
[ERROR] /E:/MicroServices/manager/microservices/vault-service/src/main/java/com/revature/vault/service/vault/VaultService.java:[116,76] cannot find symbol
[ERROR]   symbol:   method getIsHighlySensitive()
[ERROR]   location: variable request of type com.revature.vault.dto.request.VaultEntryRequest
[ERROR] /E:/MicroServices/manager/microservices/vault-service/src/main/java/com/revature/vault/service/vault/VaultService.java:[121,87] cannot find symbol
[ERROR]   symbol:   method getTitle()
[ERROR]   location: variable savedEntry of type com.revature.vault.model.vault.VaultEntry
[ERROR] /E:/MicroServices/manager/microservices/vault-service/src/main/java/com/revature/vault/service/vault/VaultService.java:[124,56] cannot find symbol
[ERROR]   symbol:   method getTitle()
[ERROR]   location: variable savedEntry of type com.revature.vault.model.vault.VaultEntry
[ERROR] /E:/MicroServices/manager/microservices/vault-service/src/main/java/com/revature/vault/service/vault/VaultService.java:[137,25] cannot find symbol
[ERROR]   symbol:   method getId()
[ERROR]   location: variable e of type com.revature.vault.model.vault.VaultEntry
[ERROR] /E:/MicroServices/manager/microservices/vault-service/src/main/java/com/revature/vault/service/vault/VaultService.java:[140,46] cannot find symbol
[ERROR]   symbol:   method getUsername()
[ERROR]   location: variable dummy of type com.revature.vault.model.vault.VaultEntry
[ERROR] /E:/MicroServices/manager/microservices/vault-service/src/main/java/com/revature/vault/service/vault/VaultService.java:[152,34] cannot find symbol
[ERROR]   symbol:   method getIsHighlySensitive()
[ERROR]   location: variable entry of type com.revature.vault.model.vault.VaultEntry
[ERROR] /E:/MicroServices/manager/microservices/vault-service/src/main/java/com/revature/vault/service/vault/VaultService.java:[159,58] cannot find symbol
[ERROR]   symbol:   method getPassword()
[ERROR]   location: variable entry of type com.revature.vault.model.vault.VaultEntry
[ERROR] /E:/MicroServices/manager/microservices/vault-service/src/main/java/com/revature/vault/service/vault/VaultService.java:[160,58] cannot find symbol
[ERROR]   symbol:   method getUsername()
[ERROR]   location: variable entry of type com.revature.vault.model.vault.VaultEntry
[ERROR] /E:/MicroServices/manager/microservices/vault-service/src/main/java/com/revature/vault/service/vault/VaultService.java:[161,29] cannot find symbol
[ERROR]   symbol:   method getNotes()
[ERROR]   location: variable entry of type com.revature.vault.model.vault.VaultEntry
[ERROR] /E:/MicroServices/manager/microservices/vault-service/src/main/java/com/revature/vault/service/vault/VaultService.java:[161,82] cannot find symbol
[ERROR]   symbol:   method getNotes()
[ERROR]   location: variable entry of type com.revature.vault.model.vault.VaultEntry
[ERROR] /E:/MicroServices/manager/microservices/vault-service/src/main/java/com/revature/vault/service/vault/VaultService.java:[196,16] cannot find symbol
[ERROR]   symbol:   method getTitle()
[ERROR]   location: variable request of type com.revature.vault.dto.request.VaultEntryRequest
[ERROR] /E:/MicroServices/manager/microservices/vault-service/src/main/java/com/revature/vault/service/vault/VaultService.java:[197,29] cannot find symbol
[ERROR]   symbol:   method getTitle()
[ERROR]   location: variable request of type com.revature.vault.dto.request.VaultEntryRequest
[ERROR] /E:/MicroServices/manager/microservices/vault-service/src/main/java/com/revature/vault/service/vault/VaultService.java:[198,16] cannot find symbol
[ERROR]   symbol:   method getWebsiteUrl()
[ERROR]   location: variable request of type com.revature.vault.dto.request.VaultEntryRequest
[ERROR] /E:/MicroServices/manager/microservices/vault-service/src/main/java/com/revature/vault/service/vault/VaultService.java:[199,34] cannot find symbol
[ERROR]   symbol:   method getWebsiteUrl()
[ERROR]   location: variable request of type com.revature.vault.dto.request.VaultEntryRequest
[ERROR] /E:/MicroServices/manager/microservices/vault-service/src/main/java/com/revature/vault/service/vault/VaultService.java:[200,16] cannot find symbol
[ERROR]   symbol:   method getIsFavorite()
[ERROR]   location: variable request of type com.revature.vault.dto.request.VaultEntryRequest
[ERROR] /E:/MicroServices/manager/microservices/vault-service/src/main/java/com/revature/vault/service/vault/VaultService.java:[201,34] cannot find symbol
[ERROR]   symbol:   method getIsFavorite()
[ERROR]   location: variable request of type com.revature.vault.dto.request.VaultEntryRequest
[ERROR] /E:/MicroServices/manager/microservices/vault-service/src/main/java/com/revature/vault/service/vault/VaultService.java:[202,16] cannot find symbol
[ERROR]   symbol:   method getIsHighlySensitive()
[ERROR]   location: variable request of type com.revature.vault.dto.request.VaultEntryRequest
[ERROR] /E:/MicroServices/manager/microservices/vault-service/src/main/java/com/revature/vault/service/vault/VaultService.java:[203,41] cannot find symbol
[ERROR]   symbol:   method getIsHighlySensitive()
[ERROR]   location: variable request of type com.revature.vault.dto.request.VaultEntryRequest
[ERROR] /E:/MicroServices/manager/microservices/vault-service/src/main/java/com/revature/vault/service/vault/VaultService.java:[205,16] cannot find symbol
[ERROR]   symbol:   method getCategoryId()
[ERROR]   location: variable request of type com.revature.vault.dto.request.VaultEntryRequest
[ERROR] /E:/MicroServices/manager/microservices/vault-service/src/main/java/com/revature/vault/service/vault/VaultService.java:[206,62] cannot find symbol
[ERROR]   symbol:   method getCategoryId()
[ERROR]   location: variable request of type com.revature.vault.dto.request.VaultEntryRequest
[ERROR] /E:/MicroServices/manager/microservices/vault-service/src/main/java/com/revature/vault/service/vault/VaultService.java:[208,12] cannot find symbol
[ERROR]   symbol:   method setCategory(com.revature.vault.model.vault.Category)
[ERROR]   location: variable entry of type com.revature.vault.model.vault.VaultEntry
[ERROR] /E:/MicroServices/manager/microservices/vault-service/src/main/java/com/revature/vault/service/vault/VaultService.java:[211,16] cannot find symbol
[ERROR]   symbol:   method getFolderId()
[ERROR]   location: variable request of type com.revature.vault.dto.request.VaultEntryRequest
[ERROR] /E:/MicroServices/manager/microservices/vault-service/src/main/java/com/revature/vault/service/vault/VaultService.java:[212,56] cannot find symbol
[ERROR]   symbol:   method getFolderId()
[ERROR]   location: variable request of type com.revature.vault.dto.request.VaultEntryRequest
[ERROR] /E:/MicroServices/manager/microservices/vault-service/src/main/java/com/revature/vault/service/vault/VaultService.java:[214,12] cannot find symbol
[ERROR]   symbol:   method setFolder(com.revature.vault.model.vault.Folder)
[ERROR]   location: variable entry of type com.revature.vault.model.vault.VaultEntry
[ERROR] /E:/MicroServices/manager/microservices/vault-service/src/main/java/com/revature/vault/service/vault/VaultService.java:[217,16] cannot find symbol
[ERROR]   symbol:   method getPassword()
[ERROR]   location: variable request of type com.revature.vault.dto.request.VaultEntryRequest
[ERROR] /E:/MicroServices/manager/microservices/vault-service/src/main/java/com/revature/vault/service/vault/VaultService.java:[217,50] cannot find symbol
[ERROR]   symbol:   method getPassword()
[ERROR]   location: variable request of type com.revature.vault.dto.request.VaultEntryRequest
[ERROR] /E:/MicroServices/manager/microservices/vault-service/src/main/java/com/revature/vault/service/vault/VaultService.java:[220,58] cannot find symbol
[ERROR]   symbol:   method getPassword()
[ERROR]   location: variable request of type com.revature.vault.dto.request.VaultEntryRequest
[ERROR] /E:/MicroServices/manager/microservices/vault-service/src/main/java/com/revature/vault/service/vault/VaultService.java:[226,25] cannot find symbol
[ERROR]   symbol:   method getVaultEntry()
[ERROR]   location: variable s of type com.revature.vault.model.sharing.SecureShare
[ERROR] /E:/MicroServices/manager/microservices/vault-service/src/main/java/com/revature/vault/service/vault/VaultService.java:[226,62] cannot find symbol
[ERROR]   symbol:   method getId()
[ERROR]   location: variable entry of type com.revature.vault.model.vault.VaultEntry
[ERROR] /E:/MicroServices/manager/microservices/vault-service/src/main/java/com/revature/vault/service/vault/VaultService.java:[228,14] cannot find symbol
[ERROR]   symbol:   method setRevoked(boolean)
[ERROR]   location: variable s of type com.revature.vault.model.sharing.SecureShare
[ERROR] /E:/MicroServices/manager/microservices/vault-service/src/main/java/com/revature/vault/service/vault/VaultService.java:[232,16] cannot find symbol
[ERROR]   symbol:   method getUsername()
[ERROR]   location: variable request of type com.revature.vault.dto.request.VaultEntryRequest
[ERROR] /E:/MicroServices/manager/microservices/vault-service/src/main/java/com/revature/vault/service/vault/VaultService.java:[232,50] cannot find symbol
[ERROR]   symbol:   method getUsername()
[ERROR]   location: variable request of type com.revature.vault.dto.request.VaultEntryRequest
[ERROR] /E:/MicroServices/manager/microservices/vault-service/src/main/java/com/revature/vault/service/vault/VaultService.java:[233,58] cannot find symbol
[ERROR]   symbol:   method getUsername()
[ERROR]   location: variable request of type com.revature.vault.dto.request.VaultEntryRequest
[ERROR] /E:/MicroServices/manager/microservices/vault-service/src/main/java/com/revature/vault/service/vault/VaultService.java:[235,16] cannot find symbol
[ERROR]   symbol:   method getNotes()
[ERROR]   location: variable request of type com.revature.vault.dto.request.VaultEntryRequest
[ERROR] /E:/MicroServices/manager/microservices/vault-service/src/main/java/com/revature/vault/service/vault/VaultService.java:[235,47] cannot find symbol
[ERROR]   symbol:   method getNotes()
[ERROR]   location: variable request of type com.revature.vault.dto.request.VaultEntryRequest
[ERROR] /E:/MicroServices/manager/microservices/vault-service/src/main/java/com/revature/vault/service/vault/VaultService.java:[236,55] cannot find symbol
[ERROR]   symbol:   method getNotes()
[ERROR]   location: variable request of type com.revature.vault.dto.request.VaultEntryRequest
[ERROR] /E:/MicroServices/manager/microservices/vault-service/src/main/java/com/revature/vault/service/vault/VaultService.java:[241,87] cannot find symbol
[ERROR]   symbol:   method getTitle()
[ERROR]   location: variable savedEntry of type com.revature.vault.model.vault.VaultEntry
[ERROR] /E:/MicroServices/manager/microservices/vault-service/src/main/java/com/revature/vault/service/vault/VaultService.java:[244,54] cannot find symbol
[ERROR]   symbol:   method getTitle()
[ERROR]   location: variable savedEntry of type com.revature.vault.model.vault.VaultEntry
[ERROR] /E:/MicroServices/manager/microservices/vault-service/src/main/java/com/revature/vault/service/vault/VaultService.java:[246,16] cannot find symbol
[ERROR]   symbol:   method getPassword()
[ERROR]   location: variable request of type com.revature.vault.dto.request.VaultEntryRequest
[ERROR] /E:/MicroServices/manager/microservices/vault-service/src/main/java/com/revature/vault/service/vault/VaultService.java:[262,10] cannot find symbol
[ERROR]   symbol:   method setIsDeleted(boolean)
[ERROR]   location: variable entry of type com.revature.vault.model.vault.VaultEntry
[ERROR] /E:/MicroServices/manager/microservices/vault-service/src/main/java/com/revature/vault/service/vault/VaultService.java:[263,10] cannot find symbol
[ERROR]   symbol:   method setDeletedAt(java.time.LocalDateTime)
[ERROR]   location: variable entry of type com.revature.vault.model.vault.VaultEntry
[ERROR] /E:/MicroServices/manager/microservices/vault-service/src/main/java/com/revature/vault/service/vault/VaultService.java:[266,82] cannot find symbol
[ERROR]   symbol:   method getTitle()
[ERROR]   location: variable entry of type com.revature.vault.model.vault.VaultEntry
[ERROR] /E:/MicroServices/manager/microservices/vault-service/src/main/java/com/revature/vault/service/vault/VaultService.java:[269,46] cannot find symbol
[ERROR]   symbol:   method getTitle()
[ERROR]   location: variable entry of type com.revature.vault.model.vault.VaultEntry
[ERROR] /E:/MicroServices/manager/microservices/vault-service/src/main/java/com/revature/vault/service/vault/VaultService.java:[280,51] cannot find symbol
[ERROR]   symbol:   method getIsFavorite()
[ERROR]   location: variable entry of type com.revature.vault.model.vault.VaultEntry
[ERROR] /E:/MicroServices/manager/microservices/vault-service/src/main/java/com/revature/vault/service/vault/VaultService.java:[283,50] cannot find symbol
[ERROR]   symbol:   method getIsFavorite()
[ERROR]   location: variable entry of type com.revature.vault.model.vault.VaultEntry
[ERROR] /E:/MicroServices/manager/microservices/vault-service/src/main/java/com/revature/vault/service/vault/VaultService.java:[284,50] cannot find symbol
[ERROR]   symbol:   method getIsFavorite()
[ERROR]   location: variable entry of type com.revature.vault.model.vault.VaultEntry
[ERROR] /E:/MicroServices/manager/microservices/vault-service/src/main/java/com/revature/vault/service/vault/VaultService.java:[285,51] cannot find symbol
[ERROR]   symbol:   method getIsFavorite()
[ERROR]   location: variable entry of type com.revature.vault.model.vault.VaultEntry
[ERROR] /E:/MicroServices/manager/microservices/vault-service/src/main/java/com/revature/vault/service/vault/VaultService.java:[288,59] cannot find symbol
[ERROR]   symbol:   method getTitle()
[ERROR]   location: variable entry of type com.revature.vault.model.vault.VaultEntry
[ERROR] /E:/MicroServices/manager/microservices/vault-service/src/main/java/com/revature/vault/service/vault/VaultService.java:[380,58] cannot find symbol
[ERROR]   symbol:   method getIsHighlySensitive()
[ERROR]   location: variable entry of type com.revature.vault.model.vault.VaultEntry
[ERROR] /E:/MicroServices/manager/microservices/vault-service/src/main/java/com/revature/vault/service/vault/VaultService.java:[383,101] cannot find symbol
[ERROR]   symbol:   method getTitle()
[ERROR]   location: variable entry of type com.revature.vault.model.vault.VaultEntry
[ERROR] /E:/MicroServices/manager/microservices/vault-service/src/main/java/com/revature/vault/service/vault/VaultService.java:[401,30] invalid method reference
[ERROR]   cannot find symbol
[ERROR]     symbol:   method getCreatedAt()
[ERROR]     location: class com.revature.vault.model.vault.VaultEntry
[ERROR] /E:/MicroServices/manager/microservices/vault-service/src/main/java/com/revature/vault/service/vault/VaultService.java:[403,30] invalid method reference
[ERROR]   cannot find symbol
[ERROR]     symbol:   method getUpdatedAt()
[ERROR]     location: class com.revature.vault.model.vault.VaultEntry
[ERROR] /E:/MicroServices/manager/microservices/vault-service/src/main/java/com/revature/vault/service/vault/VaultService.java:[404,39] invalid method reference
[ERROR]   cannot find symbol
[ERROR]     symbol:   method getTitle()
[ERROR]     location: class com.revature.vault.model.vault.VaultEntry
[ERROR] /E:/MicroServices/manager/microservices/vault-service/src/main/java/com/revature/vault/service/vault/VaultService.java:[426,24] cannot find symbol
[ERROR]   symbol:   method getUserId()
[ERROR]   location: variable e of type com.revature.vault.model.vault.VaultEntry
[ERROR] /E:/MicroServices/manager/microservices/vault-service/src/main/java/com/revature/vault/service/vault/VaultService.java:[434,8] cannot find symbol
[ERROR]   symbol:   method setIsDeleted(boolean)
[ERROR]   location: variable e of type com.revature.vault.model.vault.VaultEntry
[ERROR] /E:/MicroServices/manager/microservices/vault-service/src/main/java/com/revature/vault/service/vault/VaultService.java:[435,8] cannot find symbol
[ERROR]   symbol:   method setDeletedAt(java.time.LocalDateTime)
[ERROR]   location: variable e of type com.revature.vault.model.vault.VaultEntry
[ERROR] /E:/MicroServices/manager/microservices/vault-service/src/main/java/com/revature/vault/service/vault/VaultService.java:[436,80] cannot find symbol
[ERROR]   symbol:   method getTitle()
[ERROR]   location: variable e of type com.revature.vault.model.vault.VaultEntry
[ERROR] /E:/MicroServices/manager/microservices/vault-service/src/main/java/com/revature/vault/service/vault/VaultService.java:[438,44] cannot find symbol
[ERROR]   symbol:   method getTitle()
[ERROR]   location: variable e of type com.revature.vault.model.vault.VaultEntry
[ERROR] /E:/MicroServices/manager/microservices/vault-service/src/main/java/com/revature/vault/service/vault/VaultService.java:[455,34] cannot find symbol
[ERROR]   symbol:   method getIsHighlySensitive()
[ERROR]   location: variable entry of type com.revature.vault.model.vault.VaultEntry
[ERROR] /E:/MicroServices/manager/microservices/vault-service/src/main/java/com/revature/vault/service/vault/VaultService.java:[460,96] cannot find symbol
[ERROR]   symbol:   method getTitle()
[ERROR]   location: variable entry of type com.revature.vault.model.vault.VaultEntry
[ERROR] /E:/MicroServices/manager/microservices/vault-service/src/main/java/com/revature/vault/service/vault/VaultService.java:[464,43] cannot find symbol
[ERROR]   symbol:   method getPassword()
[ERROR]   location: variable entry of type com.revature.vault.model.vault.VaultEntry
[ERROR] /E:/MicroServices/manager/microservices/vault-service/src/main/java/com/revature/vault/service/vault/VaultService.java:[480,15] cannot find symbol
[ERROR]   symbol:   class UsernamePasswordAuthenticationToken
[ERROR]   location: class com.revature.vault.service.vault.VaultService
[ERROR] /E:/MicroServices/manager/microservices/vault-service/src/main/java/com/revature/vault/service/vault/VaultService.java:[480,78] cannot find symbol
[ERROR]   symbol:   method getMasterPassword()
[ERROR]   location: variable request of type com.revature.vault.dto.request.SensitiveAccessRequest
[ERROR] /E:/MicroServices/manager/microservices/vault-service/src/main/java/com/revature/vault/service/vault/VaultService.java:[479,7] cannot find symbol
[ERROR]   symbol:   variable authenticationManager
[ERROR]   location: class com.revature.vault.service.vault.VaultService
[ERROR] /E:/MicroServices/manager/microservices/vault-service/src/main/java/com/revature/vault/service/vault/VaultService.java:[507,58] cannot find symbol
[ERROR]   symbol:   method getPassword()
[ERROR]   location: variable entry of type com.revature.vault.model.vault.VaultEntry
[ERROR] /E:/MicroServices/manager/microservices/vault-service/src/main/java/com/revature/vault/service/vault/VaultService.java:[508,58] cannot find symbol
[ERROR]   symbol:   method getUsername()
[ERROR]   location: variable entry of type com.revature.vault.model.vault.VaultEntry
[ERROR] /E:/MicroServices/manager/microservices/vault-service/src/main/java/com/revature/vault/service/vault/VaultService.java:[509,29] cannot find symbol
[ERROR]   symbol:   method getNotes()
[ERROR]   location: variable entry of type com.revature.vault.model.vault.VaultEntry
[ERROR] /E:/MicroServices/manager/microservices/vault-service/src/main/java/com/revature/vault/service/vault/VaultService.java:[509,82] cannot find symbol
[ERROR]   symbol:   method getNotes()
[ERROR]   location: variable entry of type com.revature.vault.model.vault.VaultEntry
[ERROR] /E:/MicroServices/manager/microservices/vault-service/src/main/java/com/revature/vault/service/vault/VaultService.java:[531,53] cannot find symbol
[ERROR]   symbol:   method getPassword()
[ERROR]   location: variable entry of type com.revature.vault.model.vault.VaultEntry
[ERROR] /E:/MicroServices/manager/microservices/vault-service/src/main/java/com/revature/vault/service/vault/VaultService.java:[540,30] cannot find symbol
[ERROR]   symbol:   method builder()
[ERROR]   location: class com.revature.vault.dto.response.VaultEntryResponse
[ERROR] /E:/MicroServices/manager/microservices/vault-service/src/main/java/com/revature/vault/service/vault/VaultService.java:[541,18] cannot find symbol
[ERROR]   symbol:   method getId()
[ERROR]   location: variable entry of type com.revature.vault.model.vault.VaultEntry
[ERROR] /E:/MicroServices/manager/microservices/vault-service/src/main/java/com/revature/vault/service/vault/VaultService.java:[542,21] cannot find symbol
[ERROR]   symbol:   method getTitle()
[ERROR]   location: variable entry of type com.revature.vault.model.vault.VaultEntry
[ERROR] /E:/MicroServices/manager/microservices/vault-service/src/main/java/com/revature/vault/service/vault/VaultService.java:[544,26] cannot find symbol
[ERROR]   symbol:   method getWebsiteUrl()
[ERROR]   location: variable entry of type com.revature.vault.model.vault.VaultEntry
[ERROR] /E:/MicroServices/manager/microservices/vault-service/src/main/java/com/revature/vault/service/vault/VaultService.java:[545,26] cannot find symbol
[ERROR]   symbol:   method getCategory()
[ERROR]   location: variable entry of type com.revature.vault.model.vault.VaultEntry
[ERROR] /E:/MicroServices/manager/microservices/vault-service/src/main/java/com/revature/vault/service/vault/VaultService.java:[545,56] cannot find symbol
[ERROR]   symbol:   method getCategory()
[ERROR]   location: variable entry of type com.revature.vault.model.vault.VaultEntry
[ERROR] /E:/MicroServices/manager/microservices/vault-service/src/main/java/com/revature/vault/service/vault/VaultService.java:[546,28] cannot find symbol
[ERROR]   symbol:   method getCategory()
[ERROR]   location: variable entry of type com.revature.vault.model.vault.VaultEntry
[ERROR] /E:/MicroServices/manager/microservices/vault-service/src/main/java/com/revature/vault/service/vault/VaultService.java:[546,58] cannot find symbol
[ERROR]   symbol:   method getCategory()
[ERROR]   location: variable entry of type com.revature.vault.model.vault.VaultEntry
[ERROR] /E:/MicroServices/manager/microservices/vault-service/src/main/java/com/revature/vault/service/vault/VaultService.java:[547,24] cannot find symbol
[ERROR]   symbol:   method getFolder()
[ERROR]   location: variable entry of type com.revature.vault.model.vault.VaultEntry
[ERROR] /E:/MicroServices/manager/microservices/vault-service/src/main/java/com/revature/vault/service/vault/VaultService.java:[547,52] cannot find symbol
[ERROR]   symbol:   method getFolder()
[ERROR]   location: variable entry of type com.revature.vault.model.vault.VaultEntry
[ERROR] /E:/MicroServices/manager/microservices/vault-service/src/main/java/com/revature/vault/service/vault/VaultService.java:[548,26] cannot find symbol
[ERROR]   symbol:   method getFolder()
[ERROR]   location: variable entry of type com.revature.vault.model.vault.VaultEntry
[ERROR] /E:/MicroServices/manager/microservices/vault-service/src/main/java/com/revature/vault/service/vault/VaultService.java:[548,54] cannot find symbol
[ERROR]   symbol:   method getFolder()
[ERROR]   location: variable entry of type com.revature.vault.model.vault.VaultEntry
[ERROR] -> [Help 1]
[ERROR] 
[ERROR] To see the full stack trace of the errors, re-run Maven with the -e switch.
[ERROR] Re-run Maven using the -X switch to enable full debug logging.
[ERROR] 
[ERROR] For more information about the errors and possible solutions, please read the following articles:
[ERROR] [Help 1] http://cwiki.apache.org/confluence/display/MAVEN/MojoFailureException
