[INFO] Scanning for projects...
[INFO] ------------------------------------------------------------------------
[INFO] Reactor Build Order:
[INFO] 
[INFO] Password Manager Microservices                                     [pom]
[INFO] Eureka Server                                                      [jar]
[INFO] Config Server                                                      [jar]
[INFO] API Gateway                                                        [jar]
[INFO] User Service                                                       [jar]
[INFO] Vault Service                                                      [jar]
[INFO] Generator Service                                                  [jar]
[INFO] Security Service                                                   [jar]
[INFO] Notification Service                                               [jar]
[INFO] 
[INFO] -----< com.revature.microservices:password-manager-microservices >------
[INFO] Building Password Manager Microservices 1.0.0                      [1/9]
[INFO]   from pom.xml
[INFO] --------------------------------[ pom ]---------------------------------
[INFO] 
[INFO] --- clean:3.3.2:clean (default-clean) @ password-manager-microservices ---
[INFO] 
[INFO] --------------< com.revature.microservices:eureka-server >--------------
[INFO] Building Eureka Server 1.0.0                                       [2/9]
[INFO]   from eureka-server\pom.xml
[INFO] --------------------------------[ jar ]---------------------------------
[INFO] 
[INFO] --- clean:3.3.2:clean (default-clean) @ eureka-server ---
[INFO] Deleting E:\MicroServices\manager\microservices\eureka-server\target
[INFO] 
[INFO] --- resources:3.3.1:resources (default-resources) @ eureka-server ---
[INFO] Copying 1 resource from src\main\resources to target\classes
[INFO] Copying 0 resource from src\main\resources to target\classes
[INFO] 
[INFO] --- compiler:3.11.0:compile (default-compile) @ eureka-server ---
[INFO] Changes detected - recompiling the module! :source
[INFO] Compiling 1 source file with javac [debug release 21] to target\classes
[INFO] 
[INFO] --------------< com.revature.microservices:config-server >--------------
[INFO] Building Config Server 1.0.0                                       [3/9]
[INFO]   from config-server\pom.xml
[INFO] --------------------------------[ jar ]---------------------------------
[INFO] 
[INFO] --- clean:3.3.2:clean (default-clean) @ config-server ---
[INFO] Deleting E:\MicroServices\manager\microservices\config-server\target
[INFO] 
[INFO] --- resources:3.3.1:resources (default-resources) @ config-server ---
[INFO] Copying 2 resources from src\main\resources to target\classes
[INFO] Copying 6 resources from src\main\resources to target\classes
[INFO] 
[INFO] --- compiler:3.11.0:compile (default-compile) @ config-server ---
[INFO] Changes detected - recompiling the module! :source
[INFO] Compiling 1 source file with javac [debug release 21] to target\classes
[INFO] 
[INFO] ---------------< com.revature.microservices:api-gateway >---------------
[INFO] Building API Gateway 1.0.0                                         [4/9]
[INFO]   from api-gateway\pom.xml
[INFO] --------------------------------[ jar ]---------------------------------
[INFO] 
[INFO] --- clean:3.3.2:clean (default-clean) @ api-gateway ---
[INFO] Deleting E:\MicroServices\manager\microservices\api-gateway\target
[INFO] 
[INFO] --- resources:3.3.1:resources (default-resources) @ api-gateway ---
[INFO] Copying 1 resource from src\main\resources to target\classes
[INFO] Copying 0 resource from src\main\resources to target\classes
[INFO] 
[INFO] --- compiler:3.11.0:compile (default-compile) @ api-gateway ---
[INFO] Changes detected - recompiling the module! :source
[INFO] Compiling 2 source files with javac [debug release 21] to target\classes
[INFO] 
[INFO] --------------< com.revature.microservices:user-service >---------------
[INFO] Building User Service 1.0.0                                        [5/9]
[INFO]   from user-service\pom.xml
[INFO] --------------------------------[ jar ]---------------------------------
[INFO] 
[INFO] --- clean:3.3.2:clean (default-clean) @ user-service ---
[INFO] Deleting E:\MicroServices\manager\microservices\user-service\target
[INFO] 
[INFO] --- resources:3.3.1:resources (default-resources) @ user-service ---
[INFO] Copying 5 resources from src\main\resources to target\classes
[INFO] Copying 1 resource from src\main\resources to target\classes
[INFO] 
[INFO] --- compiler:3.11.0:compile (default-compile) @ user-service ---
[INFO] Changes detected - recompiling the module! :source
[INFO] Compiling 156 source files with javac [debug release 21] to target\classes
[WARNING] /E:/MicroServices/manager/microservices/user-service/src/main/java/com/revature/user/model/user/User.java:[44,19] @Builder will ignore the initializing expression entirely. If you want the initializing expression to serve as default, add @Builder.Default. If it is not supposed to be settable during building, make the field final.
[WARNING] /E:/MicroServices/manager/microservices/user-service/src/main/java/com/revature/user/model/user/UserSession.java:[45,19] @Builder will ignore the initializing expression entirely. If you want the initializing expression to serve as default, add @Builder.Default. If it is not supposed to be settable during building, make the field final.
[INFO] 
[INFO] --------------< com.revature.microservices:vault-service >--------------
[INFO] Building Vault Service 1.0.0                                       [6/9]
[INFO]   from vault-service\pom.xml
[INFO] --------------------------------[ jar ]---------------------------------
[INFO] 
[INFO] --- clean:3.3.2:clean (default-clean) @ vault-service ---
[INFO] Deleting E:\MicroServices\manager\microservices\vault-service\target
[INFO] 
[INFO] --- resources:3.3.1:resources (default-resources) @ vault-service ---
[INFO] Copying 1 resource from src\main\resources to target\classes
[INFO] Copying 0 resource from src\main\resources to target\classes
[INFO] 
[INFO] --- compiler:3.11.0:compile (default-compile) @ vault-service ---
[INFO] Changes detected - recompiling the module! :source
[INFO] Compiling 137 source files with javac [debug release 21] to target\classes
[INFO] -------------------------------------------------------------
[ERROR] COMPILATION ERROR : 
[INFO] -------------------------------------------------------------
[ERROR] /E:/MicroServices/manager/microservices/vault-service/src/main/java/com/revature/vault/service/vault/VaultService.java:[18,35] cannot find symbol
  symbol:   class JwtTokenProvider
  location: package com.revature.vault.security
[ERROR] /E:/MicroServices/manager/microservices/vault-service/src/main/java/com/revature/vault/service/vault/VaultService.java:[65,17] cannot find symbol
  symbol:   class JwtTokenProvider
  location: class com.revature.vault.service.vault.VaultService
[ERROR] /E:/MicroServices/manager/microservices/vault-service/src/main/java/com/revature/vault/service/vault/VaultService.java:[47,1] cannot find symbol
  symbol:   class JwtTokenProvider
  location: class com.revature.vault.service.vault.VaultService
[INFO] 3 errors 
[INFO] -------------------------------------------------------------
[INFO] ------------------------------------------------------------------------
[INFO] Reactor Summary for Password Manager Microservices 1.0.0:
[INFO] 
[INFO] Password Manager Microservices ..................... SUCCESS [  0.151 s]
[INFO] Eureka Server ...................................... SUCCESS [  3.034 s]
[INFO] Config Server ...................................... SUCCESS [  1.121 s]
[INFO] API Gateway ........................................ SUCCESS [  1.807 s]
[INFO] User Service ....................................... SUCCESS [  7.194 s]
[INFO] Vault Service ...................................... FAILURE [  3.603 s]
[INFO] Generator Service .................................. SKIPPED
[INFO] Security Service ................................... SKIPPED
[INFO] Notification Service ............................... SKIPPED
[INFO] ------------------------------------------------------------------------
[INFO] BUILD FAILURE
[INFO] ------------------------------------------------------------------------
[INFO] Total time:  17.402 s
[INFO] Finished at: 2026-03-12T23:55:41+05:30
[INFO] ------------------------------------------------------------------------
[ERROR] Failed to execute goal org.apache.maven.plugins:maven-compiler-plugin:3.11.0:compile (default-compile) on project vault-service: Compilation failure: Compilation failure: 
[ERROR] /E:/MicroServices/manager/microservices/vault-service/src/main/java/com/revature/vault/service/vault/VaultService.java:[18,35] cannot find symbol
[ERROR]   symbol:   class JwtTokenProvider
[ERROR]   location: package com.revature.vault.security
[ERROR] /E:/MicroServices/manager/microservices/vault-service/src/main/java/com/revature/vault/service/vault/VaultService.java:[65,17] cannot find symbol
[ERROR]   symbol:   class JwtTokenProvider
[ERROR]   location: class com.revature.vault.service.vault.VaultService
[ERROR] /E:/MicroServices/manager/microservices/vault-service/src/main/java/com/revature/vault/service/vault/VaultService.java:[47,1] cannot find symbol
[ERROR]   symbol:   class JwtTokenProvider
[ERROR]   location: class com.revature.vault.service.vault.VaultService
[ERROR] -> [Help 1]
[ERROR] 
[ERROR] To see the full stack trace of the errors, re-run Maven with the -e switch.
[ERROR] Re-run Maven using the -X switch to enable full debug logging.
[ERROR] 
[ERROR] For more information about the errors and possible solutions, please read the following articles:
[ERROR] [Help 1] http://cwiki.apache.org/confluence/display/MAVEN/MojoFailureException
[ERROR] 
[ERROR] After correcting the problems, you can resume the build with the command
[ERROR]   mvn <args> -rf :vault-service
