[INFO] Scanning for projects...
[INFO] 
[INFO] --------------< com.revature.microservices:vault-service >--------------
[INFO] Building Vault Service 1.0.0
[INFO]   from pom.xml
[INFO] --------------------------------[ jar ]---------------------------------
[INFO] 
[INFO] --- clean:3.3.2:clean (default-clean) @ vault-service ---
[INFO] Deleting E:\MicroServices\manager\microservices\vault-service\target
[INFO] 
[INFO] --- resources:3.3.1:resources (default-resources) @ vault-service ---
[INFO] Copying 1 resource from src\main\resources to target\classes
[INFO] Copying 0 resource from src\main\resources to target\classes
[INFO] 
[INFO] --- compiler:3.11.0:compile (default-compile) @ vault-service ---
[INFO] Changes detected - recompiling the module! :source
[INFO] Compiling 135 source files with javac [debug release 21] to target\classes
[INFO] /E:/MicroServices/manager/microservices/vault-service/src/main/java/com/revature/vault/service/backup/ImportService.java: E:\MicroServices\manager\microservices\vault-service\src\main\java\com\revature\vault\service\backup\ImportService.java uses unchecked or unsafe operations.
[INFO] /E:/MicroServices/manager/microservices/vault-service/src/main/java/com/revature/vault/service/backup/ImportService.java: Recompile with -Xlint:unchecked for details.
[INFO] -------------------------------------------------------------
[ERROR] COMPILATION ERROR : 
[INFO] -------------------------------------------------------------
[ERROR] /E:/MicroServices/manager/microservices/vault-service/src/main/java/com/revature/vault/service/vault/VaultService.java:[474,15] cannot find symbol
  symbol:   class UsernamePasswordAuthenticationToken
  location: class com.revature.vault.service.vault.VaultService
[ERROR] /E:/MicroServices/manager/microservices/vault-service/src/main/java/com/revature/vault/service/vault/VaultService.java:[473,7] cannot find symbol
  symbol:   variable authenticationManager
  location: class com.revature.vault.service.vault.VaultService
[INFO] 2 errors 
[INFO] -------------------------------------------------------------
[INFO] ------------------------------------------------------------------------
[INFO] BUILD FAILURE
[INFO] ------------------------------------------------------------------------
[INFO] Total time:  10.716 s
[INFO] Finished at: 2026-03-13T00:07:33+05:30
[INFO] ------------------------------------------------------------------------
[ERROR] Failed to execute goal org.apache.maven.plugins:maven-compiler-plugin:3.11.0:compile (default-compile) on project vault-service: Compilation failure: Compilation failure: 
[ERROR] /E:/MicroServices/manager/microservices/vault-service/src/main/java/com/revature/vault/service/vault/VaultService.java:[474,15] cannot find symbol
[ERROR]   symbol:   class UsernamePasswordAuthenticationToken
[ERROR]   location: class com.revature.vault.service.vault.VaultService
[ERROR] /E:/MicroServices/manager/microservices/vault-service/src/main/java/com/revature/vault/service/vault/VaultService.java:[473,7] cannot find symbol
[ERROR]   symbol:   variable authenticationManager
[ERROR]   location: class com.revature.vault.service.vault.VaultService
[ERROR] -> [Help 1]
[ERROR] 
[ERROR] To see the full stack trace of the errors, re-run Maven with the -e switch.
[ERROR] Re-run Maven using the -X switch to enable full debug logging.
[ERROR] 
[ERROR] For more information about the errors and possible solutions, please read the following articles:
[ERROR] [Help 1] http://cwiki.apache.org/confluence/display/MAVEN/MojoFailureException
