[INFO] Scanning for projects...
[INFO] 
[INFO] --------------< com.revature.microservices:vault-service >--------------
[INFO] Building Vault Service 1.0.0
[INFO]   from pom.xml
[INFO] --------------------------------[ jar ]---------------------------------
[INFO] 
[INFO] --- clean:3.3.2:clean (default-clean) @ vault-service ---
[INFO] Deleting E:\MicroServices\manager\microservices\vault-service\target
[INFO] 
[INFO] --- resources:3.3.1:resources (default-resources) @ vault-service ---
[INFO] Copying 1 resource from src\main\resources to target\classes
[INFO] Copying 0 resource from src\main\resources to target\classes
[INFO] 
[INFO] --- compiler:3.11.0:compile (default-compile) @ vault-service ---
[INFO] Changes detected - recompiling the module! :source
[INFO] Compiling 135 source files with javac [debug release 21] to target\classes
[INFO] /E:/MicroServices/manager/microservices/vault-service/src/main/java/com/revature/vault/service/backup/ImportService.java: E:\MicroServices\manager\microservices\vault-service\src\main\java\com\revature\vault\service\backup\ImportService.java uses unchecked or unsafe operations.
[INFO] /E:/MicroServices/manager/microservices/vault-service/src/main/java/com/revature/vault/service/backup/ImportService.java: Recompile with -Xlint:unchecked for details.
[INFO] ------------------------------------------------------------------------
[INFO] BUILD SUCCESS
[INFO] ------------------------------------------------------------------------
[INFO] Total time:  12.017 s
[INFO] Finished at: 2026-03-13T00:10:58+05:30
[INFO] ------------------------------------------------------------------------
