[INFO] Scanning for projects...
[INFO] 
[INFO] --------------< com.revature.microservices:vault-service >--------------
[INFO] Building Vault Service 1.0.0
[INFO]   from pom.xml
[INFO] --------------------------------[ jar ]---------------------------------
[INFO] 
[INFO] --- clean:3.3.2:clean (default-clean) @ vault-service ---
[INFO] Deleting E:\MicroServices\manager\microservices\vault-service\target
[INFO] 
[INFO] --- resources:3.3.1:resources (default-resources) @ vault-service ---
[INFO] Copying 1 resource from src\main\resources to target\classes
[INFO] Copying 0 resource from src\main\resources to target\classes
[INFO] 
[INFO] --- compiler:3.11.0:compile (default-compile) @ vault-service ---
[INFO] Changes detected - recompiling the module! :source
[INFO] Compiling 133 source files with javac [debug release 21] to target\classes
[INFO] -------------------------------------------------------------
[ERROR] COMPILATION ERROR : 
[INFO] -------------------------------------------------------------
[ERROR] /E:/MicroServices/manager/microservices/vault-service/src/main/java/com/revature/vault/repository/CategoryRepository.java:[28,7] method countByUserId(java.lang.Long) is already defined in interface com.revature.vault.repository.CategoryRepository
[ERROR] /E:/MicroServices/manager/microservices/vault-service/src/main/java/com/revature/vault/service/vault/VaultService.java:[89,16] cannot find symbol
  symbol:   method getCategoryId()
  location: variable request of type com.revature.vault.dto.request.VaultEntryRequest
[ERROR] /E:/MicroServices/manager/microservices/vault-service/src/main/java/com/revature/vault/service/vault/VaultService.java:[90,53] cannot find symbol
  symbol:   method getCategoryId()
  location: variable request of type com.revature.vault.dto.request.VaultEntryRequest
[ERROR] /E:/MicroServices/manager/microservices/vault-service/src/main/java/com/revature/vault/service/vault/VaultService.java:[95,16] cannot find symbol
  symbol:   method getFolderId()
  location: variable request of type com.revature.vault.dto.request.VaultEntryRequest
[ERROR] /E:/MicroServices/manager/microservices/vault-service/src/main/java/com/revature/vault/service/vault/VaultService.java:[96,49] cannot find symbol
  symbol:   method getFolderId()
  location: variable request of type com.revature.vault.dto.request.VaultEntryRequest
[ERROR] /E:/MicroServices/manager/microservices/vault-service/src/main/java/com/revature/vault/service/vault/VaultService.java:[102,33] cannot find symbol
  symbol:   method getPassword()
  location: variable request of type com.revature.vault.dto.request.VaultEntryRequest
[ERROR] /E:/MicroServices/manager/microservices/vault-service/src/main/java/com/revature/vault/service/vault/VaultService.java:[102,65] cannot find symbol
  symbol:   method getPassword()
  location: variable request of type com.revature.vault.dto.request.VaultEntryRequest
[ERROR] /E:/MicroServices/manager/microservices/vault-service/src/main/java/com/revature/vault/service/vault/VaultService.java:[103,33] cannot find symbol
  symbol:   method getUsername()
  location: variable request of type com.revature.vault.dto.request.VaultEntryRequest
[ERROR] /E:/MicroServices/manager/microservices/vault-service/src/main/java/com/revature/vault/service/vault/VaultService.java:[103,65] cannot find symbol
  symbol:   method getUsername()
  location: variable request of type com.revature.vault.dto.request.VaultEntryRequest
[ERROR] /E:/MicroServices/manager/microservices/vault-service/src/main/java/com/revature/vault/service/vault/VaultService.java:[107,36] cannot find symbol
  symbol:   method getNotes()
  location: variable request of type com.revature.vault.dto.request.VaultEntryRequest
[ERROR] /E:/MicroServices/manager/microservices/vault-service/src/main/java/com/revature/vault/service/vault/VaultService.java:[107,91] cannot find symbol
  symbol:   method getNotes()
  location: variable request of type com.revature.vault.dto.request.VaultEntryRequest
[ERROR] /E:/MicroServices/manager/microservices/vault-service/src/main/java/com/revature/vault/service/vault/VaultService.java:[109,34] cannot find symbol
  symbol:   method builder()
  location: class com.revature.vault.model.vault.VaultEntry
[ERROR] /E:/MicroServices/manager/microservices/vault-service/src/main/java/com/revature/vault/service/vault/VaultService.java:[113,23] cannot find symbol
  symbol:   method getTitle()
  location: variable request of type com.revature.vault.dto.request.VaultEntryRequest
[ERROR] /E:/MicroServices/manager/microservices/vault-service/src/main/java/com/revature/vault/service/vault/VaultService.java:[116,28] cannot find symbol
  symbol:   method getWebsiteUrl()
  location: variable request of type com.revature.vault.dto.request.VaultEntryRequest
[ERROR] /E:/MicroServices/manager/microservices/vault-service/src/main/java/com/revature/vault/service/vault/VaultService.java:[118,28] cannot find symbol
  symbol:   method getIsFavorite()
  location: variable request of type com.revature.vault.dto.request.VaultEntryRequest
[ERROR] /E:/MicroServices/manager/microservices/vault-service/src/main/java/com/revature/vault/service/vault/VaultService.java:[118,62] cannot find symbol
  symbol:   method getIsFavorite()
  location: variable request of type com.revature.vault.dto.request.VaultEntryRequest
[ERROR] /E:/MicroServices/manager/microservices/vault-service/src/main/java/com/revature/vault/service/vault/VaultService.java:[119,35] cannot find symbol
  symbol:   method getIsHighlySensitive()
  location: variable request of type com.revature.vault.dto.request.VaultEntryRequest
[ERROR] /E:/MicroServices/manager/microservices/vault-service/src/main/java/com/revature/vault/service/vault/VaultService.java:[119,76] cannot find symbol
  symbol:   method getIsHighlySensitive()
  location: variable request of type com.revature.vault.dto.request.VaultEntryRequest
[ERROR] /E:/MicroServices/manager/microservices/vault-service/src/main/java/com/revature/vault/service/vault/VaultService.java:[124,87] cannot find symbol
  symbol:   method getTitle()
  location: variable savedEntry of type com.revature.vault.model.vault.VaultEntry
[ERROR] /E:/MicroServices/manager/microservices/vault-service/src/main/java/com/revature/vault/service/vault/VaultService.java:[127,56] cannot find symbol
  symbol:   method getTitle()
  location: variable savedEntry of type com.revature.vault.model.vault.VaultEntry
[ERROR] /E:/MicroServices/manager/microservices/vault-service/src/main/java/com/revature/vault/service/vault/VaultService.java:[140,25] cannot find symbol
  symbol:   method getId()
  location: variable e of type com.revature.vault.model.vault.VaultEntry
[ERROR] /E:/MicroServices/manager/microservices/vault-service/src/main/java/com/revature/vault/service/vault/VaultService.java:[143,46] cannot find symbol
  symbol:   method getUsername()
  location: variable dummy of type com.revature.vault.model.vault.VaultEntry
[ERROR] /E:/MicroServices/manager/microservices/vault-service/src/main/java/com/revature/vault/service/vault/VaultService.java:[155,34] cannot find symbol
  symbol:   method getIsHighlySensitive()
  location: variable entry of type com.revature.vault.model.vault.VaultEntry
[ERROR] /E:/MicroServices/manager/microservices/vault-service/src/main/java/com/revature/vault/service/vault/VaultService.java:[162,58] cannot find symbol
  symbol:   method getPassword()
  location: variable entry of type com.revature.vault.model.vault.VaultEntry
[ERROR] /E:/MicroServices/manager/microservices/vault-service/src/main/java/com/revature/vault/service/vault/VaultService.java:[163,58] cannot find symbol
  symbol:   method getUsername()
  location: variable entry of type com.revature.vault.model.vault.VaultEntry
[ERROR] /E:/MicroServices/manager/microservices/vault-service/src/main/java/com/revature/vault/service/vault/VaultService.java:[164,29] cannot find symbol
  symbol:   method getNotes()
  location: variable entry of type com.revature.vault.model.vault.VaultEntry
[ERROR] /E:/MicroServices/manager/microservices/vault-service/src/main/java/com/revature/vault/service/vault/VaultService.java:[164,82] cannot find symbol
  symbol:   method getNotes()
  location: variable entry of type com.revature.vault.model.vault.VaultEntry
[ERROR] /E:/MicroServices/manager/microservices/vault-service/src/main/java/com/revature/vault/service/vault/VaultService.java:[199,16] cannot find symbol
  symbol:   method getTitle()
  location: variable request of type com.revature.vault.dto.request.VaultEntryRequest
[ERROR] /E:/MicroServices/manager/microservices/vault-service/src/main/java/com/revature/vault/service/vault/VaultService.java:[200,29] cannot find symbol
  symbol:   method getTitle()
  location: variable request of type com.revature.vault.dto.request.VaultEntryRequest
[ERROR] /E:/MicroServices/manager/microservices/vault-service/src/main/java/com/revature/vault/service/vault/VaultService.java:[201,16] cannot find symbol
  symbol:   method getWebsiteUrl()
  location: variable request of type com.revature.vault.dto.request.VaultEntryRequest
[ERROR] /E:/MicroServices/manager/microservices/vault-service/src/main/java/com/revature/vault/service/vault/VaultService.java:[202,34] cannot find symbol
  symbol:   method getWebsiteUrl()
  location: variable request of type com.revature.vault.dto.request.VaultEntryRequest
[ERROR] /E:/MicroServices/manager/microservices/vault-service/src/main/java/com/revature/vault/service/vault/VaultService.java:[203,16] cannot find symbol
  symbol:   method getIsFavorite()
  location: variable request of type com.revature.vault.dto.request.VaultEntryRequest
[ERROR] /E:/MicroServices/manager/microservices/vault-service/src/main/java/com/revature/vault/service/vault/VaultService.java:[204,34] cannot find symbol
  symbol:   method getIsFavorite()
  location: variable request of type com.revature.vault.dto.request.VaultEntryRequest
[ERROR] /E:/MicroServices/manager/microservices/vault-service/src/main/java/com/revature/vault/service/vault/VaultService.java:[205,16] cannot find symbol
  symbol:   method getIsHighlySensitive()
  location: variable request of type com.revature.vault.dto.request.VaultEntryRequest
[ERROR] /E:/MicroServices/manager/microservices/vault-service/src/main/java/com/revature/vault/service/vault/VaultService.java:[206,41] cannot find symbol
  symbol:   method getIsHighlySensitive()
  location: variable request of type com.revature.vault.dto.request.VaultEntryRequest
[ERROR] /E:/MicroServices/manager/microservices/vault-service/src/main/java/com/revature/vault/service/vault/VaultService.java:[208,16] cannot find symbol
  symbol:   method getCategoryId()
  location: variable request of type com.revature.vault.dto.request.VaultEntryRequest
[ERROR] /E:/MicroServices/manager/microservices/vault-service/src/main/java/com/revature/vault/service/vault/VaultService.java:[209,62] cannot find symbol
  symbol:   method getCategoryId()
  location: variable request of type com.revature.vault.dto.request.VaultEntryRequest
[ERROR] /E:/MicroServices/manager/microservices/vault-service/src/main/java/com/revature/vault/service/vault/VaultService.java:[211,12] cannot find symbol
  symbol:   method setCategory(com.revature.vault.model.vault.Category)
  location: variable entry of type com.revature.vault.model.vault.VaultEntry
[ERROR] /E:/MicroServices/manager/microservices/vault-service/src/main/java/com/revature/vault/service/vault/VaultService.java:[214,16] cannot find symbol
  symbol:   method getFolderId()
  location: variable request of type com.revature.vault.dto.request.VaultEntryRequest
[ERROR] /E:/MicroServices/manager/microservices/vault-service/src/main/java/com/revature/vault/service/vault/VaultService.java:[215,56] cannot find symbol
  symbol:   method getFolderId()
  location: variable request of type com.revature.vault.dto.request.VaultEntryRequest
[ERROR] /E:/MicroServices/manager/microservices/vault-service/src/main/java/com/revature/vault/service/vault/VaultService.java:[217,12] cannot find symbol
  symbol:   method setFolder(com.revature.vault.model.vault.Folder)
  location: variable entry of type com.revature.vault.model.vault.VaultEntry
[ERROR] /E:/MicroServices/manager/microservices/vault-service/src/main/java/com/revature/vault/service/vault/VaultService.java:[220,16] cannot find symbol
  symbol:   method getPassword()
  location: variable request of type com.revature.vault.dto.request.VaultEntryRequest
[ERROR] /E:/MicroServices/manager/microservices/vault-service/src/main/java/com/revature/vault/service/vault/VaultService.java:[220,50] cannot find symbol
  symbol:   method getPassword()
  location: variable request of type com.revature.vault.dto.request.VaultEntryRequest
[ERROR] /E:/MicroServices/manager/microservices/vault-service/src/main/java/com/revature/vault/service/vault/VaultService.java:[223,58] cannot find symbol
  symbol:   method getPassword()
  location: variable request of type com.revature.vault.dto.request.VaultEntryRequest
[ERROR] /E:/MicroServices/manager/microservices/vault-service/src/main/java/com/revature/vault/service/vault/VaultService.java:[229,25] cannot find symbol
  symbol:   method getVaultEntry()
  location: variable s of type com.revature.vault.model.sharing.SecureShare
[ERROR] /E:/MicroServices/manager/microservices/vault-service/src/main/java/com/revature/vault/service/vault/VaultService.java:[229,62] cannot find symbol
  symbol:   method getId()
  location: variable entry of type com.revature.vault.model.vault.VaultEntry
[ERROR] /E:/MicroServices/manager/microservices/vault-service/src/main/java/com/revature/vault/service/vault/VaultService.java:[231,14] cannot find symbol
  symbol:   method setRevoked(boolean)
  location: variable s of type com.revature.vault.model.sharing.SecureShare
[ERROR] /E:/MicroServices/manager/microservices/vault-service/src/main/java/com/revature/vault/service/vault/VaultService.java:[235,16] cannot find symbol
  symbol:   method getUsername()
  location: variable request of type com.revature.vault.dto.request.VaultEntryRequest
[ERROR] /E:/MicroServices/manager/microservices/vault-service/src/main/java/com/revature/vault/service/vault/VaultService.java:[235,50] cannot find symbol
  symbol:   method getUsername()
  location: variable request of type com.revature.vault.dto.request.VaultEntryRequest
[ERROR] /E:/MicroServices/manager/microservices/vault-service/src/main/java/com/revature/vault/service/vault/VaultService.java:[236,58] cannot find symbol
  symbol:   method getUsername()
  location: variable request of type com.revature.vault.dto.request.VaultEntryRequest
[ERROR] /E:/MicroServices/manager/microservices/vault-service/src/main/java/com/revature/vault/service/vault/VaultService.java:[238,16] cannot find symbol
  symbol:   method getNotes()
  location: variable request of type com.revature.vault.dto.request.VaultEntryRequest
[ERROR] /E:/MicroServices/manager/microservices/vault-service/src/main/java/com/revature/vault/service/vault/VaultService.java:[238,47] cannot find symbol
  symbol:   method getNotes()
  location: variable request of type com.revature.vault.dto.request.VaultEntryRequest
[ERROR] /E:/MicroServices/manager/microservices/vault-service/src/main/java/com/revature/vault/service/vault/VaultService.java:[239,55] cannot find symbol
  symbol:   method getNotes()
  location: variable request of type com.revature.vault.dto.request.VaultEntryRequest
[ERROR] /E:/MicroServices/manager/microservices/vault-service/src/main/java/com/revature/vault/service/vault/VaultService.java:[244,87] cannot find symbol
  symbol:   method getTitle()
  location: variable savedEntry of type com.revature.vault.model.vault.VaultEntry
[ERROR] /E:/MicroServices/manager/microservices/vault-service/src/main/java/com/revature/vault/service/vault/VaultService.java:[247,54] cannot find symbol
  symbol:   method getTitle()
  location: variable savedEntry of type com.revature.vault.model.vault.VaultEntry
[ERROR] /E:/MicroServices/manager/microservices/vault-service/src/main/java/com/revature/vault/service/vault/VaultService.java:[249,16] cannot find symbol
  symbol:   method getPassword()
  location: variable request of type com.revature.vault.dto.request.VaultEntryRequest
[ERROR] /E:/MicroServices/manager/microservices/vault-service/src/main/java/com/revature/vault/service/vault/VaultService.java:[265,10] cannot find symbol
  symbol:   method setIsDeleted(boolean)
  location: variable entry of type com.revature.vault.model.vault.VaultEntry
[ERROR] /E:/MicroServices/manager/microservices/vault-service/src/main/java/com/revature/vault/service/vault/VaultService.java:[266,10] cannot find symbol
  symbol:   method setDeletedAt(java.time.LocalDateTime)
  location: variable entry of type com.revature.vault.model.vault.VaultEntry
[ERROR] /E:/MicroServices/manager/microservices/vault-service/src/main/java/com/revature/vault/service/vault/VaultService.java:[269,82] cannot find symbol
  symbol:   method getTitle()
  location: variable entry of type com.revature.vault.model.vault.VaultEntry
[ERROR] /E:/MicroServices/manager/microservices/vault-service/src/main/java/com/revature/vault/service/vault/VaultService.java:[272,46] cannot find symbol
  symbol:   method getTitle()
  location: variable entry of type com.revature.vault.model.vault.VaultEntry
[ERROR] /E:/MicroServices/manager/microservices/vault-service/src/main/java/com/revature/vault/service/vault/VaultService.java:[283,51] cannot find symbol
  symbol:   method getIsFavorite()
  location: variable entry of type com.revature.vault.model.vault.VaultEntry
[ERROR] /E:/MicroServices/manager/microservices/vault-service/src/main/java/com/revature/vault/service/vault/VaultService.java:[286,50] cannot find symbol
  symbol:   method getIsFavorite()
  location: variable entry of type com.revature.vault.model.vault.VaultEntry
[ERROR] /E:/MicroServices/manager/microservices/vault-service/src/main/java/com/revature/vault/service/vault/VaultService.java:[287,50] cannot find symbol
  symbol:   method getIsFavorite()
  location: variable entry of type com.revature.vault.model.vault.VaultEntry
[ERROR] /E:/MicroServices/manager/microservices/vault-service/src/main/java/com/revature/vault/service/vault/VaultService.java:[288,51] cannot find symbol
  symbol:   method getIsFavorite()
  location: variable entry of type com.revature.vault.model.vault.VaultEntry
[ERROR] /E:/MicroServices/manager/microservices/vault-service/src/main/java/com/revature/vault/service/vault/VaultService.java:[291,59] cannot find symbol
  symbol:   method getTitle()
  location: variable entry of type com.revature.vault.model.vault.VaultEntry
[ERROR] /E:/MicroServices/manager/microservices/vault-service/src/main/java/com/revature/vault/service/vault/VaultService.java:[383,58] cannot find symbol
  symbol:   method getIsHighlySensitive()
  location: variable entry of type com.revature.vault.model.vault.VaultEntry
[ERROR] /E:/MicroServices/manager/microservices/vault-service/src/main/java/com/revature/vault/service/vault/VaultService.java:[386,101] cannot find symbol
  symbol:   method getTitle()
  location: variable entry of type com.revature.vault.model.vault.VaultEntry
[ERROR] /E:/MicroServices/manager/microservices/vault-service/src/main/java/com/revature/vault/service/vault/VaultService.java:[404,30] invalid method reference
  cannot find symbol
    symbol:   method getCreatedAt()
    location: class com.revature.vault.model.vault.VaultEntry
[ERROR] /E:/MicroServices/manager/microservices/vault-service/src/main/java/com/revature/vault/service/vault/VaultService.java:[406,30] invalid method reference
  cannot find symbol
    symbol:   method getUpdatedAt()
    location: class com.revature.vault.model.vault.VaultEntry
[ERROR] /E:/MicroServices/manager/microservices/vault-service/src/main/java/com/revature/vault/service/vault/VaultService.java:[407,39] invalid method reference
  cannot find symbol
    symbol:   method getTitle()
    location: class com.revature.vault.model.vault.VaultEntry
[ERROR] /E:/MicroServices/manager/microservices/vault-service/src/main/java/com/revature/vault/service/vault/VaultService.java:[429,24] cannot find symbol
  symbol:   method getUserId()
  location: variable e of type com.revature.vault.model.vault.VaultEntry
[ERROR] /E:/MicroServices/manager/microservices/vault-service/src/main/java/com/revature/vault/service/vault/VaultService.java:[437,8] cannot find symbol
  symbol:   method setIsDeleted(boolean)
  location: variable e of type com.revature.vault.model.vault.VaultEntry
[ERROR] /E:/MicroServices/manager/microservices/vault-service/src/main/java/com/revature/vault/service/vault/VaultService.java:[438,8] cannot find symbol
  symbol:   method setDeletedAt(java.time.LocalDateTime)
  location: variable e of type com.revature.vault.model.vault.VaultEntry
[ERROR] /E:/MicroServices/manager/microservices/vault-service/src/main/java/com/revature/vault/service/vault/VaultService.java:[439,80] cannot find symbol
  symbol:   method getTitle()
  location: variable e of type com.revature.vault.model.vault.VaultEntry
[ERROR] /E:/MicroServices/manager/microservices/vault-service/src/main/java/com/revature/vault/service/vault/VaultService.java:[441,44] cannot find symbol
  symbol:   method getTitle()
  location: variable e of type com.revature.vault.model.vault.VaultEntry
[ERROR] /E:/MicroServices/manager/microservices/vault-service/src/main/java/com/revature/vault/service/vault/VaultService.java:[458,34] cannot find symbol
  symbol:   method getIsHighlySensitive()
  location: variable entry of type com.revature.vault.model.vault.VaultEntry
[ERROR] /E:/MicroServices/manager/microservices/vault-service/src/main/java/com/revature/vault/service/vault/VaultService.java:[463,96] cannot find symbol
  symbol:   method getTitle()
  location: variable entry of type com.revature.vault.model.vault.VaultEntry
[ERROR] /E:/MicroServices/manager/microservices/vault-service/src/main/java/com/revature/vault/service/vault/VaultService.java:[467,43] cannot find symbol
  symbol:   method getPassword()
  location: variable entry of type com.revature.vault.model.vault.VaultEntry
[ERROR] /E:/MicroServices/manager/microservices/vault-service/src/main/java/com/revature/vault/service/vault/VaultService.java:[483,78] cannot find symbol
  symbol:   method getMasterPassword()
  location: variable request of type com.revature.vault.dto.request.SensitiveAccessRequest
[ERROR] /E:/MicroServices/manager/microservices/vault-service/src/main/java/com/revature/vault/service/vault/VaultService.java:[510,58] cannot find symbol
  symbol:   method getPassword()
  location: variable entry of type com.revature.vault.model.vault.VaultEntry
[ERROR] /E:/MicroServices/manager/microservices/vault-service/src/main/java/com/revature/vault/service/vault/VaultService.java:[511,58] cannot find symbol
  symbol:   method getUsername()
  location: variable entry of type com.revature.vault.model.vault.VaultEntry
[ERROR] /E:/MicroServices/manager/microservices/vault-service/src/main/java/com/revature/vault/service/vault/VaultService.java:[512,29] cannot find symbol
  symbol:   method getNotes()
  location: variable entry of type com.revature.vault.model.vault.VaultEntry
[ERROR] /E:/MicroServices/manager/microservices/vault-service/src/main/java/com/revature/vault/service/vault/VaultService.java:[512,82] cannot find symbol
  symbol:   method getNotes()
  location: variable entry of type com.revature.vault.model.vault.VaultEntry
[ERROR] /E:/MicroServices/manager/microservices/vault-service/src/main/java/com/revature/vault/service/vault/VaultService.java:[534,53] cannot find symbol
  symbol:   method getPassword()
  location: variable entry of type com.revature.vault.model.vault.VaultEntry
[ERROR] /E:/MicroServices/manager/microservices/vault-service/src/main/java/com/revature/vault/service/vault/VaultService.java:[543,30] cannot find symbol
  symbol:   method builder()
  location: class com.revature.vault.dto.response.VaultEntryResponse
[ERROR] /E:/MicroServices/manager/microservices/vault-service/src/main/java/com/revature/vault/service/vault/VaultService.java:[544,18] cannot find symbol
  symbol:   method getId()
  location: variable entry of type com.revature.vault.model.vault.VaultEntry
[ERROR] /E:/MicroServices/manager/microservices/vault-service/src/main/java/com/revature/vault/service/vault/VaultService.java:[545,21] cannot find symbol
  symbol:   method getTitle()
  location: variable entry of type com.revature.vault.model.vault.VaultEntry
[ERROR] /E:/MicroServices/manager/microservices/vault-service/src/main/java/com/revature/vault/service/vault/VaultService.java:[547,26] cannot find symbol
  symbol:   method getWebsiteUrl()
  location: variable entry of type com.revature.vault.model.vault.VaultEntry
[ERROR] /E:/MicroServices/manager/microservices/vault-service/src/main/java/com/revature/vault/service/vault/VaultService.java:[548,26] cannot find symbol
  symbol:   method getCategory()
  location: variable entry of type com.revature.vault.model.vault.VaultEntry
[ERROR] /E:/MicroServices/manager/microservices/vault-service/src/main/java/com/revature/vault/service/vault/VaultService.java:[548,56] cannot find symbol
  symbol:   method getCategory()
  location: variable entry of type com.revature.vault.model.vault.VaultEntry
[ERROR] /E:/MicroServices/manager/microservices/vault-service/src/main/java/com/revature/vault/service/vault/VaultService.java:[549,28] cannot find symbol
  symbol:   method getCategory()
  location: variable entry of type com.revature.vault.model.vault.VaultEntry
[ERROR] /E:/MicroServices/manager/microservices/vault-service/src/main/java/com/revature/vault/service/vault/VaultService.java:[549,58] cannot find symbol
  symbol:   method getCategory()
  location: variable entry of type com.revature.vault.model.vault.VaultEntry
[ERROR] /E:/MicroServices/manager/microservices/vault-service/src/main/java/com/revature/vault/service/vault/VaultService.java:[550,24] cannot find symbol
  symbol:   method getFolder()
  location: variable entry of type com.revature.vault.model.vault.VaultEntry
[ERROR] /E:/MicroServices/manager/microservices/vault-service/src/main/java/com/revature/vault/service/vault/VaultService.java:[550,52] cannot find symbol
  symbol:   method getFolder()
  location: variable entry of type com.revature.vault.model.vault.VaultEntry
[ERROR] /E:/MicroServices/manager/microservices/vault-service/src/main/java/com/revature/vault/service/vault/VaultService.java:[551,26] cannot find symbol
  symbol:   method getFolder()
  location: variable entry of type com.revature.vault.model.vault.VaultEntry
[ERROR] /E:/MicroServices/manager/microservices/vault-service/src/main/java/com/revature/vault/service/vault/VaultService.java:[551,54] cannot find symbol
  symbol:   method getFolder()
  location: variable entry of type com.revature.vault.model.vault.VaultEntry
[ERROR] /E:/MicroServices/manager/microservices/vault-service/src/main/java/com/revature/vault/service/vault/VaultService.java:[552,26] cannot find symbol
  symbol:   method getIsFavorite()
  location: variable entry of type com.revature.vault.model.vault.VaultEntry
[ERROR] /E:/MicroServices/manager/microservices/vault-service/src/main/java/com/revature/vault/service/vault/VaultService.java:[553,25] cannot find symbol
  symbol:   method getCreatedAt()
  location: variable entry of type com.revature.vault.model.vault.VaultEntry
[ERROR] /E:/MicroServices/manager/microservices/vault-service/src/main/java/com/revature/vault/service/vault/VaultService.java:[554,25] cannot find symbol
  symbol:   method getUpdatedAt()
  location: variable entry of type com.revature.vault.model.vault.VaultEntry
[ERROR] /E:/MicroServices/manager/microservices/vault-service/src/main/java/com/revature/vault/service/vault/VaultService.java:[561,64] cannot find symbol
  symbol:   method getUserId()
  location: variable entry of type com.revature.vault.model.vault.VaultEntry
[INFO] 100 errors 
[INFO] -------------------------------------------------------------
[INFO] ------------------------------------------------------------------------
[INFO] BUILD FAILURE
[INFO] ------------------------------------------------------------------------
[INFO] Total time:  4.665 s
[INFO] Finished at: 2026-03-12T22:43:36+05:30
[INFO] ------------------------------------------------------------------------
[ERROR] Failed to execute goal org.apache.maven.plugins:maven-compiler-plugin:3.11.0:compile (default-compile) on project vault-service: Compilation failure: Compilation failure: 
[ERROR] /E:/MicroServices/manager/microservices/vault-service/src/main/java/com/revature/vault/repository/CategoryRepository.java:[28,7] method countByUserId(java.lang.Long) is already defined in interface com.revature.vault.repository.CategoryRepository
[ERROR] /E:/MicroServices/manager/microservices/vault-service/src/main/java/com/revature/vault/service/vault/VaultService.java:[89,16] cannot find symbol
[ERROR]   symbol:   method getCategoryId()
[ERROR]   location: variable request of type com.revature.vault.dto.request.VaultEntryRequest
[ERROR] /E:/MicroServices/manager/microservices/vault-service/src/main/java/com/revature/vault/service/vault/VaultService.java:[90,53] cannot find symbol
[ERROR]   symbol:   method getCategoryId()
[ERROR]   location: variable request of type com.revature.vault.dto.request.VaultEntryRequest
[ERROR] /E:/MicroServices/manager/microservices/vault-service/src/main/java/com/revature/vault/service/vault/VaultService.java:[95,16] cannot find symbol
[ERROR]   symbol:   method getFolderId()
[ERROR]   location: variable request of type com.revature.vault.dto.request.VaultEntryRequest
[ERROR] /E:/MicroServices/manager/microservices/vault-service/src/main/java/com/revature/vault/service/vault/VaultService.java:[96,49] cannot find symbol
[ERROR]   symbol:   method getFolderId()
[ERROR]   location: variable request of type com.revature.vault.dto.request.VaultEntryRequest
[ERROR] /E:/MicroServices/manager/microservices/vault-service/src/main/java/com/revature/vault/service/vault/VaultService.java:[102,33] cannot find symbol
[ERROR]   symbol:   method getPassword()
[ERROR]   location: variable request of type com.revature.vault.dto.request.VaultEntryRequest
[ERROR] /E:/MicroServices/manager/microservices/vault-service/src/main/java/com/revature/vault/service/vault/VaultService.java:[102,65] cannot find symbol
[ERROR]   symbol:   method getPassword()
[ERROR]   location: variable request of type com.revature.vault.dto.request.VaultEntryRequest
[ERROR] /E:/MicroServices/manager/microservices/vault-service/src/main/java/com/revature/vault/service/vault/VaultService.java:[103,33] cannot find symbol
[ERROR]   symbol:   method getUsername()
[ERROR]   location: variable request of type com.revature.vault.dto.request.VaultEntryRequest
[ERROR] /E:/MicroServices/manager/microservices/vault-service/src/main/java/com/revature/vault/service/vault/VaultService.java:[103,65] cannot find symbol
[ERROR]   symbol:   method getUsername()
[ERROR]   location: variable request of type com.revature.vault.dto.request.VaultEntryRequest
[ERROR] /E:/MicroServices/manager/microservices/vault-service/src/main/java/com/revature/vault/service/vault/VaultService.java:[107,36] cannot find symbol
[ERROR]   symbol:   method getNotes()
[ERROR]   location: variable request of type com.revature.vault.dto.request.VaultEntryRequest
[ERROR] /E:/MicroServices/manager/microservices/vault-service/src/main/java/com/revature/vault/service/vault/VaultService.java:[107,91] cannot find symbol
[ERROR]   symbol:   method getNotes()
[ERROR]   location: variable request of type com.revature.vault.dto.request.VaultEntryRequest
[ERROR] /E:/MicroServices/manager/microservices/vault-service/src/main/java/com/revature/vault/service/vault/VaultService.java:[109,34] cannot find symbol
[ERROR]   symbol:   method builder()
[ERROR]   location: class com.revature.vault.model.vault.VaultEntry
[ERROR] /E:/MicroServices/manager/microservices/vault-service/src/main/java/com/revature/vault/service/vault/VaultService.java:[113,23] cannot find symbol
[ERROR]   symbol:   method getTitle()
[ERROR]   location: variable request of type com.revature.vault.dto.request.VaultEntryRequest
[ERROR] /E:/MicroServices/manager/microservices/vault-service/src/main/java/com/revature/vault/service/vault/VaultService.java:[116,28] cannot find symbol
[ERROR]   symbol:   method getWebsiteUrl()
[ERROR]   location: variable request of type com.revature.vault.dto.request.VaultEntryRequest
[ERROR] /E:/MicroServices/manager/microservices/vault-service/src/main/java/com/revature/vault/service/vault/VaultService.java:[118,28] cannot find symbol
[ERROR]   symbol:   method getIsFavorite()
[ERROR]   location: variable request of type com.revature.vault.dto.request.VaultEntryRequest
[ERROR] /E:/MicroServices/manager/microservices/vault-service/src/main/java/com/revature/vault/service/vault/VaultService.java:[118,62] cannot find symbol
[ERROR]   symbol:   method getIsFavorite()
[ERROR]   location: variable request of type com.revature.vault.dto.request.VaultEntryRequest
[ERROR] /E:/MicroServices/manager/microservices/vault-service/src/main/java/com/revature/vault/service/vault/VaultService.java:[119,35] cannot find symbol
[ERROR]   symbol:   method getIsHighlySensitive()
[ERROR]   location: variable request of type com.revature.vault.dto.request.VaultEntryRequest
[ERROR] /E:/MicroServices/manager/microservices/vault-service/src/main/java/com/revature/vault/service/vault/VaultService.java:[119,76] cannot find symbol
[ERROR]   symbol:   method getIsHighlySensitive()
[ERROR]   location: variable request of type com.revature.vault.dto.request.VaultEntryRequest
[ERROR] /E:/MicroServices/manager/microservices/vault-service/src/main/java/com/revature/vault/service/vault/VaultService.java:[124,87] cannot find symbol
[ERROR]   symbol:   method getTitle()
[ERROR]   location: variable savedEntry of type com.revature.vault.model.vault.VaultEntry
[ERROR] /E:/MicroServices/manager/microservices/vault-service/src/main/java/com/revature/vault/service/vault/VaultService.java:[127,56] cannot find symbol
[ERROR]   symbol:   method getTitle()
[ERROR]   location: variable savedEntry of type com.revature.vault.model.vault.VaultEntry
[ERROR] /E:/MicroServices/manager/microservices/vault-service/src/main/java/com/revature/vault/service/vault/VaultService.java:[140,25] cannot find symbol
[ERROR]   symbol:   method getId()
[ERROR]   location: variable e of type com.revature.vault.model.vault.VaultEntry
[ERROR] /E:/MicroServices/manager/microservices/vault-service/src/main/java/com/revature/vault/service/vault/VaultService.java:[143,46] cannot find symbol
[ERROR]   symbol:   method getUsername()
[ERROR]   location: variable dummy of type com.revature.vault.model.vault.VaultEntry
[ERROR] /E:/MicroServices/manager/microservices/vault-service/src/main/java/com/revature/vault/service/vault/VaultService.java:[155,34] cannot find symbol
[ERROR]   symbol:   method getIsHighlySensitive()
[ERROR]   location: variable entry of type com.revature.vault.model.vault.VaultEntry
[ERROR] /E:/MicroServices/manager/microservices/vault-service/src/main/java/com/revature/vault/service/vault/VaultService.java:[162,58] cannot find symbol
[ERROR]   symbol:   method getPassword()
[ERROR]   location: variable entry of type com.revature.vault.model.vault.VaultEntry
[ERROR] /E:/MicroServices/manager/microservices/vault-service/src/main/java/com/revature/vault/service/vault/VaultService.java:[163,58] cannot find symbol
[ERROR]   symbol:   method getUsername()
[ERROR]   location: variable entry of type com.revature.vault.model.vault.VaultEntry
[ERROR] /E:/MicroServices/manager/microservices/vault-service/src/main/java/com/revature/vault/service/vault/VaultService.java:[164,29] cannot find symbol
[ERROR]   symbol:   method getNotes()
[ERROR]   location: variable entry of type com.revature.vault.model.vault.VaultEntry
[ERROR] /E:/MicroServices/manager/microservices/vault-service/src/main/java/com/revature/vault/service/vault/VaultService.java:[164,82] cannot find symbol
[ERROR]   symbol:   method getNotes()
[ERROR]   location: variable entry of type com.revature.vault.model.vault.VaultEntry
[ERROR] /E:/MicroServices/manager/microservices/vault-service/src/main/java/com/revature/vault/service/vault/VaultService.java:[199,16] cannot find symbol
[ERROR]   symbol:   method getTitle()
[ERROR]   location: variable request of type com.revature.vault.dto.request.VaultEntryRequest
[ERROR] /E:/MicroServices/manager/microservices/vault-service/src/main/java/com/revature/vault/service/vault/VaultService.java:[200,29] cannot find symbol
[ERROR]   symbol:   method getTitle()
[ERROR]   location: variable request of type com.revature.vault.dto.request.VaultEntryRequest
[ERROR] /E:/MicroServices/manager/microservices/vault-service/src/main/java/com/revature/vault/service/vault/VaultService.java:[201,16] cannot find symbol
[ERROR]   symbol:   method getWebsiteUrl()
[ERROR]   location: variable request of type com.revature.vault.dto.request.VaultEntryRequest
[ERROR] /E:/MicroServices/manager/microservices/vault-service/src/main/java/com/revature/vault/service/vault/VaultService.java:[202,34] cannot find symbol
[ERROR]   symbol:   method getWebsiteUrl()
[ERROR]   location: variable request of type com.revature.vault.dto.request.VaultEntryRequest
[ERROR] /E:/MicroServices/manager/microservices/vault-service/src/main/java/com/revature/vault/service/vault/VaultService.java:[203,16] cannot find symbol
[ERROR]   symbol:   method getIsFavorite()
[ERROR]   location: variable request of type com.revature.vault.dto.request.VaultEntryRequest
[ERROR] /E:/MicroServices/manager/microservices/vault-service/src/main/java/com/revature/vault/service/vault/VaultService.java:[204,34] cannot find symbol
[ERROR]   symbol:   method getIsFavorite()
[ERROR]   location: variable request of type com.revature.vault.dto.request.VaultEntryRequest
[ERROR] /E:/MicroServices/manager/microservices/vault-service/src/main/java/com/revature/vault/service/vault/VaultService.java:[205,16] cannot find symbol
[ERROR]   symbol:   method getIsHighlySensitive()
[ERROR]   location: variable request of type com.revature.vault.dto.request.VaultEntryRequest
[ERROR] /E:/MicroServices/manager/microservices/vault-service/src/main/java/com/revature/vault/service/vault/VaultService.java:[206,41] cannot find symbol
[ERROR]   symbol:   method getIsHighlySensitive()
[ERROR]   location: variable request of type com.revature.vault.dto.request.VaultEntryRequest
[ERROR] /E:/MicroServices/manager/microservices/vault-service/src/main/java/com/revature/vault/service/vault/VaultService.java:[208,16] cannot find symbol
[ERROR]   symbol:   method getCategoryId()
[ERROR]   location: variable request of type com.revature.vault.dto.request.VaultEntryRequest
[ERROR] /E:/MicroServices/manager/microservices/vault-service/src/main/java/com/revature/vault/service/vault/VaultService.java:[209,62] cannot find symbol
[ERROR]   symbol:   method getCategoryId()
[ERROR]   location: variable request of type com.revature.vault.dto.request.VaultEntryRequest
[ERROR] /E:/MicroServices/manager/microservices/vault-service/src/main/java/com/revature/vault/service/vault/VaultService.java:[211,12] cannot find symbol
[ERROR]   symbol:   method setCategory(com.revature.vault.model.vault.Category)
[ERROR]   location: variable entry of type com.revature.vault.model.vault.VaultEntry
[ERROR] /E:/MicroServices/manager/microservices/vault-service/src/main/java/com/revature/vault/service/vault/VaultService.java:[214,16] cannot find symbol
[ERROR]   symbol:   method getFolderId()
[ERROR]   location: variable request of type com.revature.vault.dto.request.VaultEntryRequest
[ERROR] /E:/MicroServices/manager/microservices/vault-service/src/main/java/com/revature/vault/service/vault/VaultService.java:[215,56] cannot find symbol
[ERROR]   symbol:   method getFolderId()
[ERROR]   location: variable request of type com.revature.vault.dto.request.VaultEntryRequest
[ERROR] /E:/MicroServices/manager/microservices/vault-service/src/main/java/com/revature/vault/service/vault/VaultService.java:[217,12] cannot find symbol
[ERROR]   symbol:   method setFolder(com.revature.vault.model.vault.Folder)
[ERROR]   location: variable entry of type com.revature.vault.model.vault.VaultEntry
[ERROR] /E:/MicroServices/manager/microservices/vault-service/src/main/java/com/revature/vault/service/vault/VaultService.java:[220,16] cannot find symbol
[ERROR]   symbol:   method getPassword()
[ERROR]   location: variable request of type com.revature.vault.dto.request.VaultEntryRequest
[ERROR] /E:/MicroServices/manager/microservices/vault-service/src/main/java/com/revature/vault/service/vault/VaultService.java:[220,50] cannot find symbol
[ERROR]   symbol:   method getPassword()
[ERROR]   location: variable request of type com.revature.vault.dto.request.VaultEntryRequest
[ERROR] /E:/MicroServices/manager/microservices/vault-service/src/main/java/com/revature/vault/service/vault/VaultService.java:[223,58] cannot find symbol
[ERROR]   symbol:   method getPassword()
[ERROR]   location: variable request of type com.revature.vault.dto.request.VaultEntryRequest
[ERROR] /E:/MicroServices/manager/microservices/vault-service/src/main/java/com/revature/vault/service/vault/VaultService.java:[229,25] cannot find symbol
[ERROR]   symbol:   method getVaultEntry()
[ERROR]   location: variable s of type com.revature.vault.model.sharing.SecureShare
[ERROR] /E:/MicroServices/manager/microservices/vault-service/src/main/java/com/revature/vault/service/vault/VaultService.java:[229,62] cannot find symbol
[ERROR]   symbol:   method getId()
[ERROR]   location: variable entry of type com.revature.vault.model.vault.VaultEntry
[ERROR] /E:/MicroServices/manager/microservices/vault-service/src/main/java/com/revature/vault/service/vault/VaultService.java:[231,14] cannot find symbol
[ERROR]   symbol:   method setRevoked(boolean)
[ERROR]   location: variable s of type com.revature.vault.model.sharing.SecureShare
[ERROR] /E:/MicroServices/manager/microservices/vault-service/src/main/java/com/revature/vault/service/vault/VaultService.java:[235,16] cannot find symbol
[ERROR]   symbol:   method getUsername()
[ERROR]   location: variable request of type com.revature.vault.dto.request.VaultEntryRequest
[ERROR] /E:/MicroServices/manager/microservices/vault-service/src/main/java/com/revature/vault/service/vault/VaultService.java:[235,50] cannot find symbol
[ERROR]   symbol:   method getUsername()
[ERROR]   location: variable request of type com.revature.vault.dto.request.VaultEntryRequest
[ERROR] /E:/MicroServices/manager/microservices/vault-service/src/main/java/com/revature/vault/service/vault/VaultService.java:[236,58] cannot find symbol
[ERROR]   symbol:   method getUsername()
[ERROR]   location: variable request of type com.revature.vault.dto.request.VaultEntryRequest
[ERROR] /E:/MicroServices/manager/microservices/vault-service/src/main/java/com/revature/vault/service/vault/VaultService.java:[238,16] cannot find symbol
[ERROR]   symbol:   method getNotes()
[ERROR]   location: variable request of type com.revature.vault.dto.request.VaultEntryRequest
[ERROR] /E:/MicroServices/manager/microservices/vault-service/src/main/java/com/revature/vault/service/vault/VaultService.java:[238,47] cannot find symbol
[ERROR]   symbol:   method getNotes()
[ERROR]   location: variable request of type com.revature.vault.dto.request.VaultEntryRequest
[ERROR] /E:/MicroServices/manager/microservices/vault-service/src/main/java/com/revature/vault/service/vault/VaultService.java:[239,55] cannot find symbol
[ERROR]   symbol:   method getNotes()
[ERROR]   location: variable request of type com.revature.vault.dto.request.VaultEntryRequest
[ERROR] /E:/MicroServices/manager/microservices/vault-service/src/main/java/com/revature/vault/service/vault/VaultService.java:[244,87] cannot find symbol
[ERROR]   symbol:   method getTitle()
[ERROR]   location: variable savedEntry of type com.revature.vault.model.vault.VaultEntry
[ERROR] /E:/MicroServices/manager/microservices/vault-service/src/main/java/com/revature/vault/service/vault/VaultService.java:[247,54] cannot find symbol
[ERROR]   symbol:   method getTitle()
[ERROR]   location: variable savedEntry of type com.revature.vault.model.vault.VaultEntry
[ERROR] /E:/MicroServices/manager/microservices/vault-service/src/main/java/com/revature/vault/service/vault/VaultService.java:[249,16] cannot find symbol
[ERROR]   symbol:   method getPassword()
[ERROR]   location: variable request of type com.revature.vault.dto.request.VaultEntryRequest
[ERROR] /E:/MicroServices/manager/microservices/vault-service/src/main/java/com/revature/vault/service/vault/VaultService.java:[265,10] cannot find symbol
[ERROR]   symbol:   method setIsDeleted(boolean)
[ERROR]   location: variable entry of type com.revature.vault.model.vault.VaultEntry
[ERROR] /E:/MicroServices/manager/microservices/vault-service/src/main/java/com/revature/vault/service/vault/VaultService.java:[266,10] cannot find symbol
[ERROR]   symbol:   method setDeletedAt(java.time.LocalDateTime)
[ERROR]   location: variable entry of type com.revature.vault.model.vault.VaultEntry
[ERROR] /E:/MicroServices/manager/microservices/vault-service/src/main/java/com/revature/vault/service/vault/VaultService.java:[269,82] cannot find symbol
[ERROR]   symbol:   method getTitle()
[ERROR]   location: variable entry of type com.revature.vault.model.vault.VaultEntry
[ERROR] /E:/MicroServices/manager/microservices/vault-service/src/main/java/com/revature/vault/service/vault/VaultService.java:[272,46] cannot find symbol
[ERROR]   symbol:   method getTitle()
[ERROR]   location: variable entry of type com.revature.vault.model.vault.VaultEntry
[ERROR] /E:/MicroServices/manager/microservices/vault-service/src/main/java/com/revature/vault/service/vault/VaultService.java:[283,51] cannot find symbol
[ERROR]   symbol:   method getIsFavorite()
[ERROR]   location: variable entry of type com.revature.vault.model.vault.VaultEntry
[ERROR] /E:/MicroServices/manager/microservices/vault-service/src/main/java/com/revature/vault/service/vault/VaultService.java:[286,50] cannot find symbol
[ERROR]   symbol:   method getIsFavorite()
[ERROR]   location: variable entry of type com.revature.vault.model.vault.VaultEntry
[ERROR] /E:/MicroServices/manager/microservices/vault-service/src/main/java/com/revature/vault/service/vault/VaultService.java:[287,50] cannot find symbol
[ERROR]   symbol:   method getIsFavorite()
[ERROR]   location: variable entry of type com.revature.vault.model.vault.VaultEntry
[ERROR] /E:/MicroServices/manager/microservices/vault-service/src/main/java/com/revature/vault/service/vault/VaultService.java:[288,51] cannot find symbol
[ERROR]   symbol:   method getIsFavorite()
[ERROR]   location: variable entry of type com.revature.vault.model.vault.VaultEntry
[ERROR] /E:/MicroServices/manager/microservices/vault-service/src/main/java/com/revature/vault/service/vault/VaultService.java:[291,59] cannot find symbol
[ERROR]   symbol:   method getTitle()
[ERROR]   location: variable entry of type com.revature.vault.model.vault.VaultEntry
[ERROR] /E:/MicroServices/manager/microservices/vault-service/src/main/java/com/revature/vault/service/vault/VaultService.java:[383,58] cannot find symbol
[ERROR]   symbol:   method getIsHighlySensitive()
[ERROR]   location: variable entry of type com.revature.vault.model.vault.VaultEntry
[ERROR] /E:/MicroServices/manager/microservices/vault-service/src/main/java/com/revature/vault/service/vault/VaultService.java:[386,101] cannot find symbol
[ERROR]   symbol:   method getTitle()
[ERROR]   location: variable entry of type com.revature.vault.model.vault.VaultEntry
[ERROR] /E:/MicroServices/manager/microservices/vault-service/src/main/java/com/revature/vault/service/vault/VaultService.java:[404,30] invalid method reference
[ERROR]   cannot find symbol
[ERROR]     symbol:   method getCreatedAt()
[ERROR]     location: class com.revature.vault.model.vault.VaultEntry
[ERROR] /E:/MicroServices/manager/microservices/vault-service/src/main/java/com/revature/vault/service/vault/VaultService.java:[406,30] invalid method reference
[ERROR]   cannot find symbol
[ERROR]     symbol:   method getUpdatedAt()
[ERROR]     location: class com.revature.vault.model.vault.VaultEntry
[ERROR] /E:/MicroServices/manager/microservices/vault-service/src/main/java/com/revature/vault/service/vault/VaultService.java:[407,39] invalid method reference
[ERROR]   cannot find symbol
[ERROR]     symbol:   method getTitle()
[ERROR]     location: class com.revature.vault.model.vault.VaultEntry
[ERROR] /E:/MicroServices/manager/microservices/vault-service/src/main/java/com/revature/vault/service/vault/VaultService.java:[429,24] cannot find symbol
[ERROR]   symbol:   method getUserId()
[ERROR]   location: variable e of type com.revature.vault.model.vault.VaultEntry
[ERROR] /E:/MicroServices/manager/microservices/vault-service/src/main/java/com/revature/vault/service/vault/VaultService.java:[437,8] cannot find symbol
[ERROR]   symbol:   method setIsDeleted(boolean)
[ERROR]   location: variable e of type com.revature.vault.model.vault.VaultEntry
[ERROR] /E:/MicroServices/manager/microservices/vault-service/src/main/java/com/revature/vault/service/vault/VaultService.java:[438,8] cannot find symbol
[ERROR]   symbol:   method setDeletedAt(java.time.LocalDateTime)
[ERROR]   location: variable e of type com.revature.vault.model.vault.VaultEntry
[ERROR] /E:/MicroServices/manager/microservices/vault-service/src/main/java/com/revature/vault/service/vault/VaultService.java:[439,80] cannot find symbol
[ERROR]   symbol:   method getTitle()
[ERROR]   location: variable e of type com.revature.vault.model.vault.VaultEntry
[ERROR] /E:/MicroServices/manager/microservices/vault-service/src/main/java/com/revature/vault/service/vault/VaultService.java:[441,44] cannot find symbol
[ERROR]   symbol:   method getTitle()
[ERROR]   location: variable e of type com.revature.vault.model.vault.VaultEntry
[ERROR] /E:/MicroServices/manager/microservices/vault-service/src/main/java/com/revature/vault/service/vault/VaultService.java:[458,34] cannot find symbol
[ERROR]   symbol:   method getIsHighlySensitive()
[ERROR]   location: variable entry of type com.revature.vault.model.vault.VaultEntry
[ERROR] /E:/MicroServices/manager/microservices/vault-service/src/main/java/com/revature/vault/service/vault/VaultService.java:[463,96] cannot find symbol
[ERROR]   symbol:   method getTitle()
[ERROR]   location: variable entry of type com.revature.vault.model.vault.VaultEntry
[ERROR] /E:/MicroServices/manager/microservices/vault-service/src/main/java/com/revature/vault/service/vault/VaultService.java:[467,43] cannot find symbol
[ERROR]   symbol:   method getPassword()
[ERROR]   location: variable entry of type com.revature.vault.model.vault.VaultEntry
[ERROR] /E:/MicroServices/manager/microservices/vault-service/src/main/java/com/revature/vault/service/vault/VaultService.java:[483,78] cannot find symbol
[ERROR]   symbol:   method getMasterPassword()
[ERROR]   location: variable request of type com.revature.vault.dto.request.SensitiveAccessRequest
[ERROR] /E:/MicroServices/manager/microservices/vault-service/src/main/java/com/revature/vault/service/vault/VaultService.java:[510,58] cannot find symbol
[ERROR]   symbol:   method getPassword()
[ERROR]   location: variable entry of type com.revature.vault.model.vault.VaultEntry
[ERROR] /E:/MicroServices/manager/microservices/vault-service/src/main/java/com/revature/vault/service/vault/VaultService.java:[511,58] cannot find symbol
[ERROR]   symbol:   method getUsername()
[ERROR]   location: variable entry of type com.revature.vault.model.vault.VaultEntry
[ERROR] /E:/MicroServices/manager/microservices/vault-service/src/main/java/com/revature/vault/service/vault/VaultService.java:[512,29] cannot find symbol
[ERROR]   symbol:   method getNotes()
[ERROR]   location: variable entry of type com.revature.vault.model.vault.VaultEntry
[ERROR] /E:/MicroServices/manager/microservices/vault-service/src/main/java/com/revature/vault/service/vault/VaultService.java:[512,82] cannot find symbol
[ERROR]   symbol:   method getNotes()
[ERROR]   location: variable entry of type com.revature.vault.model.vault.VaultEntry
[ERROR] /E:/MicroServices/manager/microservices/vault-service/src/main/java/com/revature/vault/service/vault/VaultService.java:[534,53] cannot find symbol
[ERROR]   symbol:   method getPassword()
[ERROR]   location: variable entry of type com.revature.vault.model.vault.VaultEntry
[ERROR] /E:/MicroServices/manager/microservices/vault-service/src/main/java/com/revature/vault/service/vault/VaultService.java:[543,30] cannot find symbol
[ERROR]   symbol:   method builder()
[ERROR]   location: class com.revature.vault.dto.response.VaultEntryResponse
[ERROR] /E:/MicroServices/manager/microservices/vault-service/src/main/java/com/revature/vault/service/vault/VaultService.java:[544,18] cannot find symbol
[ERROR]   symbol:   method getId()
[ERROR]   location: variable entry of type com.revature.vault.model.vault.VaultEntry
[ERROR] /E:/MicroServices/manager/microservices/vault-service/src/main/java/com/revature/vault/service/vault/VaultService.java:[545,21] cannot find symbol
[ERROR]   symbol:   method getTitle()
[ERROR]   location: variable entry of type com.revature.vault.model.vault.VaultEntry
[ERROR] /E:/MicroServices/manager/microservices/vault-service/src/main/java/com/revature/vault/service/vault/VaultService.java:[547,26] cannot find symbol
[ERROR]   symbol:   method getWebsiteUrl()
[ERROR]   location: variable entry of type com.revature.vault.model.vault.VaultEntry
[ERROR] /E:/MicroServices/manager/microservices/vault-service/src/main/java/com/revature/vault/service/vault/VaultService.java:[548,26] cannot find symbol
[ERROR]   symbol:   method getCategory()
[ERROR]   location: variable entry of type com.revature.vault.model.vault.VaultEntry
[ERROR] /E:/MicroServices/manager/microservices/vault-service/src/main/java/com/revature/vault/service/vault/VaultService.java:[548,56] cannot find symbol
[ERROR]   symbol:   method getCategory()
[ERROR]   location: variable entry of type com.revature.vault.model.vault.VaultEntry
[ERROR] /E:/MicroServices/manager/microservices/vault-service/src/main/java/com/revature/vault/service/vault/VaultService.java:[549,28] cannot find symbol
[ERROR]   symbol:   method getCategory()
[ERROR]   location: variable entry of type com.revature.vault.model.vault.VaultEntry
[ERROR] /E:/MicroServices/manager/microservices/vault-service/src/main/java/com/revature/vault/service/vault/VaultService.java:[549,58] cannot find symbol
[ERROR]   symbol:   method getCategory()
[ERROR]   location: variable entry of type com.revature.vault.model.vault.VaultEntry
[ERROR] /E:/MicroServices/manager/microservices/vault-service/src/main/java/com/revature/vault/service/vault/VaultService.java:[550,24] cannot find symbol
[ERROR]   symbol:   method getFolder()
[ERROR]   location: variable entry of type com.revature.vault.model.vault.VaultEntry
[ERROR] /E:/MicroServices/manager/microservices/vault-service/src/main/java/com/revature/vault/service/vault/VaultService.java:[550,52] cannot find symbol
[ERROR]   symbol:   method getFolder()
[ERROR]   location: variable entry of type com.revature.vault.model.vault.VaultEntry
[ERROR] /E:/MicroServices/manager/microservices/vault-service/src/main/java/com/revature/vault/service/vault/VaultService.java:[551,26] cannot find symbol
[ERROR]   symbol:   method getFolder()
[ERROR]   location: variable entry of type com.revature.vault.model.vault.VaultEntry
[ERROR] /E:/MicroServices/manager/microservices/vault-service/src/main/java/com/revature/vault/service/vault/VaultService.java:[551,54] cannot find symbol
[ERROR]   symbol:   method getFolder()
[ERROR]   location: variable entry of type com.revature.vault.model.vault.VaultEntry
[ERROR] /E:/MicroServices/manager/microservices/vault-service/src/main/java/com/revature/vault/service/vault/VaultService.java:[552,26] cannot find symbol
[ERROR]   symbol:   method getIsFavorite()
[ERROR]   location: variable entry of type com.revature.vault.model.vault.VaultEntry
[ERROR] /E:/MicroServices/manager/microservices/vault-service/src/main/java/com/revature/vault/service/vault/VaultService.java:[553,25] cannot find symbol
[ERROR]   symbol:   method getCreatedAt()
[ERROR]   location: variable entry of type com.revature.vault.model.vault.VaultEntry
[ERROR] /E:/MicroServices/manager/microservices/vault-service/src/main/java/com/revature/vault/service/vault/VaultService.java:[554,25] cannot find symbol
[ERROR]   symbol:   method getUpdatedAt()
[ERROR]   location: variable entry of type com.revature.vault.model.vault.VaultEntry
[ERROR] /E:/MicroServices/manager/microservices/vault-service/src/main/java/com/revature/vault/service/vault/VaultService.java:[561,64] cannot find symbol
[ERROR]   symbol:   method getUserId()
[ERROR]   location: variable entry of type com.revature.vault.model.vault.VaultEntry
[ERROR] -> [Help 1]
[ERROR] 
[ERROR] To see the full stack trace of the errors, re-run Maven with the -e switch.
[ERROR] Re-run Maven using the -X switch to enable full debug logging.
[ERROR] 
[ERROR] For more information about the errors and possible solutions, please read the following articles:
[ERROR] [Help 1] http://cwiki.apache.org/confluence/display/MAVEN/MojoFailureException
