[INFO] Scanning for projects...
[INFO] 
[INFO] --------------< com.revature.microservices:vault-service >--------------
[INFO] Building Vault Service 1.0.0
[INFO]   from pom.xml
[INFO] --------------------------------[ jar ]---------------------------------
[INFO] 
[INFO] --- clean:3.3.2:clean (default-clean) @ vault-service ---
[INFO] Deleting E:\MicroServices\manager\microservices\vault-service\target
[INFO] 
[INFO] --- resources:3.3.1:resources (default-resources) @ vault-service ---
[INFO] Copying 1 resource from src\main\resources to target\classes
[INFO] Copying 0 resource from src\main\resources to target\classes
[INFO] 
[INFO] --- compiler:3.11.0:compile (default-compile) @ vault-service ---
[INFO] Changes detected - recompiling the module! :source
[INFO] Compiling 143 source files with javac [debug release 21] to target\classes
[INFO] -------------------------------------------------------------
[ERROR] COMPILATION ERROR : 
[INFO] -------------------------------------------------------------
[ERROR] /E:/MicroServices/manager/microservices/vault-service/src/main/java/com/revature/vault/service/vault/VaultService.java:[15,37] cannot find symbol
  symbol:   class UserSettingsRepository
  location: package com.revature.vault.repository
[ERROR] /E:/MicroServices/manager/microservices/vault-service/src/main/java/com/revature/vault/service/vault/VaultService.java:[20,43] package com.revature.vault.service.security does not exist
[ERROR] /E:/MicroServices/manager/microservices/vault-service/src/main/java/com/revature/vault/service/vault/VaultService.java:[54,17] cannot find symbol
  symbol:   class EncryptionService
  location: class com.revature.vault.service.vault.VaultService
[ERROR] /E:/MicroServices/manager/microservices/vault-service/src/main/java/com/revature/vault/service/vault/VaultSnapshotService.java:[5,37] package com.revature.vault.model.user does not exist
[ERROR] /E:/MicroServices/manager/microservices/vault-service/src/main/java/com/revature/vault/service/vault/VaultSnapshotService.java:[8,37] cannot find symbol
  symbol:   class UserRepository
  location: package com.revature.vault.repository
[ERROR] /E:/MicroServices/manager/microservices/vault-service/src/main/java/com/revature/vault/service/vault/VaultService.java:[60,17] cannot find symbol
  symbol:   class UserSettingsRepository
  location: class com.revature.vault.service.vault.VaultService
[ERROR] /E:/MicroServices/manager/microservices/vault-service/src/main/java/com/revature/vault/service/vault/DuressService.java:[5,47] package com.revature.passwordmanager.repository does not exist
[ERROR] /E:/MicroServices/manager/microservices/vault-service/src/main/java/com/revature/vault/service/vault/VaultService.java:[47,1] cannot find symbol
  symbol:   class EncryptionService
  location: class com.revature.vault.service.vault.VaultService
[ERROR] /E:/MicroServices/manager/microservices/vault-service/src/main/java/com/revature/vault/service/vault/DuressService.java:[20,17] cannot find symbol
  symbol:   class UserRepository
  location: class com.revature.vault.service.vault.DuressService
[ERROR] /E:/MicroServices/manager/microservices/vault-service/src/main/java/com/revature/vault/service/vault/DuressService.java:[17,1] cannot find symbol
  symbol:   class UserRepository
  location: class com.revature.vault.service.vault.DuressService
[ERROR] /E:/MicroServices/manager/microservices/vault-service/src/main/java/com/revature/vault/service/vault/VaultSnapshotService.java:[29,17] cannot find symbol
  symbol:   class UserRepository
  location: class com.revature.vault.service.vault.VaultSnapshotService
[ERROR] /E:/MicroServices/manager/microservices/vault-service/src/main/java/com/revature/vault/service/vault/VaultSnapshotService.java:[22,1] cannot find symbol
  symbol:   class UserRepository
  location: class com.revature.vault.service.vault.VaultSnapshotService
[ERROR] /E:/MicroServices/manager/microservices/vault-service/src/main/java/com/revature/vault/repository/FolderRepository.java:[17,45] cannot find symbol
  symbol:   class User
  location: interface com.revature.vault.repository.FolderRepository
[ERROR] /E:/MicroServices/manager/microservices/vault-service/src/main/java/com/revature/vault/controller/PasswordGeneratorController.java:[5,43] package com.revature.vault.service.security does not exist
[ERROR] /E:/MicroServices/manager/microservices/vault-service/src/main/java/com/revature/vault/controller/PasswordGeneratorController.java:[6,43] package com.revature.vault.service.security does not exist
[ERROR] /E:/MicroServices/manager/microservices/vault-service/src/main/java/com/revature/vault/controller/PasswordGeneratorController.java:[25,17] cannot find symbol
  symbol:   class PasswordGeneratorService
  location: class com.revature.vault.controller.PasswordGeneratorController
[ERROR] /E:/MicroServices/manager/microservices/vault-service/src/main/java/com/revature/vault/controller/PasswordGeneratorController.java:[26,17] cannot find symbol
  symbol:   class PasswordStrengthService
  location: class com.revature.vault.controller.PasswordGeneratorController
[ERROR] /E:/MicroServices/manager/microservices/vault-service/src/main/java/com/revature/vault/controller/PasswordGeneratorController.java:[22,1] cannot find symbol
  symbol:   class PasswordGeneratorService
  location: class com.revature.vault.controller.PasswordGeneratorController
[ERROR] /E:/MicroServices/manager/microservices/vault-service/src/main/java/com/revature/vault/config/SecurityConfig.java:[3,35] cannot find symbol
  symbol:   class CustomUserDetailsService
  location: package com.revature.vault.security
[ERROR] /E:/MicroServices/manager/microservices/vault-service/src/main/java/com/revature/vault/config/SecurityConfig.java:[4,35] cannot find symbol
  symbol:   class JwtAuthenticationFilter
  location: package com.revature.vault.security
[ERROR] /E:/MicroServices/manager/microservices/vault-service/src/main/java/com/revature/vault/config/SecurityConfig.java:[28,17] cannot find symbol
  symbol:   class JwtAuthenticationFilter
  location: class com.revature.vault.config.SecurityConfig
[ERROR] /E:/MicroServices/manager/microservices/vault-service/src/main/java/com/revature/vault/security/RateLimitFilter.java:[3,43] package com.revature.vault.service.security does not exist
[ERROR] /E:/MicroServices/manager/microservices/vault-service/src/main/java/com/revature/vault/config/SecurityConfig.java:[30,17] cannot find symbol
  symbol:   class CustomUserDetailsService
  location: class com.revature.vault.config.SecurityConfig
[ERROR] /E:/MicroServices/manager/microservices/vault-service/src/main/java/com/revature/vault/config/SecurityConfig.java:[25,1] cannot find symbol
  symbol:   class JwtAuthenticationFilter
  location: class com.revature.vault.config.SecurityConfig
[ERROR] /E:/MicroServices/manager/microservices/vault-service/src/main/java/com/revature/vault/security/RateLimitFilter.java:[20,17] cannot find symbol
  symbol:   class RateLimitService
  location: class com.revature.vault.security.RateLimitFilter
[ERROR] /E:/MicroServices/manager/microservices/vault-service/src/main/java/com/revature/vault/security/RateLimitFilter.java:[17,1] cannot find symbol
  symbol:   class RateLimitService
  location: class com.revature.vault.security.RateLimitFilter
[ERROR] /E:/MicroServices/manager/microservices/vault-service/src/main/java/com/revature/vault/service/vault/VaultTrashService.java:[5,37] package com.revature.vault.model.user does not exist
[ERROR] /E:/MicroServices/manager/microservices/vault-service/src/main/java/com/revature/vault/service/vault/VaultTrashService.java:[7,37] cannot find symbol
  symbol:   class UserRepository
  location: package com.revature.vault.repository
[ERROR] /E:/MicroServices/manager/microservices/vault-service/src/main/java/com/revature/vault/service/vault/VaultTrashService.java:[10,37] cannot find symbol
  symbol:   class PasswordAnalysisRepository
  location: package com.revature.vault.repository
[ERROR] /E:/MicroServices/manager/microservices/vault-service/src/main/java/com/revature/vault/service/vault/VaultTrashService.java:[12,47] package com.revature.vault.service.notification does not exist
[ERROR] /E:/MicroServices/manager/microservices/vault-service/src/main/java/com/revature/vault/service/vault/VaultTrashService.java:[13,58] package com.revature.vault.model.notification.Notification does not exist
[ERROR] /E:/MicroServices/manager/microservices/vault-service/src/main/java/com/revature/vault/service/vault/VaultTrashService.java:[33,17] cannot find symbol
  symbol:   class UserRepository
  location: class com.revature.vault.service.vault.VaultTrashService
[ERROR] /E:/MicroServices/manager/microservices/vault-service/src/main/java/com/revature/vault/service/vault/VaultTrashService.java:[35,17] cannot find symbol
  symbol:   class PasswordAnalysisRepository
  location: class com.revature.vault.service.vault.VaultTrashService
[ERROR] /E:/MicroServices/manager/microservices/vault-service/src/main/java/com/revature/vault/service/vault/VaultTrashService.java:[36,17] cannot find symbol
  symbol:   class NotificationService
  location: class com.revature.vault.service.vault.VaultTrashService
[ERROR] /E:/MicroServices/manager/microservices/vault-service/src/main/java/com/revature/vault/service/vault/VaultTrashService.java:[26,1] cannot find symbol
  symbol:   class UserRepository
  location: class com.revature.vault.service.vault.VaultTrashService
[ERROR] /E:/MicroServices/manager/microservices/vault-service/src/main/java/com/revature/vault/service/dashboard/PasswordStrengthDashboardService.java:[9,42] package com.revature.vault.model.dashboard does not exist
[ERROR] /E:/MicroServices/manager/microservices/vault-service/src/main/java/com/revature/vault/service/dashboard/PasswordStrengthDashboardService.java:[10,50] package com.revature.vault.model.security.AuditLog does not exist
[ERROR] /E:/MicroServices/manager/microservices/vault-service/src/main/java/com/revature/vault/service/dashboard/PasswordStrengthDashboardService.java:[11,37] package com.revature.vault.model.user does not exist
[ERROR] /E:/MicroServices/manager/microservices/vault-service/src/main/java/com/revature/vault/service/dashboard/PasswordStrengthDashboardService.java:[13,37] cannot find symbol
  symbol:   class UserRepository
  location: package com.revature.vault.repository
[ERROR] /E:/MicroServices/manager/microservices/vault-service/src/main/java/com/revature/vault/service/dashboard/PasswordStrengthDashboardService.java:[14,43] package com.revature.vault.service.security does not exist
[ERROR] /E:/MicroServices/manager/microservices/vault-service/src/main/java/com/revature/vault/service/dashboard/SecurityMetricsCalculator.java:[9,43] package com.revature.vault.service.security does not exist
[ERROR] /E:/MicroServices/manager/microservices/vault-service/src/main/java/com/revature/vault/repository/SecurityMetricsHistoryRepository.java:[3,42] package com.revature.vault.model.dashboard does not exist
[ERROR] /E:/MicroServices/manager/microservices/vault-service/src/main/java/com/revature/vault/repository/SecurityMetricsHistoryRepository.java:[14,73] cannot find symbol
  symbol: class SecurityMetricsHistory
[ERROR] /E:/MicroServices/manager/microservices/vault-service/src/main/java/com/revature/vault/service/dashboard/PasswordStrengthDashboardService.java:[29,19] cannot find symbol
  symbol:   class UserRepository
  location: class com.revature.vault.service.dashboard.PasswordStrengthDashboardService
[ERROR] /E:/MicroServices/manager/microservices/vault-service/src/main/java/com/revature/vault/service/dashboard/PasswordStrengthDashboardService.java:[30,19] cannot find symbol
  symbol:   class AuditLogService
  location: class com.revature.vault.service.dashboard.PasswordStrengthDashboardService
[ERROR] /E:/MicroServices/manager/microservices/vault-service/src/main/java/com/revature/vault/service/dashboard/PasswordStrengthDashboardService.java:[137,51] cannot find symbol
  symbol:   class User
  location: class com.revature.vault.service.dashboard.PasswordStrengthDashboardService
[ERROR] /E:/MicroServices/manager/microservices/vault-service/src/main/java/com/revature/vault/service/dashboard/PasswordStrengthDashboardService.java:[24,1] cannot find symbol
  symbol:   class UserRepository
  location: class com.revature.vault.service.dashboard.PasswordStrengthDashboardService
[ERROR] /E:/MicroServices/manager/microservices/vault-service/src/main/java/com/revature/vault/repository/SecurityMetricsHistoryRepository.java:[16,10] cannot find symbol
  symbol:   class SecurityMetricsHistory
  location: interface com.revature.vault.repository.SecurityMetricsHistoryRepository
[ERROR] /E:/MicroServices/manager/microservices/vault-service/src/main/java/com/revature/vault/repository/SecurityMetricsHistoryRepository.java:[18,10] cannot find symbol
  symbol:   class SecurityMetricsHistory
  location: interface com.revature.vault.repository.SecurityMetricsHistoryRepository
[ERROR] /E:/MicroServices/manager/microservices/vault-service/src/main/java/com/revature/vault/repository/SecurityMetricsHistoryRepository.java:[21,14] cannot find symbol
  symbol:   class SecurityMetricsHistory
  location: interface com.revature.vault.repository.SecurityMetricsHistoryRepository
[ERROR] /E:/MicroServices/manager/microservices/vault-service/src/main/java/com/revature/vault/repository/SecurityMetricsHistoryRepository.java:[25,10] cannot find symbol
  symbol:   class SecurityMetricsHistory
  location: interface com.revature.vault.repository.SecurityMetricsHistoryRepository
[ERROR] /E:/MicroServices/manager/microservices/vault-service/src/main/java/com/revature/vault/service/dashboard/SecurityMetricsCalculator.java:[34,19] cannot find symbol
  symbol:   class EncryptionService
  location: class com.revature.vault.service.dashboard.SecurityMetricsCalculator
[ERROR] /E:/MicroServices/manager/microservices/vault-service/src/main/java/com/revature/vault/service/dashboard/SecurityMetricsCalculator.java:[25,1] cannot find symbol
  symbol:   class EncryptionService
  location: class com.revature.vault.service.dashboard.SecurityMetricsCalculator
[ERROR] /E:/MicroServices/manager/microservices/vault-service/src/main/java/com/revature/vault/service/vault/CategoryService.java:[6,37] package com.revature.vault.model.user does not exist
[ERROR] /E:/MicroServices/manager/microservices/vault-service/src/main/java/com/revature/vault/service/vault/CategoryService.java:[9,37] cannot find symbol
  symbol:   class UserRepository
  location: package com.revature.vault.repository
[ERROR] /E:/MicroServices/manager/microservices/vault-service/src/main/java/com/revature/vault/service/vault/CategoryService.java:[22,17] cannot find symbol
  symbol:   class UserRepository
  location: class com.revature.vault.service.vault.CategoryService
[ERROR] /E:/MicroServices/manager/microservices/vault-service/src/main/java/com/revature/vault/service/vault/CategoryService.java:[18,1] cannot find symbol
  symbol:   class UserRepository
  location: class com.revature.vault.service.vault.CategoryService
[ERROR] /E:/MicroServices/manager/microservices/vault-service/src/main/java/com/revature/vault/aspect/AuditLogAspect.java:[3,50] package com.revature.vault.model.security.AuditLog does not exist
[ERROR] /E:/MicroServices/manager/microservices/vault-service/src/main/java/com/revature/vault/aspect/AuditLogAspect.java:[4,43] package com.revature.vault.service.security does not exist
[ERROR] /E:/MicroServices/manager/microservices/vault-service/src/main/java/com/revature/vault/aspect/AuditLogAspect.java:[21,17] cannot find symbol
  symbol:   class AuditLogService
  location: class com.revature.vault.aspect.AuditLogAspect
[ERROR] /E:/MicroServices/manager/microservices/vault-service/src/main/java/com/revature/vault/aspect/AuditLogAspect.java:[17,1] cannot find symbol
  symbol:   class AuditLogService
  location: class com.revature.vault.aspect.AuditLogAspect
[ERROR] /E:/MicroServices/manager/microservices/vault-service/src/main/java/com/revature/vault/controller/SecurityController.java:[8,43] package com.revature.vault.service.security does not exist
[ERROR] /E:/MicroServices/manager/microservices/vault-service/src/main/java/com/revature/vault/controller/SecurityController.java:[9,43] package com.revature.vault.service.security does not exist
[ERROR] /E:/MicroServices/manager/microservices/vault-service/src/main/java/com/revature/vault/controller/SecurityController.java:[10,43] package com.revature.vault.service.security does not exist
[ERROR] /E:/MicroServices/manager/microservices/vault-service/src/main/java/com/revature/vault/controller/SecurityController.java:[11,43] package com.revature.vault.service.security does not exist
[ERROR] /E:/MicroServices/manager/microservices/vault-service/src/main/java/com/revature/vault/controller/SecurityController.java:[25,17] cannot find symbol
  symbol:   class AuditLogService
  location: class com.revature.vault.controller.SecurityController
[ERROR] /E:/MicroServices/manager/microservices/vault-service/src/main/java/com/revature/vault/controller/SecurityController.java:[26,17] cannot find symbol
  symbol:   class LoginAttemptService
  location: class com.revature.vault.controller.SecurityController
[ERROR] /E:/MicroServices/manager/microservices/vault-service/src/main/java/com/revature/vault/controller/SecurityController.java:[27,17] cannot find symbol
  symbol:   class SecurityAlertService
  location: class com.revature.vault.controller.SecurityController
[ERROR] /E:/MicroServices/manager/microservices/vault-service/src/main/java/com/revature/vault/controller/SecurityController.java:[28,17] cannot find symbol
  symbol:   class SecurityAuditService
  location: class com.revature.vault.controller.SecurityController
[ERROR] /E:/MicroServices/manager/microservices/vault-service/src/main/java/com/revature/vault/controller/SecurityController.java:[22,1] cannot find symbol
  symbol:   class AuditLogService
  location: class com.revature.vault.controller.SecurityController
[ERROR] /E:/MicroServices/manager/microservices/vault-service/src/main/java/com/revature/vault/service/vault/FolderService.java:[5,37] package com.revature.vault.model.user does not exist
[ERROR] /E:/MicroServices/manager/microservices/vault-service/src/main/java/com/revature/vault/service/vault/FolderService.java:[8,37] cannot find symbol
  symbol:   class UserRepository
  location: package com.revature.vault.repository
[ERROR] /E:/MicroServices/manager/microservices/vault-service/src/main/java/com/revature/vault/service/vault/FolderService.java:[21,17] cannot find symbol
  symbol:   class UserRepository
  location: class com.revature.vault.service.vault.FolderService
[ERROR] /E:/MicroServices/manager/microservices/vault-service/src/main/java/com/revature/vault/service/vault/FolderService.java:[17,1] cannot find symbol
  symbol:   class UserRepository
  location: class com.revature.vault.service.vault.FolderService
[ERROR] /E:/MicroServices/manager/microservices/vault-service/src/main/java/com/revature/vault/controller/BackupController.java:[7,41] package com.revature.vault.service.backup does not exist
[ERROR] /E:/MicroServices/manager/microservices/vault-service/src/main/java/com/revature/vault/controller/BackupController.java:[8,41] package com.revature.vault.service.backup does not exist
[ERROR] /E:/MicroServices/manager/microservices/vault-service/src/main/java/com/revature/vault/controller/BackupController.java:[9,41] package com.revature.vault.service.backup does not exist
[ERROR] /E:/MicroServices/manager/microservices/vault-service/src/main/java/com/revature/vault/controller/BackupController.java:[25,17] cannot find symbol
  symbol:   class ExportService
  location: class com.revature.vault.controller.BackupController
[ERROR] /E:/MicroServices/manager/microservices/vault-service/src/main/java/com/revature/vault/controller/BackupController.java:[26,17] cannot find symbol
  symbol:   class ImportService
  location: class com.revature.vault.controller.BackupController
[ERROR] /E:/MicroServices/manager/microservices/vault-service/src/main/java/com/revature/vault/controller/BackupController.java:[27,17] cannot find symbol
  symbol:   class ThirdPartyImportService
  location: class com.revature.vault.controller.BackupController
[ERROR] /E:/MicroServices/manager/microservices/vault-service/src/main/java/com/revature/vault/controller/BackupController.java:[20,1] cannot find symbol
  symbol:   class ExportService
  location: class com.revature.vault.controller.BackupController
[ERROR] /E:/MicroServices/manager/microservices/vault-service/src/main/java/com/revature/vault/service/sharing/SecureShareService.java:[9,37] package com.revature.vault.model.user does not exist
[ERROR] /E:/MicroServices/manager/microservices/vault-service/src/main/java/com/revature/vault/service/sharing/SecureShareService.java:[11,58] package com.revature.vault.model.notification.Notification does not exist
[ERROR] /E:/MicroServices/manager/microservices/vault-service/src/main/java/com/revature/vault/service/sharing/SecureShareService.java:[12,50] package com.revature.vault.model.security.AuditLog does not exist
[ERROR] /E:/MicroServices/manager/microservices/vault-service/src/main/java/com/revature/vault/service/sharing/SecureShareService.java:[14,37] cannot find symbol
  symbol:   class UserRepository
  location: package com.revature.vault.repository
[ERROR] /E:/MicroServices/manager/microservices/vault-service/src/main/java/com/revature/vault/service/sharing/SecureShareService.java:[16,40] package com.revature.vault.service.email does not exist
[ERROR] /E:/MicroServices/manager/microservices/vault-service/src/main/java/com/revature/vault/service/sharing/SecureShareService.java:[17,47] package com.revature.vault.service.notification does not exist
[ERROR] /E:/MicroServices/manager/microservices/vault-service/src/main/java/com/revature/vault/service/sharing/SecureShareService.java:[18,43] package com.revature.vault.service.security does not exist
[ERROR] /E:/MicroServices/manager/microservices/vault-service/src/main/java/com/revature/vault/service/sharing/SecureShareService.java:[19,43] package com.revature.vault.service.security does not exist
[ERROR] /E:/MicroServices/manager/microservices/vault-service/src/main/java/com/revature/vault/service/sharing/SecureShareService.java:[40,19] cannot find symbol
  symbol:   class UserRepository
  location: class com.revature.vault.service.sharing.SecureShareService
[ERROR] /E:/MicroServices/manager/microservices/vault-service/src/main/java/com/revature/vault/service/sharing/SecureShareService.java:[42,19] cannot find symbol
  symbol:   class EncryptionService
  location: class com.revature.vault.service.sharing.SecureShareService
[ERROR] /E:/MicroServices/manager/microservices/vault-service/src/main/java/com/revature/vault/service/sharing/SecureShareService.java:[46,19] cannot find symbol
  symbol:   class EmailService
  location: class com.revature.vault.service.sharing.SecureShareService
[ERROR] /E:/MicroServices/manager/microservices/vault-service/src/main/java/com/revature/vault/service/sharing/SecureShareService.java:[47,19] cannot find symbol
  symbol:   class NotificationService
  location: class com.revature.vault.service.sharing.SecureShareService
[ERROR] /E:/MicroServices/manager/microservices/vault-service/src/main/java/com/revature/vault/service/sharing/SecureShareService.java:[48,19] cannot find symbol
  symbol:   class AuditLogService
  location: class com.revature.vault.service.sharing.SecureShareService
[ERROR] /E:/MicroServices/manager/microservices/vault-service/src/main/java/com/revature/vault/service/sharing/SecureShareService.java:[34,1] cannot find symbol
  symbol:   class UserRepository
  location: class com.revature.vault.service.sharing.SecureShareService
[ERROR] /E:/MicroServices/manager/microservices/vault-service/src/main/java/com/revature/vault/controller/UserSettingsController.java:[3,38] cannot find symbol
  symbol:   class UserSettingsRequest
  location: package com.revature.vault.dto.request
[ERROR] /E:/MicroServices/manager/microservices/vault-service/src/main/java/com/revature/vault/controller/UserSettingsController.java:[4,39] cannot find symbol
  symbol:   class UserSettingsResponse
  location: package com.revature.vault.dto.response
[ERROR] /E:/MicroServices/manager/microservices/vault-service/src/main/java/com/revature/vault/controller/UserSettingsController.java:[5,39] package com.revature.vault.service.user does not exist
[ERROR] /E:/MicroServices/manager/microservices/vault-service/src/main/java/com/revature/vault/controller/UserSettingsController.java:[17,17] cannot find symbol
  symbol:   class UserSettingsService
  location: class com.revature.vault.controller.UserSettingsController
[ERROR] /E:/MicroServices/manager/microservices/vault-service/src/main/java/com/revature/vault/controller/UserSettingsController.java:[20,25] cannot find symbol
  symbol:   class UserSettingsResponse
  location: class com.revature.vault.controller.UserSettingsController
[INFO] 100 errors 
[INFO] -------------------------------------------------------------
[INFO] ------------------------------------------------------------------------
[INFO] BUILD FAILURE
[INFO] ------------------------------------------------------------------------
[INFO] Total time:  7.894 s
[INFO] Finished at: 2026-03-12T20:14:13+05:30
[INFO] ------------------------------------------------------------------------
[ERROR] Failed to execute goal org.apache.maven.plugins:maven-compiler-plugin:3.11.0:compile (default-compile) on project vault-service: Compilation failure: Compilation failure: 
[ERROR] /E:/MicroServices/manager/microservices/vault-service/src/main/java/com/revature/vault/service/vault/VaultService.java:[15,37] cannot find symbol
[ERROR]   symbol:   class UserSettingsRepository
[ERROR]   location: package com.revature.vault.repository
[ERROR] /E:/MicroServices/manager/microservices/vault-service/src/main/java/com/revature/vault/service/vault/VaultService.java:[20,43] package com.revature.vault.service.security does not exist
[ERROR] /E:/MicroServices/manager/microservices/vault-service/src/main/java/com/revature/vault/service/vault/VaultService.java:[54,17] cannot find symbol
[ERROR]   symbol:   class EncryptionService
[ERROR]   location: class com.revature.vault.service.vault.VaultService
[ERROR] /E:/MicroServices/manager/microservices/vault-service/src/main/java/com/revature/vault/service/vault/VaultSnapshotService.java:[5,37] package com.revature.vault.model.user does not exist
[ERROR] /E:/MicroServices/manager/microservices/vault-service/src/main/java/com/revature/vault/service/vault/VaultSnapshotService.java:[8,37] cannot find symbol
[ERROR]   symbol:   class UserRepository
[ERROR]   location: package com.revature.vault.repository
[ERROR] /E:/MicroServices/manager/microservices/vault-service/src/main/java/com/revature/vault/service/vault/VaultService.java:[60,17] cannot find symbol
[ERROR]   symbol:   class UserSettingsRepository
[ERROR]   location: class com.revature.vault.service.vault.VaultService
[ERROR] /E:/MicroServices/manager/microservices/vault-service/src/main/java/com/revature/vault/service/vault/DuressService.java:[5,47] package com.revature.passwordmanager.repository does not exist
[ERROR] /E:/MicroServices/manager/microservices/vault-service/src/main/java/com/revature/vault/service/vault/VaultService.java:[47,1] cannot find symbol
[ERROR]   symbol:   class EncryptionService
[ERROR]   location: class com.revature.vault.service.vault.VaultService
[ERROR] /E:/MicroServices/manager/microservices/vault-service/src/main/java/com/revature/vault/service/vault/DuressService.java:[20,17] cannot find symbol
[ERROR]   symbol:   class UserRepository
[ERROR]   location: class com.revature.vault.service.vault.DuressService
[ERROR] /E:/MicroServices/manager/microservices/vault-service/src/main/java/com/revature/vault/service/vault/DuressService.java:[17,1] cannot find symbol
[ERROR]   symbol:   class UserRepository
[ERROR]   location: class com.revature.vault.service.vault.DuressService
[ERROR] /E:/MicroServices/manager/microservices/vault-service/src/main/java/com/revature/vault/service/vault/VaultSnapshotService.java:[29,17] cannot find symbol
[ERROR]   symbol:   class UserRepository
[ERROR]   location: class com.revature.vault.service.vault.VaultSnapshotService
[ERROR] /E:/MicroServices/manager/microservices/vault-service/src/main/java/com/revature/vault/service/vault/VaultSnapshotService.java:[22,1] cannot find symbol
[ERROR]   symbol:   class UserRepository
[ERROR]   location: class com.revature.vault.service.vault.VaultSnapshotService
[ERROR] /E:/MicroServices/manager/microservices/vault-service/src/main/java/com/revature/vault/repository/FolderRepository.java:[17,45] cannot find symbol
[ERROR]   symbol:   class User
[ERROR]   location: interface com.revature.vault.repository.FolderRepository
[ERROR] /E:/MicroServices/manager/microservices/vault-service/src/main/java/com/revature/vault/controller/PasswordGeneratorController.java:[5,43] package com.revature.vault.service.security does not exist
[ERROR] /E:/MicroServices/manager/microservices/vault-service/src/main/java/com/revature/vault/controller/PasswordGeneratorController.java:[6,43] package com.revature.vault.service.security does not exist
[ERROR] /E:/MicroServices/manager/microservices/vault-service/src/main/java/com/revature/vault/controller/PasswordGeneratorController.java:[25,17] cannot find symbol
[ERROR]   symbol:   class PasswordGeneratorService
[ERROR]   location: class com.revature.vault.controller.PasswordGeneratorController
[ERROR] /E:/MicroServices/manager/microservices/vault-service/src/main/java/com/revature/vault/controller/PasswordGeneratorController.java:[26,17] cannot find symbol
[ERROR]   symbol:   class PasswordStrengthService
[ERROR]   location: class com.revature.vault.controller.PasswordGeneratorController
[ERROR] /E:/MicroServices/manager/microservices/vault-service/src/main/java/com/revature/vault/controller/PasswordGeneratorController.java:[22,1] cannot find symbol
[ERROR]   symbol:   class PasswordGeneratorService
[ERROR]   location: class com.revature.vault.controller.PasswordGeneratorController
[ERROR] /E:/MicroServices/manager/microservices/vault-service/src/main/java/com/revature/vault/config/SecurityConfig.java:[3,35] cannot find symbol
[ERROR]   symbol:   class CustomUserDetailsService
[ERROR]   location: package com.revature.vault.security
[ERROR] /E:/MicroServices/manager/microservices/vault-service/src/main/java/com/revature/vault/config/SecurityConfig.java:[4,35] cannot find symbol
[ERROR]   symbol:   class JwtAuthenticationFilter
[ERROR]   location: package com.revature.vault.security
[ERROR] /E:/MicroServices/manager/microservices/vault-service/src/main/java/com/revature/vault/config/SecurityConfig.java:[28,17] cannot find symbol
[ERROR]   symbol:   class JwtAuthenticationFilter
[ERROR]   location: class com.revature.vault.config.SecurityConfig
[ERROR] /E:/MicroServices/manager/microservices/vault-service/src/main/java/com/revature/vault/security/RateLimitFilter.java:[3,43] package com.revature.vault.service.security does not exist
[ERROR] /E:/MicroServices/manager/microservices/vault-service/src/main/java/com/revature/vault/config/SecurityConfig.java:[30,17] cannot find symbol
[ERROR]   symbol:   class CustomUserDetailsService
[ERROR]   location: class com.revature.vault.config.SecurityConfig
[ERROR] /E:/MicroServices/manager/microservices/vault-service/src/main/java/com/revature/vault/config/SecurityConfig.java:[25,1] cannot find symbol
[ERROR]   symbol:   class JwtAuthenticationFilter
[ERROR]   location: class com.revature.vault.config.SecurityConfig
[ERROR] /E:/MicroServices/manager/microservices/vault-service/src/main/java/com/revature/vault/security/RateLimitFilter.java:[20,17] cannot find symbol
[ERROR]   symbol:   class RateLimitService
[ERROR]   location: class com.revature.vault.security.RateLimitFilter
[ERROR] /E:/MicroServices/manager/microservices/vault-service/src/main/java/com/revature/vault/security/RateLimitFilter.java:[17,1] cannot find symbol
[ERROR]   symbol:   class RateLimitService
[ERROR]   location: class com.revature.vault.security.RateLimitFilter
[ERROR] /E:/MicroServices/manager/microservices/vault-service/src/main/java/com/revature/vault/service/vault/VaultTrashService.java:[5,37] package com.revature.vault.model.user does not exist
[ERROR] /E:/MicroServices/manager/microservices/vault-service/src/main/java/com/revature/vault/service/vault/VaultTrashService.java:[7,37] cannot find symbol
[ERROR]   symbol:   class UserRepository
[ERROR]   location: package com.revature.vault.repository
[ERROR] /E:/MicroServices/manager/microservices/vault-service/src/main/java/com/revature/vault/service/vault/VaultTrashService.java:[10,37] cannot find symbol
[ERROR]   symbol:   class PasswordAnalysisRepository
[ERROR]   location: package com.revature.vault.repository
[ERROR] /E:/MicroServices/manager/microservices/vault-service/src/main/java/com/revature/vault/service/vault/VaultTrashService.java:[12,47] package com.revature.vault.service.notification does not exist
[ERROR] /E:/MicroServices/manager/microservices/vault-service/src/main/java/com/revature/vault/service/vault/VaultTrashService.java:[13,58] package com.revature.vault.model.notification.Notification does not exist
[ERROR] /E:/MicroServices/manager/microservices/vault-service/src/main/java/com/revature/vault/service/vault/VaultTrashService.java:[33,17] cannot find symbol
[ERROR]   symbol:   class UserRepository
[ERROR]   location: class com.revature.vault.service.vault.VaultTrashService
[ERROR] /E:/MicroServices/manager/microservices/vault-service/src/main/java/com/revature/vault/service/vault/VaultTrashService.java:[35,17] cannot find symbol
[ERROR]   symbol:   class PasswordAnalysisRepository
[ERROR]   location: class com.revature.vault.service.vault.VaultTrashService
[ERROR] /E:/MicroServices/manager/microservices/vault-service/src/main/java/com/revature/vault/service/vault/VaultTrashService.java:[36,17] cannot find symbol
[ERROR]   symbol:   class NotificationService
[ERROR]   location: class com.revature.vault.service.vault.VaultTrashService
[ERROR] /E:/MicroServices/manager/microservices/vault-service/src/main/java/com/revature/vault/service/vault/VaultTrashService.java:[26,1] cannot find symbol
[ERROR]   symbol:   class UserRepository
[ERROR]   location: class com.revature.vault.service.vault.VaultTrashService
[ERROR] /E:/MicroServices/manager/microservices/vault-service/src/main/java/com/revature/vault/service/dashboard/PasswordStrengthDashboardService.java:[9,42] package com.revature.vault.model.dashboard does not exist
[ERROR] /E:/MicroServices/manager/microservices/vault-service/src/main/java/com/revature/vault/service/dashboard/PasswordStrengthDashboardService.java:[10,50] package com.revature.vault.model.security.AuditLog does not exist
[ERROR] /E:/MicroServices/manager/microservices/vault-service/src/main/java/com/revature/vault/service/dashboard/PasswordStrengthDashboardService.java:[11,37] package com.revature.vault.model.user does not exist
[ERROR] /E:/MicroServices/manager/microservices/vault-service/src/main/java/com/revature/vault/service/dashboard/PasswordStrengthDashboardService.java:[13,37] cannot find symbol
[ERROR]   symbol:   class UserRepository
[ERROR]   location: package com.revature.vault.repository
[ERROR] /E:/MicroServices/manager/microservices/vault-service/src/main/java/com/revature/vault/service/dashboard/PasswordStrengthDashboardService.java:[14,43] package com.revature.vault.service.security does not exist
[ERROR] /E:/MicroServices/manager/microservices/vault-service/src/main/java/com/revature/vault/service/dashboard/SecurityMetricsCalculator.java:[9,43] package com.revature.vault.service.security does not exist
[ERROR] /E:/MicroServices/manager/microservices/vault-service/src/main/java/com/revature/vault/repository/SecurityMetricsHistoryRepository.java:[3,42] package com.revature.vault.model.dashboard does not exist
[ERROR] /E:/MicroServices/manager/microservices/vault-service/src/main/java/com/revature/vault/repository/SecurityMetricsHistoryRepository.java:[14,73] cannot find symbol
[ERROR]   symbol: class SecurityMetricsHistory
[ERROR] /E:/MicroServices/manager/microservices/vault-service/src/main/java/com/revature/vault/service/dashboard/PasswordStrengthDashboardService.java:[29,19] cannot find symbol
[ERROR]   symbol:   class UserRepository
[ERROR]   location: class com.revature.vault.service.dashboard.PasswordStrengthDashboardService
[ERROR] /E:/MicroServices/manager/microservices/vault-service/src/main/java/com/revature/vault/service/dashboard/PasswordStrengthDashboardService.java:[30,19] cannot find symbol
[ERROR]   symbol:   class AuditLogService
[ERROR]   location: class com.revature.vault.service.dashboard.PasswordStrengthDashboardService
[ERROR] /E:/MicroServices/manager/microservices/vault-service/src/main/java/com/revature/vault/service/dashboard/PasswordStrengthDashboardService.java:[137,51] cannot find symbol
[ERROR]   symbol:   class User
[ERROR]   location: class com.revature.vault.service.dashboard.PasswordStrengthDashboardService
[ERROR] /E:/MicroServices/manager/microservices/vault-service/src/main/java/com/revature/vault/service/dashboard/PasswordStrengthDashboardService.java:[24,1] cannot find symbol
[ERROR]   symbol:   class UserRepository
[ERROR]   location: class com.revature.vault.service.dashboard.PasswordStrengthDashboardService
[ERROR] /E:/MicroServices/manager/microservices/vault-service/src/main/java/com/revature/vault/repository/SecurityMetricsHistoryRepository.java:[16,10] cannot find symbol
[ERROR]   symbol:   class SecurityMetricsHistory
[ERROR]   location: interface com.revature.vault.repository.SecurityMetricsHistoryRepository
[ERROR] /E:/MicroServices/manager/microservices/vault-service/src/main/java/com/revature/vault/repository/SecurityMetricsHistoryRepository.java:[18,10] cannot find symbol
[ERROR]   symbol:   class SecurityMetricsHistory
[ERROR]   location: interface com.revature.vault.repository.SecurityMetricsHistoryRepository
[ERROR] /E:/MicroServices/manager/microservices/vault-service/src/main/java/com/revature/vault/repository/SecurityMetricsHistoryRepository.java:[21,14] cannot find symbol
[ERROR]   symbol:   class SecurityMetricsHistory
[ERROR]   location: interface com.revature.vault.repository.SecurityMetricsHistoryRepository
[ERROR] /E:/MicroServices/manager/microservices/vault-service/src/main/java/com/revature/vault/repository/SecurityMetricsHistoryRepository.java:[25,10] cannot find symbol
[ERROR]   symbol:   class SecurityMetricsHistory
[ERROR]   location: interface com.revature.vault.repository.SecurityMetricsHistoryRepository
[ERROR] /E:/MicroServices/manager/microservices/vault-service/src/main/java/com/revature/vault/service/dashboard/SecurityMetricsCalculator.java:[34,19] cannot find symbol
[ERROR]   symbol:   class EncryptionService
[ERROR]   location: class com.revature.vault.service.dashboard.SecurityMetricsCalculator
[ERROR] /E:/MicroServices/manager/microservices/vault-service/src/main/java/com/revature/vault/service/dashboard/SecurityMetricsCalculator.java:[25,1] cannot find symbol
[ERROR]   symbol:   class EncryptionService
[ERROR]   location: class com.revature.vault.service.dashboard.SecurityMetricsCalculator
[ERROR] /E:/MicroServices/manager/microservices/vault-service/src/main/java/com/revature/vault/service/vault/CategoryService.java:[6,37] package com.revature.vault.model.user does not exist
[ERROR] /E:/MicroServices/manager/microservices/vault-service/src/main/java/com/revature/vault/service/vault/CategoryService.java:[9,37] cannot find symbol
[ERROR]   symbol:   class UserRepository
[ERROR]   location: package com.revature.vault.repository
[ERROR] /E:/MicroServices/manager/microservices/vault-service/src/main/java/com/revature/vault/service/vault/CategoryService.java:[22,17] cannot find symbol
[ERROR]   symbol:   class UserRepository
[ERROR]   location: class com.revature.vault.service.vault.CategoryService
[ERROR] /E:/MicroServices/manager/microservices/vault-service/src/main/java/com/revature/vault/service/vault/CategoryService.java:[18,1] cannot find symbol
[ERROR]   symbol:   class UserRepository
[ERROR]   location: class com.revature.vault.service.vault.CategoryService
[ERROR] /E:/MicroServices/manager/microservices/vault-service/src/main/java/com/revature/vault/aspect/AuditLogAspect.java:[3,50] package com.revature.vault.model.security.AuditLog does not exist
[ERROR] /E:/MicroServices/manager/microservices/vault-service/src/main/java/com/revature/vault/aspect/AuditLogAspect.java:[4,43] package com.revature.vault.service.security does not exist
[ERROR] /E:/MicroServices/manager/microservices/vault-service/src/main/java/com/revature/vault/aspect/AuditLogAspect.java:[21,17] cannot find symbol
[ERROR]   symbol:   class AuditLogService
[ERROR]   location: class com.revature.vault.aspect.AuditLogAspect
[ERROR] /E:/MicroServices/manager/microservices/vault-service/src/main/java/com/revature/vault/aspect/AuditLogAspect.java:[17,1] cannot find symbol
[ERROR]   symbol:   class AuditLogService
[ERROR]   location: class com.revature.vault.aspect.AuditLogAspect
[ERROR] /E:/MicroServices/manager/microservices/vault-service/src/main/java/com/revature/vault/controller/SecurityController.java:[8,43] package com.revature.vault.service.security does not exist
[ERROR] /E:/MicroServices/manager/microservices/vault-service/src/main/java/com/revature/vault/controller/SecurityController.java:[9,43] package com.revature.vault.service.security does not exist
[ERROR] /E:/MicroServices/manager/microservices/vault-service/src/main/java/com/revature/vault/controller/SecurityController.java:[10,43] package com.revature.vault.service.security does not exist
[ERROR] /E:/MicroServices/manager/microservices/vault-service/src/main/java/com/revature/vault/controller/SecurityController.java:[11,43] package com.revature.vault.service.security does not exist
[ERROR] /E:/MicroServices/manager/microservices/vault-service/src/main/java/com/revature/vault/controller/SecurityController.java:[25,17] cannot find symbol
[ERROR]   symbol:   class AuditLogService
[ERROR]   location: class com.revature.vault.controller.SecurityController
[ERROR] /E:/MicroServices/manager/microservices/vault-service/src/main/java/com/revature/vault/controller/SecurityController.java:[26,17] cannot find symbol
[ERROR]   symbol:   class LoginAttemptService
[ERROR]   location: class com.revature.vault.controller.SecurityController
[ERROR] /E:/MicroServices/manager/microservices/vault-service/src/main/java/com/revature/vault/controller/SecurityController.java:[27,17] cannot find symbol
[ERROR]   symbol:   class SecurityAlertService
[ERROR]   location: class com.revature.vault.controller.SecurityController
[ERROR] /E:/MicroServices/manager/microservices/vault-service/src/main/java/com/revature/vault/controller/SecurityController.java:[28,17] cannot find symbol
[ERROR]   symbol:   class SecurityAuditService
[ERROR]   location: class com.revature.vault.controller.SecurityController
[ERROR] /E:/MicroServices/manager/microservices/vault-service/src/main/java/com/revature/vault/controller/SecurityController.java:[22,1] cannot find symbol
[ERROR]   symbol:   class AuditLogService
[ERROR]   location: class com.revature.vault.controller.SecurityController
[ERROR] /E:/MicroServices/manager/microservices/vault-service/src/main/java/com/revature/vault/service/vault/FolderService.java:[5,37] package com.revature.vault.model.user does not exist
[ERROR] /E:/MicroServices/manager/microservices/vault-service/src/main/java/com/revature/vault/service/vault/FolderService.java:[8,37] cannot find symbol
[ERROR]   symbol:   class UserRepository
[ERROR]   location: package com.revature.vault.repository
[ERROR] /E:/MicroServices/manager/microservices/vault-service/src/main/java/com/revature/vault/service/vault/FolderService.java:[21,17] cannot find symbol
[ERROR]   symbol:   class UserRepository
[ERROR]   location: class com.revature.vault.service.vault.FolderService
[ERROR] /E:/MicroServices/manager/microservices/vault-service/src/main/java/com/revature/vault/service/vault/FolderService.java:[17,1] cannot find symbol
[ERROR]   symbol:   class UserRepository
[ERROR]   location: class com.revature.vault.service.vault.FolderService
[ERROR] /E:/MicroServices/manager/microservices/vault-service/src/main/java/com/revature/vault/controller/BackupController.java:[7,41] package com.revature.vault.service.backup does not exist
[ERROR] /E:/MicroServices/manager/microservices/vault-service/src/main/java/com/revature/vault/controller/BackupController.java:[8,41] package com.revature.vault.service.backup does not exist
[ERROR] /E:/MicroServices/manager/microservices/vault-service/src/main/java/com/revature/vault/controller/BackupController.java:[9,41] package com.revature.vault.service.backup does not exist
[ERROR] /E:/MicroServices/manager/microservices/vault-service/src/main/java/com/revature/vault/controller/BackupController.java:[25,17] cannot find symbol
[ERROR]   symbol:   class ExportService
[ERROR]   location: class com.revature.vault.controller.BackupController
[ERROR] /E:/MicroServices/manager/microservices/vault-service/src/main/java/com/revature/vault/controller/BackupController.java:[26,17] cannot find symbol
[ERROR]   symbol:   class ImportService
[ERROR]   location: class com.revature.vault.controller.BackupController
[ERROR] /E:/MicroServices/manager/microservices/vault-service/src/main/java/com/revature/vault/controller/BackupController.java:[27,17] cannot find symbol
[ERROR]   symbol:   class ThirdPartyImportService
[ERROR]   location: class com.revature.vault.controller.BackupController
[ERROR] /E:/MicroServices/manager/microservices/vault-service/src/main/java/com/revature/vault/controller/BackupController.java:[20,1] cannot find symbol
[ERROR]   symbol:   class ExportService
[ERROR]   location: class com.revature.vault.controller.BackupController
[ERROR] /E:/MicroServices/manager/microservices/vault-service/src/main/java/com/revature/vault/service/sharing/SecureShareService.java:[9,37] package com.revature.vault.model.user does not exist
[ERROR] /E:/MicroServices/manager/microservices/vault-service/src/main/java/com/revature/vault/service/sharing/SecureShareService.java:[11,58] package com.revature.vault.model.notification.Notification does not exist
[ERROR] /E:/MicroServices/manager/microservices/vault-service/src/main/java/com/revature/vault/service/sharing/SecureShareService.java:[12,50] package com.revature.vault.model.security.AuditLog does not exist
[ERROR] /E:/MicroServices/manager/microservices/vault-service/src/main/java/com/revature/vault/service/sharing/SecureShareService.java:[14,37] cannot find symbol
[ERROR]   symbol:   class UserRepository
[ERROR]   location: package com.revature.vault.repository
[ERROR] /E:/MicroServices/manager/microservices/vault-service/src/main/java/com/revature/vault/service/sharing/SecureShareService.java:[16,40] package com.revature.vault.service.email does not exist
[ERROR] /E:/MicroServices/manager/microservices/vault-service/src/main/java/com/revature/vault/service/sharing/SecureShareService.java:[17,47] package com.revature.vault.service.notification does not exist
[ERROR] /E:/MicroServices/manager/microservices/vault-service/src/main/java/com/revature/vault/service/sharing/SecureShareService.java:[18,43] package com.revature.vault.service.security does not exist
[ERROR] /E:/MicroServices/manager/microservices/vault-service/src/main/java/com/revature/vault/service/sharing/SecureShareService.java:[19,43] package com.revature.vault.service.security does not exist
[ERROR] /E:/MicroServices/manager/microservices/vault-service/src/main/java/com/revature/vault/service/sharing/SecureShareService.java:[40,19] cannot find symbol
[ERROR]   symbol:   class UserRepository
[ERROR]   location: class com.revature.vault.service.sharing.SecureShareService
[ERROR] /E:/MicroServices/manager/microservices/vault-service/src/main/java/com/revature/vault/service/sharing/SecureShareService.java:[42,19] cannot find symbol
[ERROR]   symbol:   class EncryptionService
[ERROR]   location: class com.revature.vault.service.sharing.SecureShareService
[ERROR] /E:/MicroServices/manager/microservices/vault-service/src/main/java/com/revature/vault/service/sharing/SecureShareService.java:[46,19] cannot find symbol
[ERROR]   symbol:   class EmailService
[ERROR]   location: class com.revature.vault.service.sharing.SecureShareService
[ERROR] /E:/MicroServices/manager/microservices/vault-service/src/main/java/com/revature/vault/service/sharing/SecureShareService.java:[47,19] cannot find symbol
[ERROR]   symbol:   class NotificationService
[ERROR]   location: class com.revature.vault.service.sharing.SecureShareService
[ERROR] /E:/MicroServices/manager/microservices/vault-service/src/main/java/com/revature/vault/service/sharing/SecureShareService.java:[48,19] cannot find symbol
[ERROR]   symbol:   class AuditLogService
[ERROR]   location: class com.revature.vault.service.sharing.SecureShareService
[ERROR] /E:/MicroServices/manager/microservices/vault-service/src/main/java/com/revature/vault/service/sharing/SecureShareService.java:[34,1] cannot find symbol
[ERROR]   symbol:   class UserRepository
[ERROR]   location: class com.revature.vault.service.sharing.SecureShareService
[ERROR] /E:/MicroServices/manager/microservices/vault-service/src/main/java/com/revature/vault/controller/UserSettingsController.java:[3,38] cannot find symbol
[ERROR]   symbol:   class UserSettingsRequest
[ERROR]   location: package com.revature.vault.dto.request
[ERROR] /E:/MicroServices/manager/microservices/vault-service/src/main/java/com/revature/vault/controller/UserSettingsController.java:[4,39] cannot find symbol
[ERROR]   symbol:   class UserSettingsResponse
[ERROR]   location: package com.revature.vault.dto.response
[ERROR] /E:/MicroServices/manager/microservices/vault-service/src/main/java/com/revature/vault/controller/UserSettingsController.java:[5,39] package com.revature.vault.service.user does not exist
[ERROR] /E:/MicroServices/manager/microservices/vault-service/src/main/java/com/revature/vault/controller/UserSettingsController.java:[17,17] cannot find symbol
[ERROR]   symbol:   class UserSettingsService
[ERROR]   location: class com.revature.vault.controller.UserSettingsController
[ERROR] /E:/MicroServices/manager/microservices/vault-service/src/main/java/com/revature/vault/controller/UserSettingsController.java:[20,25] cannot find symbol
[ERROR]   symbol:   class UserSettingsResponse
[ERROR]   location: class com.revature.vault.controller.UserSettingsController
[ERROR] -> [Help 1]
[ERROR] 
[ERROR] To see the full stack trace of the errors, re-run Maven with the -e switch.
[ERROR] Re-run Maven using the -X switch to enable full debug logging.
[ERROR] 
[ERROR] For more information about the errors and possible solutions, please read the following articles:
[ERROR] [Help 1] http://cwiki.apache.org/confluence/display/MAVEN/MojoFailureException
