[INFO] Scanning for projects...
[INFO] 
[INFO] --------------< com.revature.microservices:vault-service >--------------
[INFO] Building Vault Service 1.0.0
[INFO]   from pom.xml
[INFO] --------------------------------[ jar ]---------------------------------
[INFO] 
[INFO] --- clean:3.3.2:clean (default-clean) @ vault-service ---
[INFO] Deleting e:\MicroServices\manager\microservices\vault-service\target
[INFO] 
[INFO] --- resources:3.3.1:resources (default-resources) @ vault-service ---
[INFO] Copying 1 resource from src\main\resources to target\classes
[INFO] Copying 0 resource from src\main\resources to target\classes
[INFO] 
[INFO] --- compiler:3.11.0:compile (default-compile) @ vault-service ---
[INFO] Changes detected - recompiling the module! :source
[INFO] Compiling 139 source files with javac [debug release 21] to target\classes
[INFO] -------------------------------------------------------------
[ERROR] COMPILATION ERROR : 
[INFO] -------------------------------------------------------------
[ERROR] /e:/MicroServices/manager/microservices/vault-service/src/main/java/com/revature/vault/service/backup/importers/FirefoxImporter.java:[24,49] cannot find symbol
  symbol:   class UserVaultDetails
  location: class com.revature.vault.service.backup.importers.FirefoxImporter
[ERROR] /e:/MicroServices/manager/microservices/vault-service/src/main/java/com/revature/vault/service/backup/importers/Importer.java:[11,42] cannot find symbol
  symbol:   class UserVaultDetails
  location: interface com.revature.vault.service.backup.importers.Importer
[ERROR] /e:/MicroServices/manager/microservices/vault-service/src/main/java/com/revature/vault/service/backup/importers/LastPassImporter.java:[24,49] cannot find symbol
  symbol:   class UserVaultDetails
  location: class com.revature.vault.service.backup.importers.LastPassImporter
[ERROR] /e:/MicroServices/manager/microservices/vault-service/src/main/java/com/revature/vault/service/backup/importers/ChromeImporter.java:[24,49] cannot find symbol
  symbol:   class UserVaultDetails
  location: class com.revature.vault.service.backup.importers.ChromeImporter
[ERROR] /e:/MicroServices/manager/microservices/vault-service/src/main/java/com/revature/vault/service/backup/importers/OnePasswordImporter.java:[24,49] cannot find symbol
  symbol:   class UserVaultDetails
  location: class com.revature.vault.service.backup.importers.OnePasswordImporter
[ERROR] /e:/MicroServices/manager/microservices/vault-service/src/main/java/com/revature/vault/controller/BackupController.java:[28,59] package com.revature.passwordmanager.service.vault does not exist
[ERROR] /e:/MicroServices/manager/microservices/vault-service/src/main/java/com/revature/vault/controller/BackupController.java:[72,81] package com.revature.passwordmanager.dto.response does not exist
[ERROR] /e:/MicroServices/manager/microservices/vault-service/src/main/java/com/revature/vault/controller/BackupController.java:[20,1] package com.revature.passwordmanager.service.vault does not exist
[INFO] 8 errors 
[INFO] -------------------------------------------------------------
[INFO] ------------------------------------------------------------------------
[INFO] BUILD FAILURE
[INFO] ------------------------------------------------------------------------
[INFO] Total time:  7.286 s
[INFO] Finished at: 2026-03-12T23:44:04+05:30
[INFO] ------------------------------------------------------------------------
[ERROR] Failed to execute goal org.apache.maven.plugins:maven-compiler-plugin:3.11.0:compile (default-compile) on project vault-service: Compilation failure: Compilation failure: 
[ERROR] /e:/MicroServices/manager/microservices/vault-service/src/main/java/com/revature/vault/service/backup/importers/FirefoxImporter.java:[24,49] cannot find symbol
[ERROR]   symbol:   class UserVaultDetails
[ERROR]   location: class com.revature.vault.service.backup.importers.FirefoxImporter
[ERROR] /e:/MicroServices/manager/microservices/vault-service/src/main/java/com/revature/vault/service/backup/importers/Importer.java:[11,42] cannot find symbol
[ERROR]   symbol:   class UserVaultDetails
[ERROR]   location: interface com.revature.vault.service.backup.importers.Importer
[ERROR] /e:/MicroServices/manager/microservices/vault-service/src/main/java/com/revature/vault/service/backup/importers/LastPassImporter.java:[24,49] cannot find symbol
[ERROR]   symbol:   class UserVaultDetails
[ERROR]   location: class com.revature.vault.service.backup.importers.LastPassImporter
[ERROR] /e:/MicroServices/manager/microservices/vault-service/src/main/java/com/revature/vault/service/backup/importers/ChromeImporter.java:[24,49] cannot find symbol
[ERROR]   symbol:   class UserVaultDetails
[ERROR]   location: class com.revature.vault.service.backup.importers.ChromeImporter
[ERROR] /e:/MicroServices/manager/microservices/vault-service/src/main/java/com/revature/vault/service/backup/importers/OnePasswordImporter.java:[24,49] cannot find symbol
[ERROR]   symbol:   class UserVaultDetails
[ERROR]   location: class com.revature.vault.service.backup.importers.OnePasswordImporter
[ERROR] /e:/MicroServices/manager/microservices/vault-service/src/main/java/com/revature/vault/controller/BackupController.java:[28,59] package com.revature.passwordmanager.service.vault does not exist
[ERROR] /e:/MicroServices/manager/microservices/vault-service/src/main/java/com/revature/vault/controller/BackupController.java:[72,81] package com.revature.passwordmanager.dto.response does not exist
[ERROR] /e:/MicroServices/manager/microservices/vault-service/src/main/java/com/revature/vault/controller/BackupController.java:[20,1] package com.revature.passwordmanager.service.vault does not exist
[ERROR] -> [Help 1]
[ERROR] 
[ERROR] To see the full stack trace of the errors, re-run Maven with the -e switch.
[ERROR] Re-run Maven using the -X switch to enable full debug logging.
[ERROR] 
[ERROR] For more information about the errors and possible solutions, please read the following articles:
[ERROR] [Help 1] http://cwiki.apache.org/confluence/display/MAVEN/MojoFailureException
