[INFO] Scanning for projects...
[INFO] 
[INFO] --------------< com.revature.microservices:vault-service >--------------
[INFO] Building Vault Service 1.0.0
[INFO]   from pom.xml
[INFO] --------------------------------[ jar ]---------------------------------
[INFO] 
[INFO] --- clean:3.3.2:clean (default-clean) @ vault-service ---
[INFO] Deleting E:\MicroServices\manager\microservices\vault-service\target
[INFO] 
[INFO] --- resources:3.3.1:resources (default-resources) @ vault-service ---
[INFO] Copying 1 resource from src\main\resources to target\classes
[INFO] Copying 0 resource from src\main\resources to target\classes
[INFO] 
[INFO] --- compiler:3.11.0:compile (default-compile) @ vault-service ---
[INFO] Changes detected - recompiling the module! :source
[INFO] Compiling 133 source files with javac [debug release 21] to target\classes
[INFO] -------------------------------------------------------------
[ERROR] COMPILATION ERROR : 
[INFO] -------------------------------------------------------------
[ERROR] /E:/MicroServices/manager/microservices/vault-service/src/main/java/com/revature/vault/service/vault/VaultService.java:[352,9] cannot find symbol
  symbol:   method findTop10ByUserIdAndIsDeletedFalseOrderByCreatedAtDesc(java.lang.Long)
  location: variable vaultEntryRepository of type com.revature.vault.repository.VaultEntryRepository
[ERROR] /E:/MicroServices/manager/microservices/vault-service/src/main/java/com/revature/vault/service/vault/VaultService.java:[367,9] cannot find symbol
  symbol:   method findTop10ByUserIdAndIsDeletedFalseOrderByUpdatedAtDesc(java.lang.Long)
  location: variable vaultEntryRepository of type com.revature.vault.repository.VaultEntryRepository
[ERROR] /E:/MicroServices/manager/microservices/vault-service/src/main/java/com/revature/vault/service/vault/VaultSnapshotService.java:[45,64] cannot find symbol
  symbol:   variable entry
  location: class com.revature.vault.service.vault.VaultSnapshotService
[ERROR] /E:/MicroServices/manager/microservices/vault-service/src/main/java/com/revature/vault/service/vault/VaultSnapshotService.java:[60,64] cannot find symbol
  symbol:   variable entry
  location: class com.revature.vault.service.vault.VaultSnapshotService
[ERROR] /E:/MicroServices/manager/microservices/vault-service/src/main/java/com/revature/vault/service/vault/VaultSnapshotService.java:[72,64] cannot find symbol
  symbol:   variable entry
  location: class com.revature.vault.service.vault.VaultSnapshotService
[ERROR] /E:/MicroServices/manager/microservices/vault-service/src/main/java/com/revature/vault/service/vault/CategoryService.java:[27,55] cannot find symbol
  symbol:   method findByUserIdOrderByNameAsc(java.lang.Long)
  location: variable categoryRepository of type com.revature.vault.repository.CategoryRepository
[ERROR] /E:/MicroServices/manager/microservices/vault-service/src/main/java/com/revature/vault/service/vault/CategoryService.java:[29,58] cannot find symbol
  symbol:   method findByUserIdIsNullAndIsDefaultTrue()
  location: variable categoryRepository of type com.revature.vault.repository.CategoryRepository
[ERROR] /E:/MicroServices/manager/microservices/vault-service/src/main/java/com/revature/vault/service/vault/CategoryService.java:[56,27] cannot find symbol
  symbol:   method existsByUserIdAndName(java.lang.Long,java.lang.String)
  location: variable categoryRepository of type com.revature.vault.repository.CategoryRepository
[ERROR] /E:/MicroServices/manager/microservices/vault-service/src/main/java/com/revature/vault/service/vault/CategoryService.java:[82,23] cannot find symbol
  symbol:   method findByUserIdAndName(java.lang.Long,java.lang.String)
  location: variable categoryRepository of type com.revature.vault.repository.CategoryRepository
[INFO] 9 errors 
[INFO] -------------------------------------------------------------
[INFO] ------------------------------------------------------------------------
[INFO] BUILD FAILURE
[INFO] ------------------------------------------------------------------------
[INFO] Total time:  8.158 s
[INFO] Finished at: 2026-03-12T22:42:33+05:30
[INFO] ------------------------------------------------------------------------
[ERROR] Failed to execute goal org.apache.maven.plugins:maven-compiler-plugin:3.11.0:compile (default-compile) on project vault-service: Compilation failure: Compilation failure: 
[ERROR] /E:/MicroServices/manager/microservices/vault-service/src/main/java/com/revature/vault/service/vault/VaultService.java:[352,9] cannot find symbol
[ERROR]   symbol:   method findTop10ByUserIdAndIsDeletedFalseOrderByCreatedAtDesc(java.lang.Long)
[ERROR]   location: variable vaultEntryRepository of type com.revature.vault.repository.VaultEntryRepository
[ERROR] /E:/MicroServices/manager/microservices/vault-service/src/main/java/com/revature/vault/service/vault/VaultService.java:[367,9] cannot find symbol
[ERROR]   symbol:   method findTop10ByUserIdAndIsDeletedFalseOrderByUpdatedAtDesc(java.lang.Long)
[ERROR]   location: variable vaultEntryRepository of type com.revature.vault.repository.VaultEntryRepository
[ERROR] /E:/MicroServices/manager/microservices/vault-service/src/main/java/com/revature/vault/service/vault/VaultSnapshotService.java:[45,64] cannot find symbol
[ERROR]   symbol:   variable entry
[ERROR]   location: class com.revature.vault.service.vault.VaultSnapshotService
[ERROR] /E:/MicroServices/manager/microservices/vault-service/src/main/java/com/revature/vault/service/vault/VaultSnapshotService.java:[60,64] cannot find symbol
[ERROR]   symbol:   variable entry
[ERROR]   location: class com.revature.vault.service.vault.VaultSnapshotService
[ERROR] /E:/MicroServices/manager/microservices/vault-service/src/main/java/com/revature/vault/service/vault/VaultSnapshotService.java:[72,64] cannot find symbol
[ERROR]   symbol:   variable entry
[ERROR]   location: class com.revature.vault.service.vault.VaultSnapshotService
[ERROR] /E:/MicroServices/manager/microservices/vault-service/src/main/java/com/revature/vault/service/vault/CategoryService.java:[27,55] cannot find symbol
[ERROR]   symbol:   method findByUserIdOrderByNameAsc(java.lang.Long)
[ERROR]   location: variable categoryRepository of type com.revature.vault.repository.CategoryRepository
[ERROR] /E:/MicroServices/manager/microservices/vault-service/src/main/java/com/revature/vault/service/vault/CategoryService.java:[29,58] cannot find symbol
[ERROR]   symbol:   method findByUserIdIsNullAndIsDefaultTrue()
[ERROR]   location: variable categoryRepository of type com.revature.vault.repository.CategoryRepository
[ERROR] /E:/MicroServices/manager/microservices/vault-service/src/main/java/com/revature/vault/service/vault/CategoryService.java:[56,27] cannot find symbol
[ERROR]   symbol:   method existsByUserIdAndName(java.lang.Long,java.lang.String)
[ERROR]   location: variable categoryRepository of type com.revature.vault.repository.CategoryRepository
[ERROR] /E:/MicroServices/manager/microservices/vault-service/src/main/java/com/revature/vault/service/vault/CategoryService.java:[82,23] cannot find symbol
[ERROR]   symbol:   method findByUserIdAndName(java.lang.Long,java.lang.String)
[ERROR]   location: variable categoryRepository of type com.revature.vault.repository.CategoryRepository
[ERROR] -> [Help 1]
[ERROR] 
[ERROR] To see the full stack trace of the errors, re-run Maven with the -e switch.
[ERROR] Re-run Maven using the -X switch to enable full debug logging.
[ERROR] 
[ERROR] For more information about the errors and possible solutions, please read the following articles:
[ERROR] [Help 1] http://cwiki.apache.org/confluence/display/MAVEN/MojoFailureException
