[INFO] Scanning for projects...
[INFO] 
[INFO] --------------< com.revature.microservices:vault-service >--------------
[INFO] Building Vault Service 1.0.0
[INFO]   from pom.xml
[INFO] --------------------------------[ jar ]---------------------------------
[INFO] 
[INFO] --- clean:3.3.2:clean (default-clean) @ vault-service ---
[INFO] Deleting E:\MicroServices\manager\microservices\vault-service\target
[INFO] 
[INFO] --- resources:3.3.1:resources (default-resources) @ vault-service ---
[INFO] Copying 1 resource from src\main\resources to target\classes
[INFO] Copying 0 resource from src\main\resources to target\classes
[INFO] 
[INFO] --- compiler:3.11.0:compile (default-compile) @ vault-service ---
[INFO] Changes detected - recompiling the module! :source
[INFO] Compiling 133 source files with javac [debug release 21] to target\classes
[INFO] -------------------------------------------------------------
[ERROR] COMPILATION ERROR : 
[INFO] -------------------------------------------------------------
[ERROR] /E:/MicroServices/manager/microservices/vault-service/src/main/java/com/revature/vault/service/vault/VaultService.java:[110,9] cannot find symbol
  symbol:   method user(com.revature.vault.client.UserClient.UserVaultDetails)
  location: class com.revature.vault.model.vault.VaultEntry.VaultEntryBuilder
[ERROR] /E:/MicroServices/manager/microservices/vault-service/src/main/java/com/revature/vault/service/vault/VaultService.java:[129,41] cannot find symbol
  symbol:   method mapToPayload(com.revature.vault.model.vault.VaultEntry)
  location: class com.revature.vault.service.vault.VaultService
[ERROR] /E:/MicroServices/manager/microservices/vault-service/src/main/java/com/revature/vault/service/vault/VaultService.java:[250,43] cannot find symbol
  symbol:   method mapToPayload(com.revature.vault.model.vault.VaultEntry)
  location: class com.revature.vault.service.vault.VaultService
[ERROR] /E:/MicroServices/manager/microservices/vault-service/src/main/java/com/revature/vault/service/vault/VaultService.java:[352,9] cannot find symbol
  symbol:   method findTop10ByUserIdAndIsDeletedFalseOrderByCreatedAtDesc(java.lang.Long)
  location: variable vaultEntryRepository of type com.revature.vault.repository.VaultEntryRepository
[ERROR] /E:/MicroServices/manager/microservices/vault-service/src/main/java/com/revature/vault/service/vault/VaultService.java:[367,9] cannot find symbol
  symbol:   method findTop10ByUserIdAndIsDeletedFalseOrderByUpdatedAtDesc(java.lang.Long)
  location: variable vaultEntryRepository of type com.revature.vault.repository.VaultEntryRepository
[ERROR] /E:/MicroServices/manager/microservices/vault-service/src/main/java/com/revature/vault/service/vault/VaultService.java:[429,24] cannot find symbol
  symbol:   method getUser()
  location: variable e of type com.revature.vault.model.vault.VaultEntry
[ERROR] /E:/MicroServices/manager/microservices/vault-service/src/main/java/com/revature/vault/service/vault/VaultService.java:[617,43] cannot find symbol
  symbol:   method mapToPayload(com.revature.vault.model.vault.VaultEntry)
  location: class com.revature.vault.service.vault.VaultService
[ERROR] /E:/MicroServices/manager/microservices/vault-service/src/main/java/com/revature/vault/service/vault/VaultSnapshotService.java:[45,64] cannot find symbol
  symbol:   variable entry
  location: class com.revature.vault.service.vault.VaultSnapshotService
[ERROR] /E:/MicroServices/manager/microservices/vault-service/src/main/java/com/revature/vault/service/vault/VaultSnapshotService.java:[60,64] cannot find symbol
  symbol:   variable entry
  location: class com.revature.vault.service.vault.VaultSnapshotService
[ERROR] /E:/MicroServices/manager/microservices/vault-service/src/main/java/com/revature/vault/service/vault/VaultSnapshotService.java:[72,64] cannot find symbol
  symbol:   variable entry
  location: class com.revature.vault.service.vault.VaultSnapshotService
[ERROR] /E:/MicroServices/manager/microservices/vault-service/src/main/java/com/revature/vault/service/vault/VaultSnapshotService.java:[78,15] cannot find symbol
  symbol:   method getUser()
  location: variable entry of type com.revature.vault.model.vault.VaultEntry
[ERROR] /E:/MicroServices/manager/microservices/vault-service/src/main/java/com/revature/vault/service/vault/CategoryService.java:[27,55] cannot find symbol
  symbol:   method findByUserIdOrderByNameAsc(java.lang.Long)
  location: variable categoryRepository of type com.revature.vault.repository.CategoryRepository
[ERROR] /E:/MicroServices/manager/microservices/vault-service/src/main/java/com/revature/vault/service/vault/CategoryService.java:[29,58] cannot find symbol
  symbol:   method findByUserIdIsNullAndIsDefaultTrue()
  location: variable categoryRepository of type com.revature.vault.repository.CategoryRepository
[ERROR] /E:/MicroServices/manager/microservices/vault-service/src/main/java/com/revature/vault/service/vault/CategoryService.java:[47,68] cannot find symbol
  symbol:   method getUser()
  location: variable c of type com.revature.vault.model.vault.Category
[ERROR] /E:/MicroServices/manager/microservices/vault-service/src/main/java/com/revature/vault/service/vault/CategoryService.java:[56,27] cannot find symbol
  symbol:   method existsByUserIdAndName(java.lang.Long,java.lang.String)
  location: variable categoryRepository of type com.revature.vault.repository.CategoryRepository
[ERROR] /E:/MicroServices/manager/microservices/vault-service/src/main/java/com/revature/vault/service/vault/CategoryService.java:[61,9] cannot find symbol
  symbol:   method user(com.revature.vault.client.UserClient.UserVaultDetails)
  location: class com.revature.vault.model.vault.Category.CategoryBuilder
[ERROR] /E:/MicroServices/manager/microservices/vault-service/src/main/java/com/revature/vault/service/vault/CategoryService.java:[82,23] cannot find symbol
  symbol:   method findByUserIdAndName(java.lang.Long,java.lang.String)
  location: variable categoryRepository of type com.revature.vault.repository.CategoryRepository
[ERROR] /E:/MicroServices/manager/microservices/vault-service/src/main/java/com/revature/vault/service/vault/FolderService.java:[26,44] cannot find symbol
  symbol:   method findByUserAndParentFolderIsNull(com.revature.vault.client.UserClient.UserVaultDetails)
  location: variable folderRepository of type com.revature.vault.repository.FolderRepository
[ERROR] /E:/MicroServices/manager/microservices/vault-service/src/main/java/com/revature/vault/service/vault/FolderService.java:[33,37] cannot find symbol
  symbol:   method findByIdAndUser(java.lang.Long,com.revature.vault.client.UserClient.UserVaultDetails)
  location: variable folderRepository of type com.revature.vault.repository.FolderRepository
[ERROR] /E:/MicroServices/manager/microservices/vault-service/src/main/java/com/revature/vault/service/vault/FolderService.java:[43,38] cannot find symbol
  symbol:   method findByIdAndUser(java.lang.Long,com.revature.vault.client.UserClient.UserVaultDetails)
  location: variable folderRepository of type com.revature.vault.repository.FolderRepository
[ERROR] /E:/MicroServices/manager/microservices/vault-service/src/main/java/com/revature/vault/service/vault/FolderService.java:[49,9] cannot find symbol
  symbol:   method user(com.revature.vault.client.UserClient.UserVaultDetails)
  location: class com.revature.vault.model.vault.Folder.FolderBuilder
[ERROR] /E:/MicroServices/manager/microservices/vault-service/src/main/java/com/revature/vault/service/vault/FolderService.java:[60,37] cannot find symbol
  symbol:   method findByIdAndUser(java.lang.Long,com.revature.vault.client.UserClient.UserVaultDetails)
  location: variable folderRepository of type com.revature.vault.repository.FolderRepository
[ERROR] /E:/MicroServices/manager/microservices/vault-service/src/main/java/com/revature/vault/service/vault/FolderService.java:[71,37] cannot find symbol
  symbol:   method findByIdAndUser(java.lang.Long,com.revature.vault.client.UserClient.UserVaultDetails)
  location: variable folderRepository of type com.revature.vault.repository.FolderRepository
[ERROR] /E:/MicroServices/manager/microservices/vault-service/src/main/java/com/revature/vault/service/vault/FolderService.java:[81,35] cannot find symbol
  symbol:   method findByIdAndUser(java.lang.Long,com.revature.vault.client.UserClient.UserVaultDetails)
  location: variable folderRepository of type com.revature.vault.repository.FolderRepository
[ERROR] /E:/MicroServices/manager/microservices/vault-service/src/main/java/com/revature/vault/service/vault/FolderService.java:[93,37] cannot find symbol
  symbol:   method findByIdAndUser(java.lang.Long,com.revature.vault.client.UserClient.UserVaultDetails)
  location: variable folderRepository of type com.revature.vault.repository.FolderRepository
[ERROR] /E:/MicroServices/manager/microservices/vault-service/src/main/java/com/revature/vault/service/sharing/SecureShareService.java:[92,17] cannot find symbol
  symbol:   method owner(com.revature.vault.client.UserClient.UserVaultDetails)
  location: class com.revature.vault.model.sharing.SecureShare.SecureShareBuilder
[ERROR] /E:/MicroServices/manager/microservices/vault-service/src/main/java/com/revature/vault/service/sharing/SecureShareService.java:[214,19] cannot find symbol
  symbol:   method getOwner()
  location: variable share of type com.revature.vault.model.sharing.SecureShare
[INFO] 27 errors 
[INFO] -------------------------------------------------------------
[INFO] ------------------------------------------------------------------------
[INFO] BUILD FAILURE
[INFO] ------------------------------------------------------------------------
[INFO] Total time:  8.288 s
[INFO] Finished at: 2026-03-12T22:34:05+05:30
[INFO] ------------------------------------------------------------------------
[ERROR] Failed to execute goal org.apache.maven.plugins:maven-compiler-plugin:3.11.0:compile (default-compile) on project vault-service: Compilation failure: Compilation failure: 
[ERROR] /E:/MicroServices/manager/microservices/vault-service/src/main/java/com/revature/vault/service/vault/VaultService.java:[110,9] cannot find symbol
[ERROR]   symbol:   method user(com.revature.vault.client.UserClient.UserVaultDetails)
[ERROR]   location: class com.revature.vault.model.vault.VaultEntry.VaultEntryBuilder
[ERROR] /E:/MicroServices/manager/microservices/vault-service/src/main/java/com/revature/vault/service/vault/VaultService.java:[129,41] cannot find symbol
[ERROR]   symbol:   method mapToPayload(com.revature.vault.model.vault.VaultEntry)
[ERROR]   location: class com.revature.vault.service.vault.VaultService
[ERROR] /E:/MicroServices/manager/microservices/vault-service/src/main/java/com/revature/vault/service/vault/VaultService.java:[250,43] cannot find symbol
[ERROR]   symbol:   method mapToPayload(com.revature.vault.model.vault.VaultEntry)
[ERROR]   location: class com.revature.vault.service.vault.VaultService
[ERROR] /E:/MicroServices/manager/microservices/vault-service/src/main/java/com/revature/vault/service/vault/VaultService.java:[352,9] cannot find symbol
[ERROR]   symbol:   method findTop10ByUserIdAndIsDeletedFalseOrderByCreatedAtDesc(java.lang.Long)
[ERROR]   location: variable vaultEntryRepository of type com.revature.vault.repository.VaultEntryRepository
[ERROR] /E:/MicroServices/manager/microservices/vault-service/src/main/java/com/revature/vault/service/vault/VaultService.java:[367,9] cannot find symbol
[ERROR]   symbol:   method findTop10ByUserIdAndIsDeletedFalseOrderByUpdatedAtDesc(java.lang.Long)
[ERROR]   location: variable vaultEntryRepository of type com.revature.vault.repository.VaultEntryRepository
[ERROR] /E:/MicroServices/manager/microservices/vault-service/src/main/java/com/revature/vault/service/vault/VaultService.java:[429,24] cannot find symbol
[ERROR]   symbol:   method getUser()
[ERROR]   location: variable e of type com.revature.vault.model.vault.VaultEntry
[ERROR] /E:/MicroServices/manager/microservices/vault-service/src/main/java/com/revature/vault/service/vault/VaultService.java:[617,43] cannot find symbol
[ERROR]   symbol:   method mapToPayload(com.revature.vault.model.vault.VaultEntry)
[ERROR]   location: class com.revature.vault.service.vault.VaultService
[ERROR] /E:/MicroServices/manager/microservices/vault-service/src/main/java/com/revature/vault/service/vault/VaultSnapshotService.java:[45,64] cannot find symbol
[ERROR]   symbol:   variable entry
[ERROR]   location: class com.revature.vault.service.vault.VaultSnapshotService
[ERROR] /E:/MicroServices/manager/microservices/vault-service/src/main/java/com/revature/vault/service/vault/VaultSnapshotService.java:[60,64] cannot find symbol
[ERROR]   symbol:   variable entry
[ERROR]   location: class com.revature.vault.service.vault.VaultSnapshotService
[ERROR] /E:/MicroServices/manager/microservices/vault-service/src/main/java/com/revature/vault/service/vault/VaultSnapshotService.java:[72,64] cannot find symbol
[ERROR]   symbol:   variable entry
[ERROR]   location: class com.revature.vault.service.vault.VaultSnapshotService
[ERROR] /E:/MicroServices/manager/microservices/vault-service/src/main/java/com/revature/vault/service/vault/VaultSnapshotService.java:[78,15] cannot find symbol
[ERROR]   symbol:   method getUser()
[ERROR]   location: variable entry of type com.revature.vault.model.vault.VaultEntry
[ERROR] /E:/MicroServices/manager/microservices/vault-service/src/main/java/com/revature/vault/service/vault/CategoryService.java:[27,55] cannot find symbol
[ERROR]   symbol:   method findByUserIdOrderByNameAsc(java.lang.Long)
[ERROR]   location: variable categoryRepository of type com.revature.vault.repository.CategoryRepository
[ERROR] /E:/MicroServices/manager/microservices/vault-service/src/main/java/com/revature/vault/service/vault/CategoryService.java:[29,58] cannot find symbol
[ERROR]   symbol:   method findByUserIdIsNullAndIsDefaultTrue()
[ERROR]   location: variable categoryRepository of type com.revature.vault.repository.CategoryRepository
[ERROR] /E:/MicroServices/manager/microservices/vault-service/src/main/java/com/revature/vault/service/vault/CategoryService.java:[47,68] cannot find symbol
[ERROR]   symbol:   method getUser()
[ERROR]   location: variable c of type com.revature.vault.model.vault.Category
[ERROR] /E:/MicroServices/manager/microservices/vault-service/src/main/java/com/revature/vault/service/vault/CategoryService.java:[56,27] cannot find symbol
[ERROR]   symbol:   method existsByUserIdAndName(java.lang.Long,java.lang.String)
[ERROR]   location: variable categoryRepository of type com.revature.vault.repository.CategoryRepository
[ERROR] /E:/MicroServices/manager/microservices/vault-service/src/main/java/com/revature/vault/service/vault/CategoryService.java:[61,9] cannot find symbol
[ERROR]   symbol:   method user(com.revature.vault.client.UserClient.UserVaultDetails)
[ERROR]   location: class com.revature.vault.model.vault.Category.CategoryBuilder
[ERROR] /E:/MicroServices/manager/microservices/vault-service/src/main/java/com/revature/vault/service/vault/CategoryService.java:[82,23] cannot find symbol
[ERROR]   symbol:   method findByUserIdAndName(java.lang.Long,java.lang.String)
[ERROR]   location: variable categoryRepository of type com.revature.vault.repository.CategoryRepository
[ERROR] /E:/MicroServices/manager/microservices/vault-service/src/main/java/com/revature/vault/service/vault/FolderService.java:[26,44] cannot find symbol
[ERROR]   symbol:   method findByUserAndParentFolderIsNull(com.revature.vault.client.UserClient.UserVaultDetails)
[ERROR]   location: variable folderRepository of type com.revature.vault.repository.FolderRepository
[ERROR] /E:/MicroServices/manager/microservices/vault-service/src/main/java/com/revature/vault/service/vault/FolderService.java:[33,37] cannot find symbol
[ERROR]   symbol:   method findByIdAndUser(java.lang.Long,com.revature.vault.client.UserClient.UserVaultDetails)
[ERROR]   location: variable folderRepository of type com.revature.vault.repository.FolderRepository
[ERROR] /E:/MicroServices/manager/microservices/vault-service/src/main/java/com/revature/vault/service/vault/FolderService.java:[43,38] cannot find symbol
[ERROR]   symbol:   method findByIdAndUser(java.lang.Long,com.revature.vault.client.UserClient.UserVaultDetails)
[ERROR]   location: variable folderRepository of type com.revature.vault.repository.FolderRepository
[ERROR] /E:/MicroServices/manager/microservices/vault-service/src/main/java/com/revature/vault/service/vault/FolderService.java:[49,9] cannot find symbol
[ERROR]   symbol:   method user(com.revature.vault.client.UserClient.UserVaultDetails)
[ERROR]   location: class com.revature.vault.model.vault.Folder.FolderBuilder
[ERROR] /E:/MicroServices/manager/microservices/vault-service/src/main/java/com/revature/vault/service/vault/FolderService.java:[60,37] cannot find symbol
[ERROR]   symbol:   method findByIdAndUser(java.lang.Long,com.revature.vault.client.UserClient.UserVaultDetails)
[ERROR]   location: variable folderRepository of type com.revature.vault.repository.FolderRepository
[ERROR] /E:/MicroServices/manager/microservices/vault-service/src/main/java/com/revature/vault/service/vault/FolderService.java:[71,37] cannot find symbol
[ERROR]   symbol:   method findByIdAndUser(java.lang.Long,com.revature.vault.client.UserClient.UserVaultDetails)
[ERROR]   location: variable folderRepository of type com.revature.vault.repository.FolderRepository
[ERROR] /E:/MicroServices/manager/microservices/vault-service/src/main/java/com/revature/vault/service/vault/FolderService.java:[81,35] cannot find symbol
[ERROR]   symbol:   method findByIdAndUser(java.lang.Long,com.revature.vault.client.UserClient.UserVaultDetails)
[ERROR]   location: variable folderRepository of type com.revature.vault.repository.FolderRepository
[ERROR] /E:/MicroServices/manager/microservices/vault-service/src/main/java/com/revature/vault/service/vault/FolderService.java:[93,37] cannot find symbol
[ERROR]   symbol:   method findByIdAndUser(java.lang.Long,com.revature.vault.client.UserClient.UserVaultDetails)
[ERROR]   location: variable folderRepository of type com.revature.vault.repository.FolderRepository
[ERROR] /E:/MicroServices/manager/microservices/vault-service/src/main/java/com/revature/vault/service/sharing/SecureShareService.java:[92,17] cannot find symbol
[ERROR]   symbol:   method owner(com.revature.vault.client.UserClient.UserVaultDetails)
[ERROR]   location: class com.revature.vault.model.sharing.SecureShare.SecureShareBuilder
[ERROR] /E:/MicroServices/manager/microservices/vault-service/src/main/java/com/revature/vault/service/sharing/SecureShareService.java:[214,19] cannot find symbol
[ERROR]   symbol:   method getOwner()
[ERROR]   location: variable share of type com.revature.vault.model.sharing.SecureShare
[ERROR] -> [Help 1]
[ERROR] 
[ERROR] To see the full stack trace of the errors, re-run Maven with the -e switch.
[ERROR] Re-run Maven using the -X switch to enable full debug logging.
[ERROR] 
[ERROR] For more information about the errors and possible solutions, please read the following articles:
[ERROR] [Help 1] http://cwiki.apache.org/confluence/display/MAVEN/MojoFailureException
