[INFO] Scanning for projects...
[INFO] 
[INFO] --------------< com.revature.microservices:vault-service >--------------
[INFO] Building Vault Service 1.0.0
[INFO]   from pom.xml
[INFO] --------------------------------[ jar ]---------------------------------
[INFO] 
[INFO] --- clean:3.3.2:clean (default-clean) @ vault-service ---
[INFO] Deleting e:\MicroServices\manager\microservices\vault-service\target
[INFO] 
[INFO] --- resources:3.3.1:resources (default-resources) @ vault-service ---
[INFO] Copying 1 resource from src\main\resources to target\classes
[INFO] Copying 0 resource from src\main\resources to target\classes
[INFO] 
[INFO] --- compiler:3.11.0:compile (default-compile) @ vault-service ---
[INFO] Changes detected - recompiling the module! :source
[INFO] Compiling 133 source files with javac [debug release 21] to target\classes
[INFO] -------------------------------------------------------------
[ERROR] COMPILATION ERROR : 
[INFO] -------------------------------------------------------------
[ERROR] /e:/MicroServices/manager/microservices/vault-service/src/main/java/com/revature/vault/model/backup/BackupExport.java:[3,37] package com.revature.vault.model.user does not exist
[ERROR] /e:/MicroServices/manager/microservices/vault-service/src/main/java/com/revature/vault/service/backup/ExportService.java:[9,50] package com.revature.vault.model.security.AuditLog does not exist
[ERROR] /e:/MicroServices/manager/microservices/vault-service/src/main/java/com/revature/vault/service/backup/ExportService.java:[10,37] package com.revature.vault.model.user does not exist
[ERROR] /e:/MicroServices/manager/microservices/vault-service/src/main/java/com/revature/vault/service/backup/ExportService.java:[13,37] cannot find symbol
  symbol:   class UserRepository
  location: package com.revature.vault.repository
[ERROR] /e:/MicroServices/manager/microservices/vault-service/src/main/java/com/revature/vault/service/backup/ExportService.java:[15,43] package com.revature.vault.service.security does not exist
[ERROR] /e:/MicroServices/manager/microservices/vault-service/src/main/java/com/revature/vault/service/backup/ExportService.java:[16,43] package com.revature.vault.service.security does not exist
[ERROR] /e:/MicroServices/manager/microservices/vault-service/src/main/java/com/revature/vault/service/backup/ExportService.java:[38,17] cannot find symbol
  symbol:   class UserRepository
  location: class com.revature.vault.service.backup.ExportService
[ERROR] /e:/MicroServices/manager/microservices/vault-service/src/main/java/com/revature/vault/service/backup/ExportService.java:[40,17] cannot find symbol
  symbol:   class EncryptionService
  location: class com.revature.vault.service.backup.ExportService
[ERROR] /e:/MicroServices/manager/microservices/vault-service/src/main/java/com/revature/vault/service/backup/ExportService.java:[41,17] cannot find symbol
  symbol:   class AuditLogService
  location: class com.revature.vault.service.backup.ExportService
[ERROR] /e:/MicroServices/manager/microservices/vault-service/src/main/java/com/revature/vault/service/backup/ExportService.java:[32,1] cannot find symbol
  symbol:   class UserRepository
  location: class com.revature.vault.service.backup.ExportService
[ERROR] /e:/MicroServices/manager/microservices/vault-service/src/main/java/com/revature/vault/service/backup/ThirdPartyImportService.java:[12,37] package com.revature.vault.model.user does not exist
[ERROR] /e:/MicroServices/manager/microservices/vault-service/src/main/java/com/revature/vault/service/backup/ThirdPartyImportService.java:[14,37] cannot find symbol
  symbol:   class UserRepository
  location: package com.revature.vault.repository
[ERROR] /e:/MicroServices/manager/microservices/vault-service/src/main/java/com/revature/vault/service/backup/ThirdPartyImportService.java:[15,43] package com.revature.vault.service.security does not exist
[ERROR] /e:/MicroServices/manager/microservices/vault-service/src/main/java/com/revature/vault/service/backup/ThirdPartyImportService.java:[17,51] package com.revature.vault.service.backup.importers does not exist
[ERROR] /e:/MicroServices/manager/microservices/vault-service/src/main/java/com/revature/vault/service/backup/ThirdPartyImportService.java:[18,51] package com.revature.vault.service.backup.importers does not exist
[ERROR] /e:/MicroServices/manager/microservices/vault-service/src/main/java/com/revature/vault/service/backup/ThirdPartyImportService.java:[35,17] cannot find symbol
  symbol:   class UserRepository
  location: class com.revature.vault.service.backup.ThirdPartyImportService
[ERROR] /e:/MicroServices/manager/microservices/vault-service/src/main/java/com/revature/vault/service/backup/ThirdPartyImportService.java:[36,17] cannot find symbol
  symbol:   class EncryptionService
  location: class com.revature.vault.service.backup.ThirdPartyImportService
[ERROR] /e:/MicroServices/manager/microservices/vault-service/src/main/java/com/revature/vault/service/backup/ThirdPartyImportService.java:[38,17] cannot find symbol
  symbol:   class ImporterFactory
  location: class com.revature.vault.service.backup.ThirdPartyImportService
[ERROR] /e:/MicroServices/manager/microservices/vault-service/src/main/java/com/revature/vault/service/backup/ThirdPartyImportService.java:[30,1] cannot find symbol
  symbol:   class UserRepository
  location: class com.revature.vault.service.backup.ThirdPartyImportService
[ERROR] /e:/MicroServices/manager/microservices/vault-service/src/main/java/com/revature/vault/service/backup/ImportService.java:[7,37] package com.revature.vault.model.user does not exist
[ERROR] /e:/MicroServices/manager/microservices/vault-service/src/main/java/com/revature/vault/service/backup/ImportService.java:[13,37] cannot find symbol
  symbol:   class UserRepository
  location: package com.revature.vault.repository
[ERROR] /e:/MicroServices/manager/microservices/vault-service/src/main/java/com/revature/vault/service/backup/ImportService.java:[15,43] package com.revature.vault.service.security does not exist
[ERROR] /e:/MicroServices/manager/microservices/vault-service/src/main/java/com/revature/vault/service/backup/ImportService.java:[39,17] cannot find symbol
  symbol:   class UserRepository
  location: class com.revature.vault.service.backup.ImportService
[ERROR] /e:/MicroServices/manager/microservices/vault-service/src/main/java/com/revature/vault/service/backup/ImportService.java:[42,17] cannot find symbol
  symbol:   class EncryptionService
  location: class com.revature.vault.service.backup.ImportService
[ERROR] /e:/MicroServices/manager/microservices/vault-service/src/main/java/com/revature/vault/service/backup/ImportService.java:[144,37] cannot find symbol
  symbol:   class User
  location: class com.revature.vault.service.backup.ImportService
[ERROR] /e:/MicroServices/manager/microservices/vault-service/src/main/java/com/revature/vault/service/backup/ImportService.java:[170,36] cannot find symbol
  symbol:   class User
  location: class com.revature.vault.service.backup.ImportService
[ERROR] /e:/MicroServices/manager/microservices/vault-service/src/main/java/com/revature/vault/service/backup/ImportService.java:[190,35] cannot find symbol
  symbol:   class User
  location: class com.revature.vault.service.backup.ImportService
[ERROR] /e:/MicroServices/manager/microservices/vault-service/src/main/java/com/revature/vault/service/backup/ImportService.java:[289,34] cannot find symbol
  symbol:   class User
  location: class com.revature.vault.service.backup.ImportService
[ERROR] /e:/MicroServices/manager/microservices/vault-service/src/main/java/com/revature/vault/service/backup/ImportService.java:[33,1] cannot find symbol
  symbol:   class UserRepository
  location: class com.revature.vault.service.backup.ImportService
[ERROR] /e:/MicroServices/manager/microservices/vault-service/src/main/java/com/revature/vault/controller/BackupController.java:[28,59] package com.revature.passwordmanager.service.vault does not exist
[ERROR] /e:/MicroServices/manager/microservices/vault-service/src/main/java/com/revature/vault/controller/BackupController.java:[72,81] package com.revature.passwordmanager.dto.response does not exist
[ERROR] /e:/MicroServices/manager/microservices/vault-service/src/main/java/com/revature/vault/controller/BackupController.java:[20,1] package com.revature.passwordmanager.service.vault does not exist
[INFO] 32 errors 
[INFO] -------------------------------------------------------------
[INFO] ------------------------------------------------------------------------
[INFO] BUILD FAILURE
[INFO] ------------------------------------------------------------------------
[INFO] Total time:  7.387 s
[INFO] Finished at: 2026-03-12T23:42:09+05:30
[INFO] ------------------------------------------------------------------------
[ERROR] Failed to execute goal org.apache.maven.plugins:maven-compiler-plugin:3.11.0:compile (default-compile) on project vault-service: Compilation failure: Compilation failure: 
[ERROR] /e:/MicroServices/manager/microservices/vault-service/src/main/java/com/revature/vault/model/backup/BackupExport.java:[3,37] package com.revature.vault.model.user does not exist
[ERROR] /e:/MicroServices/manager/microservices/vault-service/src/main/java/com/revature/vault/service/backup/ExportService.java:[9,50] package com.revature.vault.model.security.AuditLog does not exist
[ERROR] /e:/MicroServices/manager/microservices/vault-service/src/main/java/com/revature/vault/service/backup/ExportService.java:[10,37] package com.revature.vault.model.user does not exist
[ERROR] /e:/MicroServices/manager/microservices/vault-service/src/main/java/com/revature/vault/service/backup/ExportService.java:[13,37] cannot find symbol
[ERROR]   symbol:   class UserRepository
[ERROR]   location: package com.revature.vault.repository
[ERROR] /e:/MicroServices/manager/microservices/vault-service/src/main/java/com/revature/vault/service/backup/ExportService.java:[15,43] package com.revature.vault.service.security does not exist
[ERROR] /e:/MicroServices/manager/microservices/vault-service/src/main/java/com/revature/vault/service/backup/ExportService.java:[16,43] package com.revature.vault.service.security does not exist
[ERROR] /e:/MicroServices/manager/microservices/vault-service/src/main/java/com/revature/vault/service/backup/ExportService.java:[38,17] cannot find symbol
[ERROR]   symbol:   class UserRepository
[ERROR]   location: class com.revature.vault.service.backup.ExportService
[ERROR] /e:/MicroServices/manager/microservices/vault-service/src/main/java/com/revature/vault/service/backup/ExportService.java:[40,17] cannot find symbol
[ERROR]   symbol:   class EncryptionService
[ERROR]   location: class com.revature.vault.service.backup.ExportService
[ERROR] /e:/MicroServices/manager/microservices/vault-service/src/main/java/com/revature/vault/service/backup/ExportService.java:[41,17] cannot find symbol
[ERROR]   symbol:   class AuditLogService
[ERROR]   location: class com.revature.vault.service.backup.ExportService
[ERROR] /e:/MicroServices/manager/microservices/vault-service/src/main/java/com/revature/vault/service/backup/ExportService.java:[32,1] cannot find symbol
[ERROR]   symbol:   class UserRepository
[ERROR]   location: class com.revature.vault.service.backup.ExportService
[ERROR] /e:/MicroServices/manager/microservices/vault-service/src/main/java/com/revature/vault/service/backup/ThirdPartyImportService.java:[12,37] package com.revature.vault.model.user does not exist
[ERROR] /e:/MicroServices/manager/microservices/vault-service/src/main/java/com/revature/vault/service/backup/ThirdPartyImportService.java:[14,37] cannot find symbol
[ERROR]   symbol:   class UserRepository
[ERROR]   location: package com.revature.vault.repository
[ERROR] /e:/MicroServices/manager/microservices/vault-service/src/main/java/com/revature/vault/service/backup/ThirdPartyImportService.java:[15,43] package com.revature.vault.service.security does not exist
[ERROR] /e:/MicroServices/manager/microservices/vault-service/src/main/java/com/revature/vault/service/backup/ThirdPartyImportService.java:[17,51] package com.revature.vault.service.backup.importers does not exist
[ERROR] /e:/MicroServices/manager/microservices/vault-service/src/main/java/com/revature/vault/service/backup/ThirdPartyImportService.java:[18,51] package com.revature.vault.service.backup.importers does not exist
[ERROR] /e:/MicroServices/manager/microservices/vault-service/src/main/java/com/revature/vault/service/backup/ThirdPartyImportService.java:[35,17] cannot find symbol
[ERROR]   symbol:   class UserRepository
[ERROR]   location: class com.revature.vault.service.backup.ThirdPartyImportService
[ERROR] /e:/MicroServices/manager/microservices/vault-service/src/main/java/com/revature/vault/service/backup/ThirdPartyImportService.java:[36,17] cannot find symbol
[ERROR]   symbol:   class EncryptionService
[ERROR]   location: class com.revature.vault.service.backup.ThirdPartyImportService
[ERROR] /e:/MicroServices/manager/microservices/vault-service/src/main/java/com/revature/vault/service/backup/ThirdPartyImportService.java:[38,17] cannot find symbol
[ERROR]   symbol:   class ImporterFactory
[ERROR]   location: class com.revature.vault.service.backup.ThirdPartyImportService
[ERROR] /e:/MicroServices/manager/microservices/vault-service/src/main/java/com/revature/vault/service/backup/ThirdPartyImportService.java:[30,1] cannot find symbol
[ERROR]   symbol:   class UserRepository
[ERROR]   location: class com.revature.vault.service.backup.ThirdPartyImportService
[ERROR] /e:/MicroServices/manager/microservices/vault-service/src/main/java/com/revature/vault/service/backup/ImportService.java:[7,37] package com.revature.vault.model.user does not exist
[ERROR] /e:/MicroServices/manager/microservices/vault-service/src/main/java/com/revature/vault/service/backup/ImportService.java:[13,37] cannot find symbol
[ERROR]   symbol:   class UserRepository
[ERROR]   location: package com.revature.vault.repository
[ERROR] /e:/MicroServices/manager/microservices/vault-service/src/main/java/com/revature/vault/service/backup/ImportService.java:[15,43] package com.revature.vault.service.security does not exist
[ERROR] /e:/MicroServices/manager/microservices/vault-service/src/main/java/com/revature/vault/service/backup/ImportService.java:[39,17] cannot find symbol
[ERROR]   symbol:   class UserRepository
[ERROR]   location: class com.revature.vault.service.backup.ImportService
[ERROR] /e:/MicroServices/manager/microservices/vault-service/src/main/java/com/revature/vault/service/backup/ImportService.java:[42,17] cannot find symbol
[ERROR]   symbol:   class EncryptionService
[ERROR]   location: class com.revature.vault.service.backup.ImportService
[ERROR] /e:/MicroServices/manager/microservices/vault-service/src/main/java/com/revature/vault/service/backup/ImportService.java:[144,37] cannot find symbol
[ERROR]   symbol:   class User
[ERROR]   location: class com.revature.vault.service.backup.ImportService
[ERROR] /e:/MicroServices/manager/microservices/vault-service/src/main/java/com/revature/vault/service/backup/ImportService.java:[170,36] cannot find symbol
[ERROR]   symbol:   class User
[ERROR]   location: class com.revature.vault.service.backup.ImportService
[ERROR] /e:/MicroServices/manager/microservices/vault-service/src/main/java/com/revature/vault/service/backup/ImportService.java:[190,35] cannot find symbol
[ERROR]   symbol:   class User
[ERROR]   location: class com.revature.vault.service.backup.ImportService
[ERROR] /e:/MicroServices/manager/microservices/vault-service/src/main/java/com/revature/vault/service/backup/ImportService.java:[289,34] cannot find symbol
[ERROR]   symbol:   class User
[ERROR]   location: class com.revature.vault.service.backup.ImportService
[ERROR] /e:/MicroServices/manager/microservices/vault-service/src/main/java/com/revature/vault/service/backup/ImportService.java:[33,1] cannot find symbol
[ERROR]   symbol:   class UserRepository
[ERROR]   location: class com.revature.vault.service.backup.ImportService
[ERROR] /e:/MicroServices/manager/microservices/vault-service/src/main/java/com/revature/vault/controller/BackupController.java:[28,59] package com.revature.passwordmanager.service.vault does not exist
[ERROR] /e:/MicroServices/manager/microservices/vault-service/src/main/java/com/revature/vault/controller/BackupController.java:[72,81] package com.revature.passwordmanager.dto.response does not exist
[ERROR] /e:/MicroServices/manager/microservices/vault-service/src/main/java/com/revature/vault/controller/BackupController.java:[20,1] package com.revature.passwordmanager.service.vault does not exist
[ERROR] -> [Help 1]
[ERROR] 
[ERROR] To see the full stack trace of the errors, re-run Maven with the -e switch.
[ERROR] Re-run Maven using the -X switch to enable full debug logging.
[ERROR] 
[ERROR] For more information about the errors and possible solutions, please read the following articles:
[ERROR] [Help 1] http://cwiki.apache.org/confluence/display/MAVEN/MojoFailureException
