[INFO] Scanning for projects...
[INFO] 
[INFO] --------------< com.revature.microservices:vault-service >--------------
[INFO] Building Vault Service 1.0.0
[INFO]   from pom.xml
[INFO] --------------------------------[ jar ]---------------------------------
[INFO] 
[INFO] --- clean:3.3.2:clean (default-clean) @ vault-service ---
[INFO] Deleting E:\MicroServices\manager\microservices\vault-service\target
[INFO] 
[INFO] --- resources:3.3.1:resources (default-resources) @ vault-service ---
[INFO] Copying 1 resource from src\main\resources to target\classes
[INFO] Copying 0 resource from src\main\resources to target\classes
[INFO] 
[INFO] --- compiler:3.11.0:compile (default-compile) @ vault-service ---
[INFO] Changes detected - recompiling the module! :source
[INFO] Compiling 134 source files with javac [debug release 21] to target\classes
[INFO] -------------------------------------------------------------
[ERROR] COMPILATION ERROR : 
[INFO] -------------------------------------------------------------
[ERROR] /E:/MicroServices/manager/microservices/vault-service/src/main/java/com/revature/vault/service/vault/VaultService.java:[15,37] cannot find symbol
  symbol:   class UserSettingsRepository
  location: package com.revature.vault.repository
[ERROR] /E:/MicroServices/manager/microservices/vault-service/src/main/java/com/revature/vault/service/vault/EncryptionService.java:[3,41] package com.revature.passwordmanager.util does not exist
[ERROR] /E:/MicroServices/manager/microservices/vault-service/src/main/java/com/revature/vault/service/vault/VaultService.java:[60,17] cannot find symbol
  symbol:   class UserSettingsRepository
  location: class com.revature.vault.service.vault.VaultService
[ERROR] /E:/MicroServices/manager/microservices/vault-service/src/main/java/com/revature/vault/service/vault/DuressService.java:[5,47] package com.revature.passwordmanager.repository does not exist
[ERROR] /E:/MicroServices/manager/microservices/vault-service/src/main/java/com/revature/vault/service/vault/VaultService.java:[47,1] cannot find symbol
  symbol:   class UserSettingsRepository
  location: class com.revature.vault.service.vault.VaultService
[ERROR] /E:/MicroServices/manager/microservices/vault-service/src/main/java/com/revature/vault/service/vault/DuressService.java:[20,17] cannot find symbol
  symbol:   class UserRepository
  location: class com.revature.vault.service.vault.DuressService
[ERROR] /E:/MicroServices/manager/microservices/vault-service/src/main/java/com/revature/vault/service/vault/DuressService.java:[17,1] cannot find symbol
  symbol:   class UserRepository
  location: class com.revature.vault.service.vault.DuressService
[ERROR] /E:/MicroServices/manager/microservices/vault-service/src/main/java/com/revature/vault/service/vault/EncryptionService.java:[14,17] cannot find symbol
  symbol:   class EncryptionUtil
  location: class com.revature.vault.service.vault.EncryptionService
[ERROR] /E:/MicroServices/manager/microservices/vault-service/src/main/java/com/revature/vault/service/vault/EncryptionService.java:[11,1] cannot find symbol
  symbol:   class EncryptionUtil
  location: class com.revature.vault.service.vault.EncryptionService
[ERROR] /E:/MicroServices/manager/microservices/vault-service/src/main/java/com/revature/vault/repository/FolderRepository.java:[17,45] cannot find symbol
  symbol:   class User
  location: interface com.revature.vault.repository.FolderRepository
[ERROR] /E:/MicroServices/manager/microservices/vault-service/src/main/java/com/revature/vault/controller/DashboardController.java:[8,44] package com.revature.vault.service.dashboard does not exist
[ERROR] /E:/MicroServices/manager/microservices/vault-service/src/main/java/com/revature/vault/controller/DashboardController.java:[25,19] cannot find symbol
  symbol:   class PasswordStrengthDashboardService
  location: class com.revature.vault.controller.DashboardController
[ERROR] /E:/MicroServices/manager/microservices/vault-service/src/main/java/com/revature/vault/controller/DashboardController.java:[21,1] cannot find symbol
  symbol:   class PasswordStrengthDashboardService
  location: class com.revature.vault.controller.DashboardController
[ERROR] /E:/MicroServices/manager/microservices/vault-service/src/main/java/com/revature/vault/service/sharing/SecureShareService.java:[12,50] package com.revature.vault.model.security.AuditLog does not exist
[INFO] 14 errors 
[INFO] -------------------------------------------------------------
[INFO] ------------------------------------------------------------------------
[INFO] BUILD FAILURE
[INFO] ------------------------------------------------------------------------
[INFO] Total time:  7.450 s
[INFO] Finished at: 2026-03-12T22:31:46+05:30
[INFO] ------------------------------------------------------------------------
[ERROR] Failed to execute goal org.apache.maven.plugins:maven-compiler-plugin:3.11.0:compile (default-compile) on project vault-service: Compilation failure: Compilation failure: 
[ERROR] /E:/MicroServices/manager/microservices/vault-service/src/main/java/com/revature/vault/service/vault/VaultService.java:[15,37] cannot find symbol
[ERROR]   symbol:   class UserSettingsRepository
[ERROR]   location: package com.revature.vault.repository
[ERROR] /E:/MicroServices/manager/microservices/vault-service/src/main/java/com/revature/vault/service/vault/EncryptionService.java:[3,41] package com.revature.passwordmanager.util does not exist
[ERROR] /E:/MicroServices/manager/microservices/vault-service/src/main/java/com/revature/vault/service/vault/VaultService.java:[60,17] cannot find symbol
[ERROR]   symbol:   class UserSettingsRepository
[ERROR]   location: class com.revature.vault.service.vault.VaultService
[ERROR] /E:/MicroServices/manager/microservices/vault-service/src/main/java/com/revature/vault/service/vault/DuressService.java:[5,47] package com.revature.passwordmanager.repository does not exist
[ERROR] /E:/MicroServices/manager/microservices/vault-service/src/main/java/com/revature/vault/service/vault/VaultService.java:[47,1] cannot find symbol
[ERROR]   symbol:   class UserSettingsRepository
[ERROR]   location: class com.revature.vault.service.vault.VaultService
[ERROR] /E:/MicroServices/manager/microservices/vault-service/src/main/java/com/revature/vault/service/vault/DuressService.java:[20,17] cannot find symbol
[ERROR]   symbol:   class UserRepository
[ERROR]   location: class com.revature.vault.service.vault.DuressService
[ERROR] /E:/MicroServices/manager/microservices/vault-service/src/main/java/com/revature/vault/service/vault/DuressService.java:[17,1] cannot find symbol
[ERROR]   symbol:   class UserRepository
[ERROR]   location: class com.revature.vault.service.vault.DuressService
[ERROR] /E:/MicroServices/manager/microservices/vault-service/src/main/java/com/revature/vault/service/vault/EncryptionService.java:[14,17] cannot find symbol
[ERROR]   symbol:   class EncryptionUtil
[ERROR]   location: class com.revature.vault.service.vault.EncryptionService
[ERROR] /E:/MicroServices/manager/microservices/vault-service/src/main/java/com/revature/vault/service/vault/EncryptionService.java:[11,1] cannot find symbol
[ERROR]   symbol:   class EncryptionUtil
[ERROR]   location: class com.revature.vault.service.vault.EncryptionService
[ERROR] /E:/MicroServices/manager/microservices/vault-service/src/main/java/com/revature/vault/repository/FolderRepository.java:[17,45] cannot find symbol
[ERROR]   symbol:   class User
[ERROR]   location: interface com.revature.vault.repository.FolderRepository
[ERROR] /E:/MicroServices/manager/microservices/vault-service/src/main/java/com/revature/vault/controller/DashboardController.java:[8,44] package com.revature.vault.service.dashboard does not exist
[ERROR] /E:/MicroServices/manager/microservices/vault-service/src/main/java/com/revature/vault/controller/DashboardController.java:[25,19] cannot find symbol
[ERROR]   symbol:   class PasswordStrengthDashboardService
[ERROR]   location: class com.revature.vault.controller.DashboardController
[ERROR] /E:/MicroServices/manager/microservices/vault-service/src/main/java/com/revature/vault/controller/DashboardController.java:[21,1] cannot find symbol
[ERROR]   symbol:   class PasswordStrengthDashboardService
[ERROR]   location: class com.revature.vault.controller.DashboardController
[ERROR] /E:/MicroServices/manager/microservices/vault-service/src/main/java/com/revature/vault/service/sharing/SecureShareService.java:[12,50] package com.revature.vault.model.security.AuditLog does not exist
[ERROR] -> [Help 1]
[ERROR] 
[ERROR] To see the full stack trace of the errors, re-run Maven with the -e switch.
[ERROR] Re-run Maven using the -X switch to enable full debug logging.
[ERROR] 
[ERROR] For more information about the errors and possible solutions, please read the following articles:
[ERROR] [Help 1] http://cwiki.apache.org/confluence/display/MAVEN/MojoFailureException
