[INFO] Scanning for projects...
[INFO] 
[INFO] --------------< com.revature.microservices:vault-service >--------------
[INFO] Building Vault Service 1.0.0
[INFO]   from pom.xml
[INFO] --------------------------------[ jar ]---------------------------------
[INFO] 
[INFO] --- clean:3.3.2:clean (default-clean) @ vault-service ---
[INFO] Deleting e:\MicroServices\manager\microservices\vault-service\target
[INFO] 
[INFO] --- resources:3.3.1:resources (default-resources) @ vault-service ---
[INFO] Copying 1 resource from src\main\resources to target\classes
[INFO] Copying 0 resource from src\main\resources to target\classes
[INFO] 
[INFO] --- compiler:3.11.0:compile (default-compile) @ vault-service ---
[INFO] Changes detected - recompiling the module! :source
[INFO] Compiling 139 source files with javac [debug release 21] to target\classes
[INFO] /e:/MicroServices/manager/microservices/vault-service/src/main/java/com/revature/vault/service/backup/ImportService.java: e:\MicroServices\manager\microservices\vault-service\src\main\java\com\revature\vault\service\backup\ImportService.java uses unchecked or unsafe operations.
[INFO] /e:/MicroServices/manager/microservices/vault-service/src/main/java/com/revature/vault/service/backup/ImportService.java: Recompile with -Xlint:unchecked for details.
[INFO] -------------------------------------------------------------
[ERROR] COMPILATION ERROR : 
[INFO] -------------------------------------------------------------
[ERROR] /e:/MicroServices/manager/microservices/vault-service/src/main/java/com/revature/vault/service/backup/ImportService.java:[250,60] cannot find symbol
  symbol:   method findByuserId(java.lang.Long)
  location: variable folderRepository of type com.revature.vault.repository.FolderRepository
[ERROR] /e:/MicroServices/manager/microservices/vault-service/src/main/java/com/revature/vault/controller/BackupController.java:[85,12] cannot find symbol
  symbol:   variable username
  location: class com.revature.vault.controller.BackupController
[INFO] 2 errors 
[INFO] -------------------------------------------------------------
[INFO] ------------------------------------------------------------------------
[INFO] BUILD FAILURE
[INFO] ------------------------------------------------------------------------
[INFO] Total time:  9.558 s
[INFO] Finished at: 2026-03-12T23:44:42+05:30
[INFO] ------------------------------------------------------------------------
[ERROR] Failed to execute goal org.apache.maven.plugins:maven-compiler-plugin:3.11.0:compile (default-compile) on project vault-service: Compilation failure: Compilation failure: 
[ERROR] /e:/MicroServices/manager/microservices/vault-service/src/main/java/com/revature/vault/service/backup/ImportService.java:[250,60] cannot find symbol
[ERROR]   symbol:   method findByuserId(java.lang.Long)
[ERROR]   location: variable folderRepository of type com.revature.vault.repository.FolderRepository
[ERROR] /e:/MicroServices/manager/microservices/vault-service/src/main/java/com/revature/vault/controller/BackupController.java:[85,12] cannot find symbol
[ERROR]   symbol:   variable username
[ERROR]   location: class com.revature.vault.controller.BackupController
[ERROR] -> [Help 1]
[ERROR] 
[ERROR] To see the full stack trace of the errors, re-run Maven with the -e switch.
[ERROR] Re-run Maven using the -X switch to enable full debug logging.
[ERROR] 
[ERROR] For more information about the errors and possible solutions, please read the following articles:
[ERROR] [Help 1] http://cwiki.apache.org/confluence/display/MAVEN/MojoFailureException
