[INFO] Scanning for projects...
[INFO] 
[INFO] ------------< com.revature.microservices:generator-service >------------
[INFO] Building Generator Service 1.0.0
[INFO]   from pom.xml
[INFO] --------------------------------[ jar ]---------------------------------
[INFO] 
[INFO] --- clean:3.3.2:clean (default-clean) @ generator-service ---
[INFO] 
[INFO] --- resources:3.3.1:resources (default-resources) @ generator-service ---
[INFO] Copying 1 resource from src\main\resources to target\classes
[INFO] Copying 0 resource from src\main\resources to target\classes
[INFO] 
[INFO] --- compiler:3.11.0:compile (default-compile) @ generator-service ---
[INFO] Changes detected - recompiling the module! :source
[INFO] Compiling 12 source files with javac [debug release 21] to target\classes
[INFO] ------------------------------------------------------------------------
[INFO] BUILD SUCCESS
[INFO] ------------------------------------------------------------------------
[INFO] Total time:  4.299 s
[INFO] Finished at: 2026-03-12T23:01:55+05:30
[INFO] ------------------------------------------------------------------------
