[INFO] Scanning for projects...
[INFO] 
[INFO] ------------< com.revature.microservices:security-service >-------------
[INFO] Building Security Service 1.0.0
[INFO]   from pom.xml
[INFO] --------------------------------[ jar ]---------------------------------
[INFO] 
[INFO] --- clean:3.3.2:clean (default-clean) @ security-service ---
[INFO] Deleting E:\MicroServices\manager\microservices\security-service\target
[INFO] 
[INFO] --- resources:3.3.1:resources (default-resources) @ security-service ---
[INFO] Copying 1 resource from src\main\resources to target\classes
[INFO] Copying 0 resource from src\main\resources to target\classes
[INFO] 
[INFO] --- compiler:3.11.0:compile (default-compile) @ security-service ---
[INFO] Changes detected - recompiling the module! :source
[INFO] Compiling 38 source files with javac [debug release 21] to target\classes
[INFO] -------------------------------------------------------------
[ERROR] COMPILATION ERROR : 
[INFO] -------------------------------------------------------------
[ERROR] /E:/MicroServices/manager/microservices/security-service/src/main/java/com/revature/security/controller/DashboardController.java:[55,83] package com.revature.passwordmanager.dto.response does not exist
[ERROR] /E:/MicroServices/manager/microservices/security-service/src/main/java/com/revature/security/controller/DashboardController.java:[60,83] package com.revature.passwordmanager.dto.response does not exist
[ERROR] /E:/MicroServices/manager/microservices/security-service/src/main/java/com/revature/security/dashboard/PasswordStrengthDashboardService.java:[120,58] package com.revature.passwordmanager.dto.response does not exist
[ERROR] /E:/MicroServices/manager/microservices/security-service/src/main/java/com/revature/security/dashboard/PasswordStrengthDashboardService.java:[129,58] package com.revature.passwordmanager.dto.response does not exist
[ERROR] /E:/MicroServices/manager/microservices/security-service/src/main/java/com/revature/security/dashboard/PasswordStrengthDashboardService.java:[136,51] cannot find symbol
  symbol:   class User
  location: class com.revature.security.dashboard.PasswordStrengthDashboardService
[ERROR] /E:/MicroServices/manager/microservices/security-service/src/main/java/com/revature/security/service/SecurityAlertService.java:[12,61] package com.revature.security.model.notification.Notification does not exist
[ERROR] /E:/MicroServices/manager/microservices/security-service/src/main/java/com/revature/security/model/PasswordAnalysis.java:[34,24] cannot find symbol
  symbol:   class StringListConverter
  location: class com.revature.security.model.PasswordAnalysis
[INFO] 7 errors 
[INFO] -------------------------------------------------------------
[INFO] ------------------------------------------------------------------------
[INFO] BUILD FAILURE
[INFO] ------------------------------------------------------------------------
[INFO] Total time:  5.572 s
[INFO] Finished at: 2026-03-12T23:28:11+05:30
[INFO] ------------------------------------------------------------------------
[ERROR] Failed to execute goal org.apache.maven.plugins:maven-compiler-plugin:3.11.0:compile (default-compile) on project security-service: Compilation failure: Compilation failure: 
[ERROR] /E:/MicroServices/manager/microservices/security-service/src/main/java/com/revature/security/controller/DashboardController.java:[55,83] package com.revature.passwordmanager.dto.response does not exist
[ERROR] /E:/MicroServices/manager/microservices/security-service/src/main/java/com/revature/security/controller/DashboardController.java:[60,83] package com.revature.passwordmanager.dto.response does not exist
[ERROR] /E:/MicroServices/manager/microservices/security-service/src/main/java/com/revature/security/dashboard/PasswordStrengthDashboardService.java:[120,58] package com.revature.passwordmanager.dto.response does not exist
[ERROR] /E:/MicroServices/manager/microservices/security-service/src/main/java/com/revature/security/dashboard/PasswordStrengthDashboardService.java:[129,58] package com.revature.passwordmanager.dto.response does not exist
[ERROR] /E:/MicroServices/manager/microservices/security-service/src/main/java/com/revature/security/dashboard/PasswordStrengthDashboardService.java:[136,51] cannot find symbol
[ERROR]   symbol:   class User
[ERROR]   location: class com.revature.security.dashboard.PasswordStrengthDashboardService
[ERROR] /E:/MicroServices/manager/microservices/security-service/src/main/java/com/revature/security/service/SecurityAlertService.java:[12,61] package com.revature.security.model.notification.Notification does not exist
[ERROR] /E:/MicroServices/manager/microservices/security-service/src/main/java/com/revature/security/model/PasswordAnalysis.java:[34,24] cannot find symbol
[ERROR]   symbol:   class StringListConverter
[ERROR]   location: class com.revature.security.model.PasswordAnalysis
[ERROR] -> [Help 1]
[ERROR] 
[ERROR] To see the full stack trace of the errors, re-run Maven with the -e switch.
[ERROR] Re-run Maven using the -X switch to enable full debug logging.
[ERROR] 
[ERROR] For more information about the errors and possible solutions, please read the following articles:
[ERROR] [Help 1] http://cwiki.apache.org/confluence/display/MAVEN/MojoFailureException
