[INFO] Scanning for projects...
[INFO] 
[INFO] ------------< com.revature.microservices:security-service >-------------
[INFO] Building Security Service 1.0.0
[INFO]   from pom.xml
[INFO] --------------------------------[ jar ]---------------------------------
[INFO] 
[INFO] --- clean:3.3.2:clean (default-clean) @ security-service ---
[INFO] Deleting E:\MicroServices\manager\microservices\security-service\target
[INFO] 
[INFO] --- resources:3.3.1:resources (default-resources) @ security-service ---
[INFO] Copying 1 resource from src\main\resources to target\classes
[INFO] Copying 0 resource from src\main\resources to target\classes
[INFO] 
[INFO] --- compiler:3.11.0:compile (default-compile) @ security-service ---
[INFO] Changes detected - recompiling the module! :source
[INFO] Compiling 38 source files with javac [debug release 21] to target\classes
[INFO] -------------------------------------------------------------
[ERROR] COMPILATION ERROR : 
[INFO] -------------------------------------------------------------
[ERROR] /E:/MicroServices/manager/microservices/security-service/src/main/java/com/revature/security/service/AuditLogService.java:[61,45] cannot find symbol
  symbol:   method findByUserIdOrderByTimestampDesc(java.lang.Long)
  location: variable auditLogRepository of type com.revature.security.repository.AuditLogRepository
[ERROR] /E:/MicroServices/manager/microservices/security-service/src/main/java/com/revature/security/service/LoginAttemptService.java:[31,11] cannot find symbol
  symbol:   method or(()->userCl[...]name))
  location: class com.revature.security.client.UserClient.UserVaultDetails
[ERROR] /E:/MicroServices/manager/microservices/security-service/src/main/java/com/revature/security/service/LoginAttemptService.java:[31,31] cannot find symbol
  symbol:   method findByEmail(java.lang.String)
  location: variable userClient of type com.revature.security.client.UserClient
[ERROR] /E:/MicroServices/manager/microservices/security-service/src/main/java/com/revature/security/service/LoginAttemptService.java:[58,9] cannot find symbol
  symbol:   method findByUserIdOrderByTimestampDesc(java.lang.Long)
  location: variable loginAttemptRepository of type com.revature.security.repository.LoginAttemptRepository
[ERROR] /E:/MicroServices/manager/microservices/security-service/src/main/java/com/revature/security/service/SecurityAlertService.java:[66,35] cannot find symbol
  symbol:   method findByUserIdOrderByCreatedAtDesc(java.lang.Long)
  location: variable securityAlertRepository of type com.revature.security.repository.SecurityAlertRepository
[INFO] 5 errors 
[INFO] -------------------------------------------------------------
[INFO] ------------------------------------------------------------------------
[INFO] BUILD FAILURE
[INFO] ------------------------------------------------------------------------
[INFO] Total time:  6.479 s
[INFO] Finished at: 2026-03-12T23:35:25+05:30
[INFO] ------------------------------------------------------------------------
[ERROR] Failed to execute goal org.apache.maven.plugins:maven-compiler-plugin:3.11.0:compile (default-compile) on project security-service: Compilation failure: Compilation failure: 
[ERROR] /E:/MicroServices/manager/microservices/security-service/src/main/java/com/revature/security/service/AuditLogService.java:[61,45] cannot find symbol
[ERROR]   symbol:   method findByUserIdOrderByTimestampDesc(java.lang.Long)
[ERROR]   location: variable auditLogRepository of type com.revature.security.repository.AuditLogRepository
[ERROR] /E:/MicroServices/manager/microservices/security-service/src/main/java/com/revature/security/service/LoginAttemptService.java:[31,11] cannot find symbol
[ERROR]   symbol:   method or(()->userCl[...]name))
[ERROR]   location: class com.revature.security.client.UserClient.UserVaultDetails
[ERROR] /E:/MicroServices/manager/microservices/security-service/src/main/java/com/revature/security/service/LoginAttemptService.java:[31,31] cannot find symbol
[ERROR]   symbol:   method findByEmail(java.lang.String)
[ERROR]   location: variable userClient of type com.revature.security.client.UserClient
[ERROR] /E:/MicroServices/manager/microservices/security-service/src/main/java/com/revature/security/service/LoginAttemptService.java:[58,9] cannot find symbol
[ERROR]   symbol:   method findByUserIdOrderByTimestampDesc(java.lang.Long)
[ERROR]   location: variable loginAttemptRepository of type com.revature.security.repository.LoginAttemptRepository
[ERROR] /E:/MicroServices/manager/microservices/security-service/src/main/java/com/revature/security/service/SecurityAlertService.java:[66,35] cannot find symbol
[ERROR]   symbol:   method findByUserIdOrderByCreatedAtDesc(java.lang.Long)
[ERROR]   location: variable securityAlertRepository of type com.revature.security.repository.SecurityAlertRepository
[ERROR] -> [Help 1]
[ERROR] 
[ERROR] To see the full stack trace of the errors, re-run Maven with the -e switch.
[ERROR] Re-run Maven using the -X switch to enable full debug logging.
[ERROR] 
[ERROR] For more information about the errors and possible solutions, please read the following articles:
[ERROR] [Help 1] http://cwiki.apache.org/confluence/display/MAVEN/MojoFailureException
