[INFO] Scanning for projects...
[INFO] 
[INFO] ------------< com.revature.microservices:security-service >-------------
[INFO] Building Security Service 1.0.0
[INFO]   from pom.xml
[INFO] --------------------------------[ jar ]---------------------------------
[INFO] 
[INFO] --- clean:3.3.2:clean (default-clean) @ security-service ---
[INFO] 
[INFO] --- resources:3.3.1:resources (default-resources) @ security-service ---
[INFO] Copying 1 resource from src\main\resources to target\classes
[INFO] Copying 0 resource from src\main\resources to target\classes
[INFO] 
[INFO] --- compiler:3.11.0:compile (default-compile) @ security-service ---
[INFO] Changes detected - recompiling the module! :source
[INFO] Compiling 36 source files with javac [debug release 21] to target\classes
[INFO] -------------------------------------------------------------
[ERROR] COMPILATION ERROR : 
[INFO] -------------------------------------------------------------
[ERROR] /E:/MicroServices/manager/microservices/security-service/src/main/java/com/revature/security/model/AuditLog.java:[3,40] package com.revature.security.model.user does not exist
[ERROR] /E:/MicroServices/manager/microservices/security-service/src/main/java/com/revature/security/aspect/AuditLogAspect.java:[4,46] package com.revature.security.service.security does not exist
[ERROR] /E:/MicroServices/manager/microservices/security-service/src/main/java/com/revature/security/aspect/AuditLogAspect.java:[13,43] package com.revature.security.service.vault does not exist
[ERROR] /E:/MicroServices/manager/microservices/security-service/src/main/java/com/revature/security/aspect/AuditLogAspect.java:[21,17] cannot find symbol
  symbol:   class AuditLogService
  location: class com.revature.security.aspect.AuditLogAspect
[ERROR] /E:/MicroServices/manager/microservices/security-service/src/main/java/com/revature/security/aspect/AuditLogAspect.java:[17,1] cannot find symbol
  symbol:   class AuditLogService
  location: class com.revature.security.aspect.AuditLogAspect
[ERROR] /E:/MicroServices/manager/microservices/security-service/src/main/java/com/revature/security/model/AuditLog.java:[26,11] cannot find symbol
  symbol:   class User
  location: class com.revature.security.model.AuditLog
[ERROR] /E:/MicroServices/manager/microservices/security-service/src/main/java/com/revature/security/model/AuditLog.java:[26,16] cannot find symbol
  symbol:   class User
  location: class com.revature.security.model.AuditLog
[ERROR] /E:/MicroServices/manager/microservices/security-service/src/main/java/com/revature/security/model/AuditLog.java:[14,1] cannot find symbol
  symbol:   class User
  location: class com.revature.security.model.AuditLog
[ERROR] /E:/MicroServices/manager/microservices/security-service/src/main/java/com/revature/security/model/AuditLog.java:[17,1] cannot find symbol
  symbol:   class User
  location: class com.revature.security.model.AuditLog
[ERROR] /E:/MicroServices/manager/microservices/security-service/src/main/java/com/revature/security/model/AuditLog.java:[15,1] cannot find symbol
  symbol:   class User
  location: class com.revature.security.model.AuditLog.AuditLogBuilder
[ERROR] /E:/MicroServices/manager/microservices/security-service/src/main/java/com/revature/security/util/EncryptionUtil.java:[3,36] package com.revature.security.config does not exist
[ERROR] /E:/MicroServices/manager/microservices/security-service/src/main/java/com/revature/security/util/EncryptionUtil.java:[24,17] cannot find symbol
  symbol:   class EncryptionConfig
  location: class com.revature.security.util.EncryptionUtil
[ERROR] /E:/MicroServices/manager/microservices/security-service/src/main/java/com/revature/security/util/EncryptionUtil.java:[18,1] cannot find symbol
  symbol:   class EncryptionConfig
  location: class com.revature.security.util.EncryptionUtil
[ERROR] /E:/MicroServices/manager/microservices/security-service/src/main/java/com/revature/security/controller/DashboardController.java:[9,37] package io.swagger.v3.oas.annotations does not exist
[ERROR] /E:/MicroServices/manager/microservices/security-service/src/main/java/com/revature/security/controller/DashboardController.java:[10,42] package io.swagger.v3.oas.annotations.tags does not exist
[ERROR] /E:/MicroServices/manager/microservices/security-service/src/main/java/com/revature/security/controller/DashboardController.java:[13,49] package org.springframework.security.core.context does not exist
[ERROR] /E:/MicroServices/manager/microservices/security-service/src/main/java/com/revature/security/controller/DashboardController.java:[22,2] cannot find symbol
  symbol: class Tag
[ERROR] /E:/MicroServices/manager/microservices/security-service/src/main/java/com/revature/security/dashboard/PasswordStrengthDashboardService.java:[8,39] package com.revature.security.exception does not exist
[ERROR] /E:/MicroServices/manager/microservices/security-service/src/main/java/com/revature/security/dashboard/PasswordStrengthDashboardService.java:[9,35] cannot find symbol
  symbol:   class etricsHistory
  location: package com.revature.security.model
[ERROR] /E:/MicroServices/manager/microservices/security-service/src/main/java/com/revature/security/dashboard/PasswordStrengthDashboardService.java:[11,40] package com.revature.security.model.user does not exist
[ERROR] /E:/MicroServices/manager/microservices/security-service/src/main/java/com/revature/security/dashboard/PasswordStrengthDashboardService.java:[13,40] cannot find symbol
  symbol:   class UserRepository
  location: package com.revature.security.repository
[ERROR] /E:/MicroServices/manager/microservices/security-service/src/main/java/com/revature/security/dashboard/PasswordStrengthDashboardService.java:[14,46] package com.revature.security.service.security does not exist
[ERROR] /E:/MicroServices/manager/microservices/security-service/src/main/java/com/revature/security/controller/DashboardController.java:[65,83] package com.revature.passwordmanager.dto.response does not exist
[ERROR] /E:/MicroServices/manager/microservices/security-service/src/main/java/com/revature/security/controller/DashboardController.java:[72,83] package com.revature.passwordmanager.dto.response does not exist
[ERROR] /E:/MicroServices/manager/microservices/security-service/src/main/java/com/revature/security/dashboard/SecurityMetricsCalculator.java:[7,41] package com.revature.security.model.vault does not exist
[ERROR] /E:/MicroServices/manager/microservices/security-service/src/main/java/com/revature/security/dashboard/SecurityMetricsCalculator.java:[8,40] cannot find symbol
  symbol:   class VaultEntryRepository
  location: package com.revature.security.repository
[ERROR] /E:/MicroServices/manager/microservices/security-service/src/main/java/com/revature/security/dashboard/SecurityMetricsCalculator.java:[9,46] package com.revature.security.service.security does not exist
[ERROR] /E:/MicroServices/manager/microservices/security-service/src/main/java/com/revature/security/repository/SecurityMetricsHistoryRepository.java:[3,35] cannot find symbol
  symbol:   class etricsHistory
  location: package com.revature.security.model
[ERROR] /E:/MicroServices/manager/microservices/security-service/src/main/java/com/revature/security/repository/SecurityMetricsHistoryRepository.java:[14,73] cannot find symbol
  symbol: class SecurityMetricsHistory
[ERROR] /E:/MicroServices/manager/microservices/security-service/src/main/java/com/revature/security/dashboard/PasswordStrengthDashboardService.java:[29,19] cannot find symbol
  symbol:   class UserRepository
  location: class com.revature.security.dashboard.PasswordStrengthDashboardService
[ERROR] /E:/MicroServices/manager/microservices/security-service/src/main/java/com/revature/security/dashboard/PasswordStrengthDashboardService.java:[30,19] cannot find symbol
  symbol:   class AuditLogService
  location: class com.revature.security.dashboard.PasswordStrengthDashboardService
[ERROR] /E:/MicroServices/manager/microservices/security-service/src/main/java/com/revature/security/dashboard/PasswordStrengthDashboardService.java:[121,58] package com.revature.passwordmanager.dto.response does not exist
[ERROR] /E:/MicroServices/manager/microservices/security-service/src/main/java/com/revature/security/dashboard/PasswordStrengthDashboardService.java:[130,58] package com.revature.passwordmanager.dto.response does not exist
[ERROR] /E:/MicroServices/manager/microservices/security-service/src/main/java/com/revature/security/dashboard/PasswordStrengthDashboardService.java:[137,51] cannot find symbol
  symbol:   class User
  location: class com.revature.security.dashboard.PasswordStrengthDashboardService
[ERROR] /E:/MicroServices/manager/microservices/security-service/src/main/java/com/revature/security/dashboard/PasswordStrengthDashboardService.java:[24,1] cannot find symbol
  symbol:   class UserRepository
  location: class com.revature.security.dashboard.PasswordStrengthDashboardService
[ERROR] /E:/MicroServices/manager/microservices/security-service/src/main/java/com/revature/security/repository/SecurityMetricsHistoryRepository.java:[16,10] cannot find symbol
  symbol:   class SecurityMetricsHistory
  location: interface com.revature.security.repository.SecurityMetricsHistoryRepository
[ERROR] /E:/MicroServices/manager/microservices/security-service/src/main/java/com/revature/security/repository/SecurityMetricsHistoryRepository.java:[18,10] cannot find symbol
  symbol:   class SecurityMetricsHistory
  location: interface com.revature.security.repository.SecurityMetricsHistoryRepository
[ERROR] /E:/MicroServices/manager/microservices/security-service/src/main/java/com/revature/security/repository/SecurityMetricsHistoryRepository.java:[21,14] cannot find symbol
  symbol:   class SecurityMetricsHistory
  location: interface com.revature.security.repository.SecurityMetricsHistoryRepository
[ERROR] /E:/MicroServices/manager/microservices/security-service/src/main/java/com/revature/security/repository/SecurityMetricsHistoryRepository.java:[25,10] cannot find symbol
  symbol:   class SecurityMetricsHistory
  location: interface com.revature.security.repository.SecurityMetricsHistoryRepository
[ERROR] /E:/MicroServices/manager/microservices/security-service/src/main/java/com/revature/security/dashboard/SecurityMetricsCalculator.java:[32,19] cannot find symbol
  symbol:   class VaultEntryRepository
  location: class com.revature.security.dashboard.SecurityMetricsCalculator
[ERROR] /E:/MicroServices/manager/microservices/security-service/src/main/java/com/revature/security/dashboard/SecurityMetricsCalculator.java:[34,19] cannot find symbol
  symbol:   class EncryptionService
  location: class com.revature.security.dashboard.SecurityMetricsCalculator
[ERROR] /E:/MicroServices/manager/microservices/security-service/src/main/java/com/revature/security/dashboard/SecurityMetricsCalculator.java:[293,58] package com.revature.passwordmanager.dto.response does not exist
[ERROR] /E:/MicroServices/manager/microservices/security-service/src/main/java/com/revature/security/dashboard/SecurityMetricsCalculator.java:[310,58] package com.revature.passwordmanager.dto.response does not exist
[ERROR] /E:/MicroServices/manager/microservices/security-service/src/main/java/com/revature/security/dashboard/SecurityMetricsCalculator.java:[335,40] cannot find symbol
  symbol:   class VaultEntry
  location: class com.revature.security.dashboard.SecurityMetricsCalculator
[ERROR] /E:/MicroServices/manager/microservices/security-service/src/main/java/com/revature/security/dashboard/SecurityMetricsCalculator.java:[346,34] cannot find symbol
  symbol:   class VaultEntry
  location: class com.revature.security.dashboard.SecurityMetricsCalculator
[ERROR] /E:/MicroServices/manager/microservices/security-service/src/main/java/com/revature/security/dashboard/SecurityMetricsCalculator.java:[356,88] cannot find symbol
  symbol:   class VaultEntry
  location: class com.revature.security.dashboard.SecurityMetricsCalculator
[ERROR] /E:/MicroServices/manager/microservices/security-service/src/main/java/com/revature/security/dashboard/SecurityMetricsCalculator.java:[356,54] package com.revature.passwordmanager.dto.response does not exist
[ERROR] /E:/MicroServices/manager/microservices/security-service/src/main/java/com/revature/security/dashboard/SecurityMetricsCalculator.java:[25,1] cannot find symbol
  symbol:   class VaultEntryRepository
  location: class com.revature.security.dashboard.SecurityMetricsCalculator
[ERROR] /E:/MicroServices/manager/microservices/security-service/src/main/java/com/revature/security/model/SecurityMetricsHistory.java:[3,40] package com.revature.security.model.user does not exist
[ERROR] /E:/MicroServices/manager/microservices/security-service/src/main/java/com/revature/security/model/SecurityMetricsHistory.java:[28,13] cannot find symbol
  symbol:   class User
  location: class com.revature.security.model.SecurityMetricsHistory
[ERROR] /E:/MicroServices/manager/microservices/security-service/src/main/java/com/revature/security/model/SecurityMetricsHistory.java:[28,18] cannot find symbol
  symbol:   class User
  location: class com.revature.security.model.SecurityMetricsHistory
[ERROR] /E:/MicroServices/manager/microservices/security-service/src/main/java/com/revature/security/model/SecurityMetricsHistory.java:[15,1] cannot find symbol
  symbol:   class User
  location: class com.revature.security.model.SecurityMetricsHistory
[ERROR] /E:/MicroServices/manager/microservices/security-service/src/main/java/com/revature/security/model/SecurityMetricsHistory.java:[18,1] cannot find symbol
  symbol:   class User
  location: class com.revature.security.model.SecurityMetricsHistory
[ERROR] /E:/MicroServices/manager/microservices/security-service/src/main/java/com/revature/security/model/SecurityMetricsHistory.java:[16,1] cannot find symbol
  symbol:   class User
  location: class com.revature.security.model.SecurityMetricsHistory.SecurityMetricsHistoryBuilder
[ERROR] /E:/MicroServices/manager/microservices/security-service/src/main/java/com/revature/security/service/LoginAttemptService.java:[5,40] package com.revature.security.model.user does not exist
[ERROR] /E:/MicroServices/manager/microservices/security-service/src/main/java/com/revature/security/service/LoginAttemptService.java:[7,40] cannot find symbol
  symbol:   class UserRepository
  location: package com.revature.security.repository
[ERROR] /E:/MicroServices/manager/microservices/security-service/src/main/java/com/revature/security/model/LoginAttempt.java:[3,40] package com.revature.security.model.user does not exist
[ERROR] /E:/MicroServices/manager/microservices/security-service/src/main/java/com/revature/security/service/LoginAttemptService.java:[25,17] cannot find symbol
  symbol:   class UserRepository
  location: class com.revature.security.service.LoginAttemptService
[ERROR] /E:/MicroServices/manager/microservices/security-service/src/main/java/com/revature/security/service/LoginAttemptService.java:[19,1] cannot find symbol
  symbol:   class UserRepository
  location: class com.revature.security.service.LoginAttemptService
[ERROR] /E:/MicroServices/manager/microservices/security-service/src/main/java/com/revature/security/model/LoginAttempt.java:[26,11] cannot find symbol
  symbol:   class User
  location: class com.revature.security.model.LoginAttempt
[ERROR] /E:/MicroServices/manager/microservices/security-service/src/main/java/com/revature/security/model/LoginAttempt.java:[26,16] cannot find symbol
  symbol:   class User
  location: class com.revature.security.model.LoginAttempt
[ERROR] /E:/MicroServices/manager/microservices/security-service/src/main/java/com/revature/security/model/LoginAttempt.java:[14,1] cannot find symbol
  symbol:   class User
  location: class com.revature.security.model.LoginAttempt
[ERROR] /E:/MicroServices/manager/microservices/security-service/src/main/java/com/revature/security/model/LoginAttempt.java:[17,1] cannot find symbol
  symbol:   class User
  location: class com.revature.security.model.LoginAttempt
[ERROR] /E:/MicroServices/manager/microservices/security-service/src/main/java/com/revature/security/model/LoginAttempt.java:[15,1] cannot find symbol
  symbol:   class User
  location: class com.revature.security.model.LoginAttempt.LoginAttemptBuilder
[ERROR] /E:/MicroServices/manager/microservices/security-service/src/main/java/com/revature/security/model/SecurityAlert.java:[3,40] package com.revature.security.model.user does not exist
[ERROR] /E:/MicroServices/manager/microservices/security-service/src/main/java/com/revature/security/model/SecurityAlert.java:[26,11] cannot find symbol
  symbol:   class User
  location: class com.revature.security.model.SecurityAlert
[ERROR] /E:/MicroServices/manager/microservices/security-service/src/main/java/com/revature/security/model/SecurityAlert.java:[26,16] cannot find symbol
  symbol:   class User
  location: class com.revature.security.model.SecurityAlert
[ERROR] /E:/MicroServices/manager/microservices/security-service/src/main/java/com/revature/security/model/SecurityAlert.java:[14,1] cannot find symbol
  symbol:   class User
  location: class com.revature.security.model.SecurityAlert
[ERROR] /E:/MicroServices/manager/microservices/security-service/src/main/java/com/revature/security/model/SecurityAlert.java:[17,1] cannot find symbol
  symbol:   class User
  location: class com.revature.security.model.SecurityAlert
[ERROR] /E:/MicroServices/manager/microservices/security-service/src/main/java/com/revature/security/model/SecurityAlert.java:[15,1] cannot find symbol
  symbol:   class User
  location: class com.revature.security.model.SecurityAlert.SecurityAlertBuilder
[ERROR] /E:/MicroServices/manager/microservices/security-service/src/main/java/com/revature/security/service/SecurityAlertService.java:[4,39] package com.revature.security.exception does not exist
[ERROR] /E:/MicroServices/manager/microservices/security-service/src/main/java/com/revature/security/service/SecurityAlertService.java:[8,40] package com.revature.security.model.user does not exist
[ERROR] /E:/MicroServices/manager/microservices/security-service/src/main/java/com/revature/security/service/SecurityAlertService.java:[10,40] cannot find symbol
  symbol:   class UserRepository
  location: package com.revature.security.repository
[ERROR] /E:/MicroServices/manager/microservices/security-service/src/main/java/com/revature/security/service/SecurityAlertService.java:[11,50] package com.revature.security.service.notification does not exist
[ERROR] /E:/MicroServices/manager/microservices/security-service/src/main/java/com/revature/security/service/SecurityAlertService.java:[12,61] package com.revature.security.model.notification.Notification does not exist
[ERROR] /E:/MicroServices/manager/microservices/security-service/src/main/java/com/revature/security/service/SecurityAlertService.java:[30,17] cannot find symbol
  symbol:   class UserRepository
  location: class com.revature.security.service.SecurityAlertService
[ERROR] /E:/MicroServices/manager/microservices/security-service/src/main/java/com/revature/security/service/SecurityAlertService.java:[31,17] cannot find symbol
  symbol:   class NotificationService
  location: class com.revature.security.service.SecurityAlertService
[ERROR] /E:/MicroServices/manager/microservices/security-service/src/main/java/com/revature/security/service/SecurityAlertService.java:[24,1] cannot find symbol
  symbol:   class UserRepository
  location: class com.revature.security.service.SecurityAlertService
[ERROR] /E:/MicroServices/manager/microservices/security-service/src/main/java/com/revature/security/service/SecurityAuditService.java:[6,40] package com.revature.security.model.user does not exist
[ERROR] /E:/MicroServices/manager/microservices/security-service/src/main/java/com/revature/security/service/SecurityAuditService.java:[7,41] package com.revature.security.model.vault does not exist
[ERROR] /E:/MicroServices/manager/microservices/security-service/src/main/java/com/revature/security/service/SecurityAuditService.java:[9,40] cannot find symbol
  symbol:   class UserRepository
  location: package com.revature.security.repository
[ERROR] /E:/MicroServices/manager/microservices/security-service/src/main/java/com/revature/security/service/SecurityAuditService.java:[10,40] cannot find symbol
  symbol:   class VaultEntryRepository
  location: package com.revature.security.repository
[ERROR] /E:/MicroServices/manager/microservices/security-service/src/main/java/com/revature/security/service/SecurityAuditService.java:[31,17] cannot find symbol
  symbol:   class VaultEntryRepository
  location: class com.revature.security.service.SecurityAuditService
[ERROR] /E:/MicroServices/manager/microservices/security-service/src/main/java/com/revature/security/service/SecurityAuditService.java:[32,17] cannot find symbol
  symbol:   class UserRepository
  location: class com.revature.security.service.SecurityAuditService
[ERROR] /E:/MicroServices/manager/microservices/security-service/src/main/java/com/revature/security/model/PasswordAnalysis.java:[3,41] package com.revature.security.model.vault does not exist
[ERROR] /E:/MicroServices/manager/microservices/security-service/src/main/java/com/revature/security/service/SecurityAuditService.java:[39,28] cannot find symbol
  symbol:   class VaultEntry
  location: class com.revature.security.service.SecurityAuditService
[ERROR] /E:/MicroServices/manager/microservices/security-service/src/main/java/com/revature/security/service/SecurityAuditService.java:[183,42] cannot find symbol
  symbol:   class VaultEntry
  location: class com.revature.security.service.SecurityAuditService
[ERROR] /E:/MicroServices/manager/microservices/security-service/src/main/java/com/revature/security/service/SecurityAuditService.java:[222,36] cannot find symbol
  symbol:   class User
  location: class com.revature.security.service.SecurityAuditService
[ERROR] /E:/MicroServices/manager/microservices/security-service/src/main/java/com/revature/security/service/SecurityAuditService.java:[222,52] cannot find symbol
  symbol:   class VaultEntry
  location: class com.revature.security.service.SecurityAuditService
[ERROR] /E:/MicroServices/manager/microservices/security-service/src/main/java/com/revature/security/service/SecurityAuditService.java:[25,1] cannot find symbol
  symbol:   class VaultEntryRepository
  location: class com.revature.security.service.SecurityAuditService
[ERROR] /E:/MicroServices/manager/microservices/security-service/src/main/java/com/revature/security/model/PasswordAnalysis.java:[27,11] cannot find symbol
  symbol:   class VaultEntry
  location: class com.revature.security.model.PasswordAnalysis
[ERROR] /E:/MicroServices/manager/microservices/security-service/src/main/java/com/revature/security/model/PasswordAnalysis.java:[27,22] cannot find symbol
  symbol:   class VaultEntry
  location: class com.revature.security.model.PasswordAnalysis
[ERROR] /E:/MicroServices/manager/microservices/security-service/src/main/java/com/revature/security/model/PasswordAnalysis.java:[15,1] cannot find symbol
  symbol:   class VaultEntry
  location: class com.revature.security.model.PasswordAnalysis
[ERROR] /E:/MicroServices/manager/microservices/security-service/src/main/java/com/revature/security/model/PasswordAnalysis.java:[18,1] cannot find symbol
  symbol:   class VaultEntry
  location: class com.revature.security.model.PasswordAnalysis
[ERROR] /E:/MicroServices/manager/microservices/security-service/src/main/java/com/revature/security/model/PasswordAnalysis.java:[16,1] cannot find symbol
  symbol:   class VaultEntry
  location: class com.revature.security.model.PasswordAnalysis.PasswordAnalysisBuilder
[ERROR] /E:/MicroServices/manager/microservices/security-service/src/main/java/com/revature/security/service/AuditLogService.java:[6,40] package com.revature.security.model.user does not exist
[ERROR] /E:/MicroServices/manager/microservices/security-service/src/main/java/com/revature/security/service/AuditLogService.java:[8,40] cannot find symbol
  symbol:   class UserRepository
  location: package com.revature.security.repository
[ERROR] /E:/MicroServices/manager/microservices/security-service/src/main/java/com/revature/security/service/AuditLogService.java:[26,17] cannot find symbol
  symbol:   class UserRepository
  location: class com.revature.security.service.AuditLogService
[ERROR] /E:/MicroServices/manager/microservices/security-service/src/main/java/com/revature/security/service/AuditLogService.java:[20,1] cannot find symbol
  symbol:   class UserRepository
  location: class com.revature.security.service.AuditLogService
[ERROR] /E:/MicroServices/manager/microservices/security-service/src/main/java/com/revature/security/controller/SecurityController.java:[8,46] package com.revature.security.service.security does not exist
[INFO] 100 errors 
[INFO] -------------------------------------------------------------
[INFO] ------------------------------------------------------------------------
[INFO] BUILD FAILURE
[INFO] ------------------------------------------------------------------------
[INFO] Total time:  5.708 s
[INFO] Finished at: 2026-03-12T23:07:04+05:30
[INFO] ------------------------------------------------------------------------
[ERROR] Failed to execute goal org.apache.maven.plugins:maven-compiler-plugin:3.11.0:compile (default-compile) on project security-service: Compilation failure: Compilation failure: 
[ERROR] /E:/MicroServices/manager/microservices/security-service/src/main/java/com/revature/security/model/AuditLog.java:[3,40] package com.revature.security.model.user does not exist
[ERROR] /E:/MicroServices/manager/microservices/security-service/src/main/java/com/revature/security/aspect/AuditLogAspect.java:[4,46] package com.revature.security.service.security does not exist
[ERROR] /E:/MicroServices/manager/microservices/security-service/src/main/java/com/revature/security/aspect/AuditLogAspect.java:[13,43] package com.revature.security.service.vault does not exist
[ERROR] /E:/MicroServices/manager/microservices/security-service/src/main/java/com/revature/security/aspect/AuditLogAspect.java:[21,17] cannot find symbol
[ERROR]   symbol:   class AuditLogService
[ERROR]   location: class com.revature.security.aspect.AuditLogAspect
[ERROR] /E:/MicroServices/manager/microservices/security-service/src/main/java/com/revature/security/aspect/AuditLogAspect.java:[17,1] cannot find symbol
[ERROR]   symbol:   class AuditLogService
[ERROR]   location: class com.revature.security.aspect.AuditLogAspect
[ERROR] /E:/MicroServices/manager/microservices/security-service/src/main/java/com/revature/security/model/AuditLog.java:[26,11] cannot find symbol
[ERROR]   symbol:   class User
[ERROR]   location: class com.revature.security.model.AuditLog
[ERROR] /E:/MicroServices/manager/microservices/security-service/src/main/java/com/revature/security/model/AuditLog.java:[26,16] cannot find symbol
[ERROR]   symbol:   class User
[ERROR]   location: class com.revature.security.model.AuditLog
[ERROR] /E:/MicroServices/manager/microservices/security-service/src/main/java/com/revature/security/model/AuditLog.java:[14,1] cannot find symbol
[ERROR]   symbol:   class User
[ERROR]   location: class com.revature.security.model.AuditLog
[ERROR] /E:/MicroServices/manager/microservices/security-service/src/main/java/com/revature/security/model/AuditLog.java:[17,1] cannot find symbol
[ERROR]   symbol:   class User
[ERROR]   location: class com.revature.security.model.AuditLog
[ERROR] /E:/MicroServices/manager/microservices/security-service/src/main/java/com/revature/security/model/AuditLog.java:[15,1] cannot find symbol
[ERROR]   symbol:   class User
[ERROR]   location: class com.revature.security.model.AuditLog.AuditLogBuilder
[ERROR] /E:/MicroServices/manager/microservices/security-service/src/main/java/com/revature/security/util/EncryptionUtil.java:[3,36] package com.revature.security.config does not exist
[ERROR] /E:/MicroServices/manager/microservices/security-service/src/main/java/com/revature/security/util/EncryptionUtil.java:[24,17] cannot find symbol
[ERROR]   symbol:   class EncryptionConfig
[ERROR]   location: class com.revature.security.util.EncryptionUtil
[ERROR] /E:/MicroServices/manager/microservices/security-service/src/main/java/com/revature/security/util/EncryptionUtil.java:[18,1] cannot find symbol
[ERROR]   symbol:   class EncryptionConfig
[ERROR]   location: class com.revature.security.util.EncryptionUtil
[ERROR] /E:/MicroServices/manager/microservices/security-service/src/main/java/com/revature/security/controller/DashboardController.java:[9,37] package io.swagger.v3.oas.annotations does not exist
[ERROR] /E:/MicroServices/manager/microservices/security-service/src/main/java/com/revature/security/controller/DashboardController.java:[10,42] package io.swagger.v3.oas.annotations.tags does not exist
[ERROR] /E:/MicroServices/manager/microservices/security-service/src/main/java/com/revature/security/controller/DashboardController.java:[13,49] package org.springframework.security.core.context does not exist
[ERROR] /E:/MicroServices/manager/microservices/security-service/src/main/java/com/revature/security/controller/DashboardController.java:[22,2] cannot find symbol
[ERROR]   symbol: class Tag
[ERROR] /E:/MicroServices/manager/microservices/security-service/src/main/java/com/revature/security/dashboard/PasswordStrengthDashboardService.java:[8,39] package com.revature.security.exception does not exist
[ERROR] /E:/MicroServices/manager/microservices/security-service/src/main/java/com/revature/security/dashboard/PasswordStrengthDashboardService.java:[9,35] cannot find symbol
[ERROR]   symbol:   class etricsHistory
[ERROR]   location: package com.revature.security.model
[ERROR] /E:/MicroServices/manager/microservices/security-service/src/main/java/com/revature/security/dashboard/PasswordStrengthDashboardService.java:[11,40] package com.revature.security.model.user does not exist
[ERROR] /E:/MicroServices/manager/microservices/security-service/src/main/java/com/revature/security/dashboard/PasswordStrengthDashboardService.java:[13,40] cannot find symbol
[ERROR]   symbol:   class UserRepository
[ERROR]   location: package com.revature.security.repository
[ERROR] /E:/MicroServices/manager/microservices/security-service/src/main/java/com/revature/security/dashboard/PasswordStrengthDashboardService.java:[14,46] package com.revature.security.service.security does not exist
[ERROR] /E:/MicroServices/manager/microservices/security-service/src/main/java/com/revature/security/controller/DashboardController.java:[65,83] package com.revature.passwordmanager.dto.response does not exist
[ERROR] /E:/MicroServices/manager/microservices/security-service/src/main/java/com/revature/security/controller/DashboardController.java:[72,83] package com.revature.passwordmanager.dto.response does not exist
[ERROR] /E:/MicroServices/manager/microservices/security-service/src/main/java/com/revature/security/dashboard/SecurityMetricsCalculator.java:[7,41] package com.revature.security.model.vault does not exist
[ERROR] /E:/MicroServices/manager/microservices/security-service/src/main/java/com/revature/security/dashboard/SecurityMetricsCalculator.java:[8,40] cannot find symbol
[ERROR]   symbol:   class VaultEntryRepository
[ERROR]   location: package com.revature.security.repository
[ERROR] /E:/MicroServices/manager/microservices/security-service/src/main/java/com/revature/security/dashboard/SecurityMetricsCalculator.java:[9,46] package com.revature.security.service.security does not exist
[ERROR] /E:/MicroServices/manager/microservices/security-service/src/main/java/com/revature/security/repository/SecurityMetricsHistoryRepository.java:[3,35] cannot find symbol
[ERROR]   symbol:   class etricsHistory
[ERROR]   location: package com.revature.security.model
[ERROR] /E:/MicroServices/manager/microservices/security-service/src/main/java/com/revature/security/repository/SecurityMetricsHistoryRepository.java:[14,73] cannot find symbol
[ERROR]   symbol: class SecurityMetricsHistory
[ERROR] /E:/MicroServices/manager/microservices/security-service/src/main/java/com/revature/security/dashboard/PasswordStrengthDashboardService.java:[29,19] cannot find symbol
[ERROR]   symbol:   class UserRepository
[ERROR]   location: class com.revature.security.dashboard.PasswordStrengthDashboardService
[ERROR] /E:/MicroServices/manager/microservices/security-service/src/main/java/com/revature/security/dashboard/PasswordStrengthDashboardService.java:[30,19] cannot find symbol
[ERROR]   symbol:   class AuditLogService
[ERROR]   location: class com.revature.security.dashboard.PasswordStrengthDashboardService
[ERROR] /E:/MicroServices/manager/microservices/security-service/src/main/java/com/revature/security/dashboard/PasswordStrengthDashboardService.java:[121,58] package com.revature.passwordmanager.dto.response does not exist
[ERROR] /E:/MicroServices/manager/microservices/security-service/src/main/java/com/revature/security/dashboard/PasswordStrengthDashboardService.java:[130,58] package com.revature.passwordmanager.dto.response does not exist
[ERROR] /E:/MicroServices/manager/microservices/security-service/src/main/java/com/revature/security/dashboard/PasswordStrengthDashboardService.java:[137,51] cannot find symbol
[ERROR]   symbol:   class User
[ERROR]   location: class com.revature.security.dashboard.PasswordStrengthDashboardService
[ERROR] /E:/MicroServices/manager/microservices/security-service/src/main/java/com/revature/security/dashboard/PasswordStrengthDashboardService.java:[24,1] cannot find symbol
[ERROR]   symbol:   class UserRepository
[ERROR]   location: class com.revature.security.dashboard.PasswordStrengthDashboardService
[ERROR] /E:/MicroServices/manager/microservices/security-service/src/main/java/com/revature/security/repository/SecurityMetricsHistoryRepository.java:[16,10] cannot find symbol
[ERROR]   symbol:   class SecurityMetricsHistory
[ERROR]   location: interface com.revature.security.repository.SecurityMetricsHistoryRepository
[ERROR] /E:/MicroServices/manager/microservices/security-service/src/main/java/com/revature/security/repository/SecurityMetricsHistoryRepository.java:[18,10] cannot find symbol
[ERROR]   symbol:   class SecurityMetricsHistory
[ERROR]   location: interface com.revature.security.repository.SecurityMetricsHistoryRepository
[ERROR] /E:/MicroServices/manager/microservices/security-service/src/main/java/com/revature/security/repository/SecurityMetricsHistoryRepository.java:[21,14] cannot find symbol
[ERROR]   symbol:   class SecurityMetricsHistory
[ERROR]   location: interface com.revature.security.repository.SecurityMetricsHistoryRepository
[ERROR] /E:/MicroServices/manager/microservices/security-service/src/main/java/com/revature/security/repository/SecurityMetricsHistoryRepository.java:[25,10] cannot find symbol
[ERROR]   symbol:   class SecurityMetricsHistory
[ERROR]   location: interface com.revature.security.repository.SecurityMetricsHistoryRepository
[ERROR] /E:/MicroServices/manager/microservices/security-service/src/main/java/com/revature/security/dashboard/SecurityMetricsCalculator.java:[32,19] cannot find symbol
[ERROR]   symbol:   class VaultEntryRepository
[ERROR]   location: class com.revature.security.dashboard.SecurityMetricsCalculator
[ERROR] /E:/MicroServices/manager/microservices/security-service/src/main/java/com/revature/security/dashboard/SecurityMetricsCalculator.java:[34,19] cannot find symbol
[ERROR]   symbol:   class EncryptionService
[ERROR]   location: class com.revature.security.dashboard.SecurityMetricsCalculator
[ERROR] /E:/MicroServices/manager/microservices/security-service/src/main/java/com/revature/security/dashboard/SecurityMetricsCalculator.java:[293,58] package com.revature.passwordmanager.dto.response does not exist
[ERROR] /E:/MicroServices/manager/microservices/security-service/src/main/java/com/revature/security/dashboard/SecurityMetricsCalculator.java:[310,58] package com.revature.passwordmanager.dto.response does not exist
[ERROR] /E:/MicroServices/manager/microservices/security-service/src/main/java/com/revature/security/dashboard/SecurityMetricsCalculator.java:[335,40] cannot find symbol
[ERROR]   symbol:   class VaultEntry
[ERROR]   location: class com.revature.security.dashboard.SecurityMetricsCalculator
[ERROR] /E:/MicroServices/manager/microservices/security-service/src/main/java/com/revature/security/dashboard/SecurityMetricsCalculator.java:[346,34] cannot find symbol
[ERROR]   symbol:   class VaultEntry
[ERROR]   location: class com.revature.security.dashboard.SecurityMetricsCalculator
[ERROR] /E:/MicroServices/manager/microservices/security-service/src/main/java/com/revature/security/dashboard/SecurityMetricsCalculator.java:[356,88] cannot find symbol
[ERROR]   symbol:   class VaultEntry
[ERROR]   location: class com.revature.security.dashboard.SecurityMetricsCalculator
[ERROR] /E:/MicroServices/manager/microservices/security-service/src/main/java/com/revature/security/dashboard/SecurityMetricsCalculator.java:[356,54] package com.revature.passwordmanager.dto.response does not exist
[ERROR] /E:/MicroServices/manager/microservices/security-service/src/main/java/com/revature/security/dashboard/SecurityMetricsCalculator.java:[25,1] cannot find symbol
[ERROR]   symbol:   class VaultEntryRepository
[ERROR]   location: class com.revature.security.dashboard.SecurityMetricsCalculator
[ERROR] /E:/MicroServices/manager/microservices/security-service/src/main/java/com/revature/security/model/SecurityMetricsHistory.java:[3,40] package com.revature.security.model.user does not exist
[ERROR] /E:/MicroServices/manager/microservices/security-service/src/main/java/com/revature/security/model/SecurityMetricsHistory.java:[28,13] cannot find symbol
[ERROR]   symbol:   class User
[ERROR]   location: class com.revature.security.model.SecurityMetricsHistory
[ERROR] /E:/MicroServices/manager/microservices/security-service/src/main/java/com/revature/security/model/SecurityMetricsHistory.java:[28,18] cannot find symbol
[ERROR]   symbol:   class User
[ERROR]   location: class com.revature.security.model.SecurityMetricsHistory
[ERROR] /E:/MicroServices/manager/microservices/security-service/src/main/java/com/revature/security/model/SecurityMetricsHistory.java:[15,1] cannot find symbol
[ERROR]   symbol:   class User
[ERROR]   location: class com.revature.security.model.SecurityMetricsHistory
[ERROR] /E:/MicroServices/manager/microservices/security-service/src/main/java/com/revature/security/model/SecurityMetricsHistory.java:[18,1] cannot find symbol
[ERROR]   symbol:   class User
[ERROR]   location: class com.revature.security.model.SecurityMetricsHistory
[ERROR] /E:/MicroServices/manager/microservices/security-service/src/main/java/com/revature/security/model/SecurityMetricsHistory.java:[16,1] cannot find symbol
[ERROR]   symbol:   class User
[ERROR]   location: class com.revature.security.model.SecurityMetricsHistory.SecurityMetricsHistoryBuilder
[ERROR] /E:/MicroServices/manager/microservices/security-service/src/main/java/com/revature/security/service/LoginAttemptService.java:[5,40] package com.revature.security.model.user does not exist
[ERROR] /E:/MicroServices/manager/microservices/security-service/src/main/java/com/revature/security/service/LoginAttemptService.java:[7,40] cannot find symbol
[ERROR]   symbol:   class UserRepository
[ERROR]   location: package com.revature.security.repository
[ERROR] /E:/MicroServices/manager/microservices/security-service/src/main/java/com/revature/security/model/LoginAttempt.java:[3,40] package com.revature.security.model.user does not exist
[ERROR] /E:/MicroServices/manager/microservices/security-service/src/main/java/com/revature/security/service/LoginAttemptService.java:[25,17] cannot find symbol
[ERROR]   symbol:   class UserRepository
[ERROR]   location: class com.revature.security.service.LoginAttemptService
[ERROR] /E:/MicroServices/manager/microservices/security-service/src/main/java/com/revature/security/service/LoginAttemptService.java:[19,1] cannot find symbol
[ERROR]   symbol:   class UserRepository
[ERROR]   location: class com.revature.security.service.LoginAttemptService
[ERROR] /E:/MicroServices/manager/microservices/security-service/src/main/java/com/revature/security/model/LoginAttempt.java:[26,11] cannot find symbol
[ERROR]   symbol:   class User
[ERROR]   location: class com.revature.security.model.LoginAttempt
[ERROR] /E:/MicroServices/manager/microservices/security-service/src/main/java/com/revature/security/model/LoginAttempt.java:[26,16] cannot find symbol
[ERROR]   symbol:   class User
[ERROR]   location: class com.revature.security.model.LoginAttempt
[ERROR] /E:/MicroServices/manager/microservices/security-service/src/main/java/com/revature/security/model/LoginAttempt.java:[14,1] cannot find symbol
[ERROR]   symbol:   class User
[ERROR]   location: class com.revature.security.model.LoginAttempt
[ERROR] /E:/MicroServices/manager/microservices/security-service/src/main/java/com/revature/security/model/LoginAttempt.java:[17,1] cannot find symbol
[ERROR]   symbol:   class User
[ERROR]   location: class com.revature.security.model.LoginAttempt
[ERROR] /E:/MicroServices/manager/microservices/security-service/src/main/java/com/revature/security/model/LoginAttempt.java:[15,1] cannot find symbol
[ERROR]   symbol:   class User
[ERROR]   location: class com.revature.security.model.LoginAttempt.LoginAttemptBuilder
[ERROR] /E:/MicroServices/manager/microservices/security-service/src/main/java/com/revature/security/model/SecurityAlert.java:[3,40] package com.revature.security.model.user does not exist
[ERROR] /E:/MicroServices/manager/microservices/security-service/src/main/java/com/revature/security/model/SecurityAlert.java:[26,11] cannot find symbol
[ERROR]   symbol:   class User
[ERROR]   location: class com.revature.security.model.SecurityAlert
[ERROR] /E:/MicroServices/manager/microservices/security-service/src/main/java/com/revature/security/model/SecurityAlert.java:[26,16] cannot find symbol
[ERROR]   symbol:   class User
[ERROR]   location: class com.revature.security.model.SecurityAlert
[ERROR] /E:/MicroServices/manager/microservices/security-service/src/main/java/com/revature/security/model/SecurityAlert.java:[14,1] cannot find symbol
[ERROR]   symbol:   class User
[ERROR]   location: class com.revature.security.model.SecurityAlert
[ERROR] /E:/MicroServices/manager/microservices/security-service/src/main/java/com/revature/security/model/SecurityAlert.java:[17,1] cannot find symbol
[ERROR]   symbol:   class User
[ERROR]   location: class com.revature.security.model.SecurityAlert
[ERROR] /E:/MicroServices/manager/microservices/security-service/src/main/java/com/revature/security/model/SecurityAlert.java:[15,1] cannot find symbol
[ERROR]   symbol:   class User
[ERROR]   location: class com.revature.security.model.SecurityAlert.SecurityAlertBuilder
[ERROR] /E:/MicroServices/manager/microservices/security-service/src/main/java/com/revature/security/service/SecurityAlertService.java:[4,39] package com.revature.security.exception does not exist
[ERROR] /E:/MicroServices/manager/microservices/security-service/src/main/java/com/revature/security/service/SecurityAlertService.java:[8,40] package com.revature.security.model.user does not exist
[ERROR] /E:/MicroServices/manager/microservices/security-service/src/main/java/com/revature/security/service/SecurityAlertService.java:[10,40] cannot find symbol
[ERROR]   symbol:   class UserRepository
[ERROR]   location: package com.revature.security.repository
[ERROR] /E:/MicroServices/manager/microservices/security-service/src/main/java/com/revature/security/service/SecurityAlertService.java:[11,50] package com.revature.security.service.notification does not exist
[ERROR] /E:/MicroServices/manager/microservices/security-service/src/main/java/com/revature/security/service/SecurityAlertService.java:[12,61] package com.revature.security.model.notification.Notification does not exist
[ERROR] /E:/MicroServices/manager/microservices/security-service/src/main/java/com/revature/security/service/SecurityAlertService.java:[30,17] cannot find symbol
[ERROR]   symbol:   class UserRepository
[ERROR]   location: class com.revature.security.service.SecurityAlertService
[ERROR] /E:/MicroServices/manager/microservices/security-service/src/main/java/com/revature/security/service/SecurityAlertService.java:[31,17] cannot find symbol
[ERROR]   symbol:   class NotificationService
[ERROR]   location: class com.revature.security.service.SecurityAlertService
[ERROR] /E:/MicroServices/manager/microservices/security-service/src/main/java/com/revature/security/service/SecurityAlertService.java:[24,1] cannot find symbol
[ERROR]   symbol:   class UserRepository
[ERROR]   location: class com.revature.security.service.SecurityAlertService
[ERROR] /E:/MicroServices/manager/microservices/security-service/src/main/java/com/revature/security/service/SecurityAuditService.java:[6,40] package com.revature.security.model.user does not exist
[ERROR] /E:/MicroServices/manager/microservices/security-service/src/main/java/com/revature/security/service/SecurityAuditService.java:[7,41] package com.revature.security.model.vault does not exist
[ERROR] /E:/MicroServices/manager/microservices/security-service/src/main/java/com/revature/security/service/SecurityAuditService.java:[9,40] cannot find symbol
[ERROR]   symbol:   class UserRepository
[ERROR]   location: package com.revature.security.repository
[ERROR] /E:/MicroServices/manager/microservices/security-service/src/main/java/com/revature/security/service/SecurityAuditService.java:[10,40] cannot find symbol
[ERROR]   symbol:   class VaultEntryRepository
[ERROR]   location: package com.revature.security.repository
[ERROR] /E:/MicroServices/manager/microservices/security-service/src/main/java/com/revature/security/service/SecurityAuditService.java:[31,17] cannot find symbol
[ERROR]   symbol:   class VaultEntryRepository
[ERROR]   location: class com.revature.security.service.SecurityAuditService
[ERROR] /E:/MicroServices/manager/microservices/security-service/src/main/java/com/revature/security/service/SecurityAuditService.java:[32,17] cannot find symbol
[ERROR]   symbol:   class UserRepository
[ERROR]   location: class com.revature.security.service.SecurityAuditService
[ERROR] /E:/MicroServices/manager/microservices/security-service/src/main/java/com/revature/security/model/PasswordAnalysis.java:[3,41] package com.revature.security.model.vault does not exist
[ERROR] /E:/MicroServices/manager/microservices/security-service/src/main/java/com/revature/security/service/SecurityAuditService.java:[39,28] cannot find symbol
[ERROR]   symbol:   class VaultEntry
[ERROR]   location: class com.revature.security.service.SecurityAuditService
[ERROR] /E:/MicroServices/manager/microservices/security-service/src/main/java/com/revature/security/service/SecurityAuditService.java:[183,42] cannot find symbol
[ERROR]   symbol:   class VaultEntry
[ERROR]   location: class com.revature.security.service.SecurityAuditService
[ERROR] /E:/MicroServices/manager/microservices/security-service/src/main/java/com/revature/security/service/SecurityAuditService.java:[222,36] cannot find symbol
[ERROR]   symbol:   class User
[ERROR]   location: class com.revature.security.service.SecurityAuditService
[ERROR] /E:/MicroServices/manager/microservices/security-service/src/main/java/com/revature/security/service/SecurityAuditService.java:[222,52] cannot find symbol
[ERROR]   symbol:   class VaultEntry
[ERROR]   location: class com.revature.security.service.SecurityAuditService
[ERROR] /E:/MicroServices/manager/microservices/security-service/src/main/java/com/revature/security/service/SecurityAuditService.java:[25,1] cannot find symbol
[ERROR]   symbol:   class VaultEntryRepository
[ERROR]   location: class com.revature.security.service.SecurityAuditService
[ERROR] /E:/MicroServices/manager/microservices/security-service/src/main/java/com/revature/security/model/PasswordAnalysis.java:[27,11] cannot find symbol
[ERROR]   symbol:   class VaultEntry
[ERROR]   location: class com.revature.security.model.PasswordAnalysis
[ERROR] /E:/MicroServices/manager/microservices/security-service/src/main/java/com/revature/security/model/PasswordAnalysis.java:[27,22] cannot find symbol
[ERROR]   symbol:   class VaultEntry
[ERROR]   location: class com.revature.security.model.PasswordAnalysis
[ERROR] /E:/MicroServices/manager/microservices/security-service/src/main/java/com/revature/security/model/PasswordAnalysis.java:[15,1] cannot find symbol
[ERROR]   symbol:   class VaultEntry
[ERROR]   location: class com.revature.security.model.PasswordAnalysis
[ERROR] /E:/MicroServices/manager/microservices/security-service/src/main/java/com/revature/security/model/PasswordAnalysis.java:[18,1] cannot find symbol
[ERROR]   symbol:   class VaultEntry
[ERROR]   location: class com.revature.security.model.PasswordAnalysis
[ERROR] /E:/MicroServices/manager/microservices/security-service/src/main/java/com/revature/security/model/PasswordAnalysis.java:[16,1] cannot find symbol
[ERROR]   symbol:   class VaultEntry
[ERROR]   location: class com.revature.security.model.PasswordAnalysis.PasswordAnalysisBuilder
[ERROR] /E:/MicroServices/manager/microservices/security-service/src/main/java/com/revature/security/service/AuditLogService.java:[6,40] package com.revature.security.model.user does not exist
[ERROR] /E:/MicroServices/manager/microservices/security-service/src/main/java/com/revature/security/service/AuditLogService.java:[8,40] cannot find symbol
[ERROR]   symbol:   class UserRepository
[ERROR]   location: package com.revature.security.repository
[ERROR] /E:/MicroServices/manager/microservices/security-service/src/main/java/com/revature/security/service/AuditLogService.java:[26,17] cannot find symbol
[ERROR]   symbol:   class UserRepository
[ERROR]   location: class com.revature.security.service.AuditLogService
[ERROR] /E:/MicroServices/manager/microservices/security-service/src/main/java/com/revature/security/service/AuditLogService.java:[20,1] cannot find symbol
[ERROR]   symbol:   class UserRepository
[ERROR]   location: class com.revature.security.service.AuditLogService
[ERROR] /E:/MicroServices/manager/microservices/security-service/src/main/java/com/revature/security/controller/SecurityController.java:[8,46] package com.revature.security.service.security does not exist
[ERROR] -> [Help 1]
[ERROR] 
[ERROR] To see the full stack trace of the errors, re-run Maven with the -e switch.
[ERROR] Re-run Maven using the -X switch to enable full debug logging.
[ERROR] 
[ERROR] For more information about the errors and possible solutions, please read the following articles:
[ERROR] [Help 1] http://cwiki.apache.org/confluence/display/MAVEN/MojoFailureException
