[INFO] Scanning for projects...
[INFO] 
[INFO] --------------< com.revature.microservices:user-service >---------------
[INFO] Building User Service 1.0.0
[INFO]   from pom.xml
[INFO] --------------------------------[ jar ]---------------------------------
[INFO] 
[INFO] --- clean:3.3.2:clean (default-clean) @ user-service ---
[INFO] Deleting E:\MicroServices\manager\microservices\user-service\target
[INFO] 
[INFO] --- resources:3.3.1:resources (default-resources) @ user-service ---
[INFO] Copying 5 resources from src\main\resources to target\classes
[INFO] Copying 1 resource from src\main\resources to target\classes
[INFO] 
[INFO] --- compiler:3.11.0:compile (default-compile) @ user-service ---
[INFO] Changes detected - recompiling the module! :source
[INFO] Compiling 156 source files with javac [debug release 21] to target\classes
[INFO] -------------------------------------------------------------
[WARNING] COMPILATION WARNING : 
[INFO] -------------------------------------------------------------
[WARNING] /E:/MicroServices/manager/microservices/user-service/src/main/java/com/revature/user/model/user/UserSession.java:[45,19] @Builder will ignore the initializing expression entirely. If you want the initializing expression to serve as default, add @Builder.Default. If it is not supposed to be settable during building, make the field final.
[WARNING] /E:/MicroServices/manager/microservices/user-service/src/main/java/com/revature/user/model/user/User.java:[44,19] @Builder will ignore the initializing expression entirely. If you want the initializing expression to serve as default, add @Builder.Default. If it is not supposed to be settable during building, make the field final.
[INFO] 2 warnings 
[INFO] -------------------------------------------------------------
[INFO] -------------------------------------------------------------
[ERROR] COMPILATION ERROR : 
[INFO] -------------------------------------------------------------
[ERROR] /E:/MicroServices/manager/microservices/user-service/src/main/java/com/revature/user/service/auth/AuthenticationService.java:[93,7] cannot find symbol
  symbol:   variable loginAttemptService
  location: class com.revature.user.service.auth.AuthenticationService
[ERROR] /E:/MicroServices/manager/microservices/user-service/src/main/java/com/revature/user/service/auth/AuthenticationService.java:[136,11] cannot find symbol
  symbol:   variable loginAttemptService
  location: class com.revature.user.service.auth.AuthenticationService
[ERROR] /E:/MicroServices/manager/microservices/user-service/src/main/java/com/revature/user/service/auth/AuthenticationService.java:[147,7] cannot find symbol
  symbol:   variable loginAttemptService
  location: class com.revature.user.service.auth.AuthenticationService
[ERROR] /E:/MicroServices/manager/microservices/user-service/src/main/java/com/revature/user/service/auth/AuthenticationService.java:[194,7] cannot find symbol
  symbol:   variable loginAttemptService
  location: class com.revature.user.service.auth.AuthenticationService
[ERROR] /E:/MicroServices/manager/microservices/user-service/src/main/java/com/revature/user/service/auth/AuthenticationService.java:[322,11] cannot find symbol
  symbol:   variable loginAttemptService
  location: class com.revature.user.service.auth.AuthenticationService
[ERROR] /E:/MicroServices/manager/microservices/user-service/src/main/java/com/revature/user/service/auth/AuthenticationService.java:[333,7] cannot find symbol
  symbol:   variable loginAttemptService
  location: class com.revature.user.service.auth.AuthenticationService
[INFO] 6 errors 
[INFO] -------------------------------------------------------------
[INFO] ------------------------------------------------------------------------
[INFO] BUILD FAILURE
[INFO] ------------------------------------------------------------------------
[INFO] Total time:  9.882 s
[INFO] Finished at: 2026-03-12T19:48:06+05:30
[INFO] ------------------------------------------------------------------------
[ERROR] Failed to execute goal org.apache.maven.plugins:maven-compiler-plugin:3.11.0:compile (default-compile) on project user-service: Compilation failure: Compilation failure: 
[ERROR] /E:/MicroServices/manager/microservices/user-service/src/main/java/com/revature/user/service/auth/AuthenticationService.java:[93,7] cannot find symbol
[ERROR]   symbol:   variable loginAttemptService
[ERROR]   location: class com.revature.user.service.auth.AuthenticationService
[ERROR] /E:/MicroServices/manager/microservices/user-service/src/main/java/com/revature/user/service/auth/AuthenticationService.java:[136,11] cannot find symbol
[ERROR]   symbol:   variable loginAttemptService
[ERROR]   location: class com.revature.user.service.auth.AuthenticationService
[ERROR] /E:/MicroServices/manager/microservices/user-service/src/main/java/com/revature/user/service/auth/AuthenticationService.java:[147,7] cannot find symbol
[ERROR]   symbol:   variable loginAttemptService
[ERROR]   location: class com.revature.user.service.auth.AuthenticationService
[ERROR] /E:/MicroServices/manager/microservices/user-service/src/main/java/com/revature/user/service/auth/AuthenticationService.java:[194,7] cannot find symbol
[ERROR]   symbol:   variable loginAttemptService
[ERROR]   location: class com.revature.user.service.auth.AuthenticationService
[ERROR] /E:/MicroServices/manager/microservices/user-service/src/main/java/com/revature/user/service/auth/AuthenticationService.java:[322,11] cannot find symbol
[ERROR]   symbol:   variable loginAttemptService
[ERROR]   location: class com.revature.user.service.auth.AuthenticationService
[ERROR] /E:/MicroServices/manager/microservices/user-service/src/main/java/com/revature/user/service/auth/AuthenticationService.java:[333,7] cannot find symbol
[ERROR]   symbol:   variable loginAttemptService
[ERROR]   location: class com.revature.user.service.auth.AuthenticationService
[ERROR] -> [Help 1]
[ERROR] 
[ERROR] To see the full stack trace of the errors, re-run Maven with the -e switch.
[ERROR] Re-run Maven using the -X switch to enable full debug logging.
[ERROR] 
[ERROR] For more information about the errors and possible solutions, please read the following articles:
[ERROR] [Help 1] http://cwiki.apache.org/confluence/display/MAVEN/MojoFailureException
