[INFO] Scanning for projects...
[INFO] 
[INFO] --------------< com.revature.microservices:user-service >---------------
[INFO] Building User Service 1.0.0
[INFO]   from pom.xml
[INFO] --------------------------------[ jar ]---------------------------------
[INFO] 
[INFO] --- clean:3.3.2:clean (default-clean) @ user-service ---
[INFO] Deleting E:\MicroServices\manager\microservices\user-service\target
[INFO] 
[INFO] --- resources:3.3.1:resources (default-resources) @ user-service ---
[INFO] Copying 5 resources from src\main\resources to target\classes
[INFO] Copying 1 resource from src\main\resources to target\classes
[INFO] 
[INFO] --- compiler:3.11.0:compile (default-compile) @ user-service ---
[INFO] Changes detected - recompiling the module! :source
[INFO] Compiling 156 source files with javac [debug release 21] to target\classes
[WARNING] /E:/MicroServices/manager/microservices/user-service/src/main/java/com/revature/user/model/user/User.java:[44,19] @Builder will ignore the initializing expression entirely. If you want the initializing expression to serve as default, add @Builder.Default. If it is not supposed to be settable during building, make the field final.
[WARNING] /E:/MicroServices/manager/microservices/user-service/src/main/java/com/revature/user/model/user/UserSession.java:[45,19] @Builder will ignore the initializing expression entirely. If you want the initializing expression to serve as default, add @Builder.Default. If it is not supposed to be settable during building, make the field final.
[INFO] ------------------------------------------------------------------------
[INFO] BUILD SUCCESS
[INFO] ------------------------------------------------------------------------
[INFO] Total time:  10.051 s
[INFO] Finished at: 2026-03-12T19:49:58+05:30
[INFO] ------------------------------------------------------------------------
