[INFO] Scanning for projects...
[INFO] 
[INFO] --------------< com.revature.microservices:user-service >---------------
[INFO] Building User Service 1.0.0
[INFO]   from pom.xml
[INFO] --------------------------------[ jar ]---------------------------------
[INFO] 
[INFO] --- clean:3.3.2:clean (default-clean) @ user-service ---
[INFO] Deleting E:\MicroServices\manager\microservices\user-service\target
[INFO] 
[INFO] --- resources:3.3.1:resources (default-resources) @ user-service ---
[INFO] Copying 5 resources from src\main\resources to target\classes
[INFO] Copying 1 resource from src\main\resources to target\classes
[INFO] 
[INFO] --- compiler:3.11.0:compile (default-compile) @ user-service ---
[INFO] Changes detected - recompiling the module! :source
[INFO] Compiling 156 source files with javac [debug release 21] to target\classes
[INFO] -------------------------------------------------------------
[ERROR] COMPILATION ERROR : 
[INFO] -------------------------------------------------------------
[ERROR] /E:/MicroServices/manager/microservices/user-service/src/main/java/com/revature/user/util/EncryptionUtil.java:[3,43] package com.revature.passwordmanager.config does not exist
[ERROR] /E:/MicroServices/manager/microservices/user-service/src/main/java/com/revature/user/service/user/UserService.java:[32,32] variable encryptionUtil is already defined in class com.revature.user.service.user.UserService
[ERROR] /E:/MicroServices/manager/microservices/user-service/src/main/java/com/revature/user/util/EncryptionUtil.java:[24,17] cannot find symbol
  symbol:   class EncryptionConfig
  location: class com.revature.user.util.EncryptionUtil
[ERROR] /E:/MicroServices/manager/microservices/user-service/src/main/java/com/revature/user/security/JwtTokenProvider.java:[27,67] cannot find symbol
  symbol:   method getAccessTokenExpiration()
  location: variable jwtConfig of type com.revature.user.config.JwtConfig
[ERROR] /E:/MicroServices/manager/microservices/user-service/src/main/java/com/revature/user/security/JwtTokenProvider.java:[34,58] cannot find symbol
  symbol:   method getAccessTokenExpiration()
  location: variable jwtConfig of type com.revature.user.config.JwtConfig
[ERROR] /E:/MicroServices/manager/microservices/user-service/src/main/java/com/revature/user/security/JwtTokenProvider.java:[48,67] cannot find symbol
  symbol:   method getRefreshTokenExpiration()
  location: variable jwtConfig of type com.revature.user.config.JwtConfig
[ERROR] /E:/MicroServices/manager/microservices/user-service/src/main/java/com/revature/user/security/JwtTokenProvider.java:[99,55] cannot find symbol
  symbol:   method getSecret()
  location: variable jwtConfig of type com.revature.user.config.JwtConfig
[ERROR] /E:/MicroServices/manager/microservices/user-service/src/main/java/com/revature/user/service/auth/SessionService.java:[32,5] cannot find symbol
  symbol:   variable log
  location: class com.revature.user.service.auth.SessionService
[ERROR] /E:/MicroServices/manager/microservices/user-service/src/main/java/com/revature/user/service/auth/SessionService.java:[32,55] cannot find symbol
  symbol:   method getUsername()
  location: variable user of type com.revature.user.model.user.User
[ERROR] /E:/MicroServices/manager/microservices/user-service/src/main/java/com/revature/user/service/auth/SessionService.java:[37,38] cannot find symbol
  symbol:   method builder()
  location: class com.revature.user.model.user.UserSession
[ERROR] /E:/MicroServices/manager/microservices/user-service/src/main/java/com/revature/user/service/auth/SessionService.java:[51,5] cannot find symbol
  symbol:   variable log
  location: class com.revature.user.service.auth.SessionService
[ERROR] /E:/MicroServices/manager/microservices/user-service/src/main/java/com/revature/user/service/auth/SessionService.java:[51,63] cannot find symbol
  symbol:   method getUsername()
  location: variable user of type com.revature.user.model.user.User
[ERROR] /E:/MicroServices/manager/microservices/user-service/src/main/java/com/revature/user/service/auth/SessionService.java:[57,14] invalid method reference
  cannot find symbol
    symbol:   method isActive()
    location: class com.revature.user.model.user.UserSession
[ERROR] /E:/MicroServices/manager/microservices/user-service/src/main/java/com/revature/user/service/auth/SessionService.java:[63,5] cannot find symbol
  symbol:   variable log
  location: class com.revature.user.service.auth.SessionService
[ERROR] /E:/MicroServices/manager/microservices/user-service/src/main/java/com/revature/user/service/auth/SessionService.java:[67,17] cannot find symbol
  symbol:   method getUser()
  location: variable session of type com.revature.user.model.user.UserSession
[ERROR] /E:/MicroServices/manager/microservices/user-service/src/main/java/com/revature/user/service/auth/SessionService.java:[68,7] cannot find symbol
  symbol:   variable log
  location: class com.revature.user.service.auth.SessionService
[ERROR] /E:/MicroServices/manager/microservices/user-service/src/main/java/com/revature/user/service/auth/SessionService.java:[72,12] cannot find symbol
  symbol:   method setActive(boolean)
  location: variable session of type com.revature.user.model.user.UserSession
[ERROR] /E:/MicroServices/manager/microservices/user-service/src/main/java/com/revature/user/service/auth/SessionService.java:[74,5] cannot find symbol
  symbol:   variable log
  location: class com.revature.user.service.auth.SessionService
[ERROR] /E:/MicroServices/manager/microservices/user-service/src/main/java/com/revature/user/service/auth/SessionService.java:[80,14] cannot find symbol
  symbol:   method setActive(boolean)
  location: variable session of type com.revature.user.model.user.UserSession
[ERROR] /E:/MicroServices/manager/microservices/user-service/src/main/java/com/revature/user/service/auth/SessionService.java:[82,7] cannot find symbol
  symbol:   variable log
  location: class com.revature.user.service.auth.SessionService
[ERROR] /E:/MicroServices/manager/microservices/user-service/src/main/java/com/revature/user/service/auth/SessionService.java:[82,66] cannot find symbol
  symbol:   method getUser()
  location: variable session of type com.revature.user.model.user.UserSession
[ERROR] /E:/MicroServices/manager/microservices/user-service/src/main/java/com/revature/user/service/auth/SessionService.java:[88,5] cannot find symbol
  symbol:   variable log
  location: class com.revature.user.service.auth.SessionService
[ERROR] /E:/MicroServices/manager/microservices/user-service/src/main/java/com/revature/user/service/auth/SessionService.java:[93,94] cannot find symbol
  symbol:   method getId()
  location: variable user of type com.revature.user.model.user.User
[ERROR] /E:/MicroServices/manager/microservices/user-service/src/main/java/com/revature/user/service/auth/SessionService.java:[95,14] cannot find symbol
  symbol:   method setActive(boolean)
  location: variable session of type com.revature.user.model.user.UserSession
[ERROR] /E:/MicroServices/manager/microservices/user-service/src/main/java/com/revature/user/service/auth/SessionService.java:[98,5] cannot find symbol
  symbol:   variable log
  location: class com.revature.user.service.auth.SessionService
[ERROR] /E:/MicroServices/manager/microservices/user-service/src/main/java/com/revature/user/service/auth/SessionService.java:[107,66] cannot find symbol
  symbol:   method getId()
  location: variable user of type com.revature.user.model.user.User
[ERROR] /E:/MicroServices/manager/microservices/user-service/src/main/java/com/revature/user/service/auth/SessionService.java:[124,17] cannot find symbol
  symbol:   method isActive()
  location: variable session of type com.revature.user.model.user.UserSession
[ERROR] /E:/MicroServices/manager/microservices/user-service/src/main/java/com/revature/user/service/auth/SessionService.java:[128,12] cannot find symbol
  symbol:   method setLastAccessedAt(java.time.LocalDateTime)
  location: variable session of type com.revature.user.model.user.UserSession
[ERROR] /E:/MicroServices/manager/microservices/user-service/src/main/java/com/revature/user/service/auth/SessionService.java:[129,12] cannot find symbol
  symbol:   method setExpiresAt(java.time.LocalDateTime)
  location: variable session of type com.revature.user.model.user.UserSession
[ERROR] /E:/MicroServices/manager/microservices/user-service/src/main/java/com/revature/user/service/auth/SessionService.java:[131,5] cannot find symbol
  symbol:   variable log
  location: class com.revature.user.service.auth.SessionService
[ERROR] /E:/MicroServices/manager/microservices/user-service/src/main/java/com/revature/user/service/auth/SessionService.java:[131,67] cannot find symbol
  symbol:   method getUser()
  location: variable session of type com.revature.user.model.user.UserSession
[ERROR] /E:/MicroServices/manager/microservices/user-service/src/main/java/com/revature/user/service/auth/SessionService.java:[137,27] cannot find symbol
  symbol:   method builder()
  location: class com.revature.user.dto.response.SessionResponse
[ERROR] /E:/MicroServices/manager/microservices/user-service/src/main/java/com/revature/user/service/auth/SessionService.java:[138,20] cannot find symbol
  symbol:   method getId()
  location: variable session of type com.revature.user.model.user.UserSession
[ERROR] /E:/MicroServices/manager/microservices/user-service/src/main/java/com/revature/user/service/auth/SessionService.java:[139,27] cannot find symbol
  symbol:   method getIpAddress()
  location: variable session of type com.revature.user.model.user.UserSession
[ERROR] /E:/MicroServices/manager/microservices/user-service/src/main/java/com/revature/user/service/auth/SessionService.java:[140,28] cannot find symbol
  symbol:   method getDeviceInfo()
  location: variable session of type com.revature.user.model.user.UserSession
[ERROR] /E:/MicroServices/manager/microservices/user-service/src/main/java/com/revature/user/service/auth/SessionService.java:[141,26] cannot find symbol
  symbol:   method getLocation()
  location: variable session of type com.revature.user.model.user.UserSession
[ERROR] /E:/MicroServices/manager/microservices/user-service/src/main/java/com/revature/user/service/auth/SessionService.java:[142,26] cannot find symbol
  symbol:   method isActive()
  location: variable session of type com.revature.user.model.user.UserSession
[ERROR] /E:/MicroServices/manager/microservices/user-service/src/main/java/com/revature/user/service/auth/SessionService.java:[143,27] cannot find symbol
  symbol:   method getCreatedAt()
  location: variable session of type com.revature.user.model.user.UserSession
[ERROR] /E:/MicroServices/manager/microservices/user-service/src/main/java/com/revature/user/service/auth/SessionService.java:[144,32] cannot find symbol
  symbol:   method getLastAccessedAt()
  location: variable session of type com.revature.user.model.user.UserSession
[ERROR] /E:/MicroServices/manager/microservices/user-service/src/main/java/com/revature/user/service/auth/SessionService.java:[145,27] cannot find symbol
  symbol:   method getExpiresAt()
  location: variable session of type com.revature.user.model.user.UserSession
[ERROR] /E:/MicroServices/manager/microservices/user-service/src/main/java/com/revature/user/service/auth/TwoFactorService.java:[38,30] cannot find symbol
  symbol:   method builder()
  location: class com.revature.user.model.auth.TwoFactorAuth
[ERROR] /E:/MicroServices/manager/microservices/user-service/src/main/java/com/revature/user/service/auth/TwoFactorService.java:[41,18] cannot find symbol
  symbol:   method setSecretKey(java.lang.String)
  location: variable twoFactorAuth of type com.revature.user.model.auth.TwoFactorAuth
[ERROR] /E:/MicroServices/manager/microservices/user-service/src/main/java/com/revature/user/service/auth/TwoFactorService.java:[42,18] cannot find symbol
  symbol:   method setEnabled(boolean)
  location: variable twoFactorAuth of type com.revature.user.model.auth.TwoFactorAuth
[ERROR] /E:/MicroServices/manager/microservices/user-service/src/main/java/com/revature/user/service/auth/TwoFactorService.java:[47,63] cannot find symbol
  symbol:   method getEmail()
  location: variable user of type com.revature.user.model.user.User
[ERROR] /E:/MicroServices/manager/microservices/user-service/src/main/java/com/revature/user/service/auth/TwoFactorService.java:[48,36] cannot find symbol
  symbol:   method builder()
  location: class com.revature.user.dto.response.TwoFactorSetupResponse
[ERROR] /E:/MicroServices/manager/microservices/user-service/src/main/java/com/revature/user/service/auth/TwoFactorService.java:[62,42] cannot find symbol
  symbol:   method getSecretKey()
  location: variable twoFactorAuth of type com.revature.user.model.auth.TwoFactorAuth
[ERROR] /E:/MicroServices/manager/microservices/user-service/src/main/java/com/revature/user/service/auth/TwoFactorService.java:[63,20] cannot find symbol
  symbol:   method setEnabled(boolean)
  location: variable twoFactorAuth of type com.revature.user.model.auth.TwoFactorAuth
[ERROR] /E:/MicroServices/manager/microservices/user-service/src/main/java/com/revature/user/service/auth/TwoFactorService.java:[64,20] cannot find symbol
  symbol:   method setRecoveryCodes(java.util.List<java.lang.String>)
  location: variable twoFactorAuth of type com.revature.user.model.auth.TwoFactorAuth
[ERROR] /E:/MicroServices/manager/microservices/user-service/src/main/java/com/revature/user/service/auth/TwoFactorService.java:[67,11] cannot find symbol
  symbol:   method set2faEnabled(boolean)
  location: variable user of type com.revature.user.model.user.User
[ERROR] /E:/MicroServices/manager/microservices/user-service/src/main/java/com/revature/user/service/auth/TwoFactorService.java:[70,38] cannot find symbol
  symbol:   method getUsername()
  location: variable user of type com.revature.user.model.user.User
[ERROR] /E:/MicroServices/manager/microservices/user-service/src/main/java/com/revature/user/service/auth/TwoFactorService.java:[85,9] cannot find symbol
  symbol:   method set2faEnabled(boolean)
  location: variable user of type com.revature.user.model.user.User
[ERROR] /E:/MicroServices/manager/microservices/user-service/src/main/java/com/revature/user/service/auth/TwoFactorService.java:[90,36] cannot find symbol
  symbol:   method getUsername()
  location: variable user of type com.revature.user.model.user.User
[ERROR] /E:/MicroServices/manager/microservices/user-service/src/main/java/com/revature/user/service/auth/TwoFactorService.java:[103,23] cannot find symbol
  symbol:   method isEnabled()
  location: variable twoFactorAuth of type com.revature.user.model.auth.TwoFactorAuth
[ERROR] /E:/MicroServices/manager/microservices/user-service/src/main/java/com/revature/user/service/auth/TwoFactorService.java:[107,42] cannot find symbol
  symbol:   method getSecretKey()
  location: variable twoFactorAuth of type com.revature.user.model.auth.TwoFactorAuth
[ERROR] /E:/MicroServices/manager/microservices/user-service/src/main/java/com/revature/user/service/auth/TwoFactorService.java:[111,22] cannot find symbol
  symbol:   method getRecoveryCodes()
  location: variable twoFactorAuth of type com.revature.user.model.auth.TwoFactorAuth
[ERROR] /E:/MicroServices/manager/microservices/user-service/src/main/java/com/revature/user/service/auth/TwoFactorService.java:[113,20] cannot find symbol
  symbol:   method getRecoveryCodes()
  location: variable twoFactorAuth of type com.revature.user.model.auth.TwoFactorAuth
[ERROR] /E:/MicroServices/manager/microservices/user-service/src/main/java/com/revature/user/service/auth/TwoFactorService.java:[126,25] cannot find symbol
  symbol:   method getRecoveryCodes()
  location: variable twoFactorAuth of type com.revature.user.model.auth.TwoFactorAuth
[ERROR] /E:/MicroServices/manager/microservices/user-service/src/main/java/com/revature/user/service/auth/TwoFactorService.java:[134,23] cannot find symbol
  symbol:   method isEnabled()
  location: variable twoFactorAuth of type com.revature.user.model.auth.TwoFactorAuth
[ERROR] /E:/MicroServices/manager/microservices/user-service/src/main/java/com/revature/user/service/auth/TwoFactorService.java:[139,18] cannot find symbol
  symbol:   method setRecoveryCodes(java.util.List<java.lang.String>)
  location: variable twoFactorAuth of type com.revature.user.model.auth.TwoFactorAuth
[ERROR] /E:/MicroServices/manager/microservices/user-service/src/main/java/com/revature/user/service/auth/TwoFactorService.java:[142,36] cannot find symbol
  symbol:   method getUsername()
  location: variable user of type com.revature.user.model.user.User
[ERROR] /E:/MicroServices/manager/microservices/user-service/src/main/java/com/revature/user/service/auth/OtpService.java:[28,33] cannot find symbol
  symbol:   method builder()
  location: class com.revature.user.model.auth.OtpToken
[ERROR] /E:/MicroServices/manager/microservices/user-service/src/main/java/com/revature/user/service/auth/OtpService.java:[45,18] cannot find symbol
  symbol:   method getUser()
  location: variable otpToken of type com.revature.user.model.auth.OtpToken
[ERROR] /E:/MicroServices/manager/microservices/user-service/src/main/java/com/revature/user/service/auth/OtpService.java:[45,48] cannot find symbol
  symbol:   method getId()
  location: variable user of type com.revature.user.model.user.User
[ERROR] /E:/MicroServices/manager/microservices/user-service/src/main/java/com/revature/user/service/auth/OtpService.java:[49,46] cannot find symbol
  symbol:   method getTokenType()
  location: variable otpToken of type com.revature.user.model.auth.OtpToken
[ERROR] /E:/MicroServices/manager/microservices/user-service/src/main/java/com/revature/user/service/auth/OtpService.java:[53,17] cannot find symbol
  symbol:   method isUsed()
  location: variable otpToken of type com.revature.user.model.auth.OtpToken
[ERROR] /E:/MicroServices/manager/microservices/user-service/src/main/java/com/revature/user/service/auth/OtpService.java:[57,17] cannot find symbol
  symbol:   method getExpiryDate()
  location: variable otpToken of type com.revature.user.model.auth.OtpToken
[ERROR] /E:/MicroServices/manager/microservices/user-service/src/main/java/com/revature/user/service/auth/OtpService.java:[61,13] cannot find symbol
  symbol:   method setUsed(boolean)
  location: variable otpToken of type com.revature.user.model.auth.OtpToken
[ERROR] /E:/MicroServices/manager/microservices/user-service/src/main/java/com/revature/user/service/user/AccountDeletionService.java:[25,41] cannot find symbol
  symbol:   method getMasterPassword()
  location: variable request of type com.revature.user.dto.request.AccountDeletionRequest
[ERROR] /E:/MicroServices/manager/microservices/user-service/src/main/java/com/revature/user/service/user/AccountDeletionService.java:[25,67] cannot find symbol
  symbol:   method getMasterPasswordHash()
  location: variable user of type com.revature.user.model.user.User
[ERROR] /E:/MicroServices/manager/microservices/user-service/src/main/java/com/revature/user/service/user/AccountDeletionService.java:[29,9] cannot find symbol
  symbol:   method setDeletionRequestedAt(java.time.LocalDateTime)
  location: variable user of type com.revature.user.model.user.User
[ERROR] /E:/MicroServices/manager/microservices/user-service/src/main/java/com/revature/user/service/user/AccountDeletionService.java:[31,9] cannot find symbol
  symbol:   method setDeletionScheduledAt(java.time.LocalDateTime)
  location: variable user of type com.revature.user.model.user.User
[ERROR] /E:/MicroServices/manager/microservices/user-service/src/main/java/com/revature/user/service/user/AccountDeletionService.java:[40,13] cannot find symbol
  symbol:   method getDeletionScheduledAt()
  location: variable user of type com.revature.user.model.user.User
[ERROR] /E:/MicroServices/manager/microservices/user-service/src/main/java/com/revature/user/service/user/AccountDeletionService.java:[44,9] cannot find symbol
  symbol:   method setDeletionRequestedAt(<nulltype>)
  location: variable user of type com.revature.user.model.user.User
[ERROR] /E:/MicroServices/manager/microservices/user-service/src/main/java/com/revature/user/service/user/AccountDeletionService.java:[45,9] cannot find symbol
  symbol:   method setDeletionScheduledAt(<nulltype>)
  location: variable user of type com.revature.user.model.user.User
[ERROR] /E:/MicroServices/manager/microservices/user-service/src/main/java/com/revature/user/service/user/UserSettingsService.java:[24,69] cannot find symbol
  symbol:   method getId()
  location: variable user of type com.revature.user.model.user.User
[ERROR] /E:/MicroServices/manager/microservices/user-service/src/main/java/com/revature/user/service/user/UserSettingsService.java:[34,69] cannot find symbol
  symbol:   method getId()
  location: variable user of type com.revature.user.model.user.User
[ERROR] /E:/MicroServices/manager/microservices/user-service/src/main/java/com/revature/user/service/user/UserSettingsService.java:[37,16] cannot find symbol
  symbol:   method getTheme()
  location: variable request of type com.revature.user.dto.request.UserSettingsRequest
[ERROR] /E:/MicroServices/manager/microservices/user-service/src/main/java/com/revature/user/service/user/UserSettingsService.java:[38,32] cannot find symbol
  symbol:   method getTheme()
  location: variable request of type com.revature.user.dto.request.UserSettingsRequest
[ERROR] /E:/MicroServices/manager/microservices/user-service/src/main/java/com/revature/user/service/user/UserSettingsService.java:[39,16] cannot find symbol
  symbol:   method getLanguage()
  location: variable request of type com.revature.user.dto.request.UserSettingsRequest
[ERROR] /E:/MicroServices/manager/microservices/user-service/src/main/java/com/revature/user/service/user/UserSettingsService.java:[40,35] cannot find symbol
  symbol:   method getLanguage()
  location: variable request of type com.revature.user.dto.request.UserSettingsRequest
[ERROR] /E:/MicroServices/manager/microservices/user-service/src/main/java/com/revature/user/service/user/UserSettingsService.java:[41,16] cannot find symbol
  symbol:   method getAutoLogoutMinutes()
  location: variable request of type com.revature.user.dto.request.UserSettingsRequest
[ERROR] /E:/MicroServices/manager/microservices/user-service/src/main/java/com/revature/user/service/user/UserSettingsService.java:[42,44] cannot find symbol
  symbol:   method getAutoLogoutMinutes()
  location: variable request of type com.revature.user.dto.request.UserSettingsRequest
[ERROR] /E:/MicroServices/manager/microservices/user-service/src/main/java/com/revature/user/service/user/UserSettingsService.java:[43,16] cannot find symbol
  symbol:   method getReadOnlyMode()
  location: variable request of type com.revature.user.dto.request.UserSettingsRequest
[ERROR] /E:/MicroServices/manager/microservices/user-service/src/main/java/com/revature/user/service/user/UserSettingsService.java:[44,39] cannot find symbol
  symbol:   method getReadOnlyMode()
  location: variable request of type com.revature.user.dto.request.UserSettingsRequest
[ERROR] /E:/MicroServices/manager/microservices/user-service/src/main/java/com/revature/user/service/user/UserSettingsService.java:[51,41] cannot find symbol
  symbol:   method builder()
  location: class com.revature.user.model.user.UserSettings
[ERROR] /E:/MicroServices/manager/microservices/user-service/src/main/java/com/revature/user/service/user/UserSettingsService.java:[62,32] cannot find symbol
  symbol:   method builder()
  location: class com.revature.user.dto.response.UserSettingsResponse
[ERROR] /E:/MicroServices/manager/microservices/user-service/src/main/java/com/revature/user/service/user/UserSettingsService.java:[63,24] cannot find symbol
  symbol:   method getTheme()
  location: variable settings of type com.revature.user.model.user.UserSettings
[ERROR] /E:/MicroServices/manager/microservices/user-service/src/main/java/com/revature/user/service/user/UserSettingsService.java:[64,27] cannot find symbol
  symbol:   method getLanguage()
  location: variable settings of type com.revature.user.model.user.UserSettings
[ERROR] /E:/MicroServices/manager/microservices/user-service/src/main/java/com/revature/user/service/user/UserSettingsService.java:[65,36] cannot find symbol
  symbol:   method getAutoLogoutMinutes()
  location: variable settings of type com.revature.user.model.user.UserSettings
[ERROR] /E:/MicroServices/manager/microservices/user-service/src/main/java/com/revature/user/service/user/UserSettingsService.java:[66,31] cannot find symbol
  symbol:   method getReadOnlyMode()
  location: variable settings of type com.revature.user.model.user.UserSettings
[ERROR] /E:/MicroServices/manager/microservices/user-service/src/main/java/com/revature/user/service/user/UserSettingsService.java:[74,69] cannot find symbol
  symbol:   method getId()
  location: variable user of type com.revature.user.model.user.User
[ERROR] /E:/MicroServices/manager/microservices/user-service/src/main/java/com/revature/user/service/user/UserSettingsService.java:[77,13] cannot find symbol
  symbol:   method setReadOnlyMode(java.lang.Boolean)
  location: variable settings of type com.revature.user.model.user.UserSettings
[ERROR] /E:/MicroServices/manager/microservices/user-service/src/main/java/com/revature/user/controller/AuthController.java:[83,49] cannot find symbol
  symbol:   method getUsername()
  location: variable request of type @jakarta.validation.Valid com.revature.user.dto.request.LoginRequest
[ERROR] /E:/MicroServices/manager/microservices/user-service/src/main/java/com/revature/user/controller/AuthController.java:[84,18] cannot find symbol
  symbol:   method getCaptchaToken()
  location: variable request of type @jakarta.validation.Valid com.revature.user.dto.request.LoginRequest
[ERROR] /E:/MicroServices/manager/microservices/user-service/src/main/java/com/revature/user/controller/AuthController.java:[84,55] cannot find symbol
  symbol:   method getCaptchaToken()
  location: variable request of type @jakarta.validation.Valid com.revature.user.dto.request.LoginRequest
[ERROR] /E:/MicroServices/manager/microservices/user-service/src/main/java/com/revature/user/controller/AuthController.java:[86,25] cannot find symbol
  symbol:   method builder()
  location: class com.revature.user.dto.response.AuthResponse
[ERROR] /E:/MicroServices/manager/microservices/user-service/src/main/java/com/revature/user/controller/AuthController.java:[88,48] cannot find symbol
  symbol:   method getCaptchaToken()
  location: variable request of type @jakarta.validation.Valid com.revature.user.dto.request.LoginRequest
[ERROR] /E:/MicroServices/manager/microservices/user-service/src/main/java/com/revature/user/controller/AuthController.java:[90,25] cannot find symbol
  symbol:   method builder()
  location: class com.revature.user.dto.response.AuthResponse
[ERROR] /E:/MicroServices/manager/microservices/user-service/src/main/java/com/revature/user/controller/AuthController.java:[171,46] cannot find symbol
  symbol:   method getCaptchaToken()
  location: variable request of type @jakarta.validation.Valid com.revature.user.dto.request.VerifyCaptchaRequest
[ERROR] /E:/MicroServices/manager/microservices/user-service/src/main/java/com/revature/user/controller/AuthController.java:[183,32] constructor TokenValidationResponse in class com.revature.user.dto.response.TokenValidationResponse cannot be applied to given types;
  required: no arguments
  found:    boolean
  reason: actual and formal argument lists differ in length
[INFO] 100 errors 
[INFO] -------------------------------------------------------------
[INFO] ------------------------------------------------------------------------
[INFO] BUILD FAILURE
[INFO] ------------------------------------------------------------------------
[INFO] Total time:  5.458 s
[INFO] Finished at: 2026-03-12T19:46:37+05:30
[INFO] ------------------------------------------------------------------------
[ERROR] Failed to execute goal org.apache.maven.plugins:maven-compiler-plugin:3.11.0:compile (default-compile) on project user-service: Compilation failure: Compilation failure: 
[ERROR] /E:/MicroServices/manager/microservices/user-service/src/main/java/com/revature/user/util/EncryptionUtil.java:[3,43] package com.revature.passwordmanager.config does not exist
[ERROR] /E:/MicroServices/manager/microservices/user-service/src/main/java/com/revature/user/service/user/UserService.java:[32,32] variable encryptionUtil is already defined in class com.revature.user.service.user.UserService
[ERROR] /E:/MicroServices/manager/microservices/user-service/src/main/java/com/revature/user/util/EncryptionUtil.java:[24,17] cannot find symbol
[ERROR]   symbol:   class EncryptionConfig
[ERROR]   location: class com.revature.user.util.EncryptionUtil
[ERROR] /E:/MicroServices/manager/microservices/user-service/src/main/java/com/revature/user/security/JwtTokenProvider.java:[27,67] cannot find symbol
[ERROR]   symbol:   method getAccessTokenExpiration()
[ERROR]   location: variable jwtConfig of type com.revature.user.config.JwtConfig
[ERROR] /E:/MicroServices/manager/microservices/user-service/src/main/java/com/revature/user/security/JwtTokenProvider.java:[34,58] cannot find symbol
[ERROR]   symbol:   method getAccessTokenExpiration()
[ERROR]   location: variable jwtConfig of type com.revature.user.config.JwtConfig
[ERROR] /E:/MicroServices/manager/microservices/user-service/src/main/java/com/revature/user/security/JwtTokenProvider.java:[48,67] cannot find symbol
[ERROR]   symbol:   method getRefreshTokenExpiration()
[ERROR]   location: variable jwtConfig of type com.revature.user.config.JwtConfig
[ERROR] /E:/MicroServices/manager/microservices/user-service/src/main/java/com/revature/user/security/JwtTokenProvider.java:[99,55] cannot find symbol
[ERROR]   symbol:   method getSecret()
[ERROR]   location: variable jwtConfig of type com.revature.user.config.JwtConfig
[ERROR] /E:/MicroServices/manager/microservices/user-service/src/main/java/com/revature/user/service/auth/SessionService.java:[32,5] cannot find symbol
[ERROR]   symbol:   variable log
[ERROR]   location: class com.revature.user.service.auth.SessionService
[ERROR] /E:/MicroServices/manager/microservices/user-service/src/main/java/com/revature/user/service/auth/SessionService.java:[32,55] cannot find symbol
[ERROR]   symbol:   method getUsername()
[ERROR]   location: variable user of type com.revature.user.model.user.User
[ERROR] /E:/MicroServices/manager/microservices/user-service/src/main/java/com/revature/user/service/auth/SessionService.java:[37,38] cannot find symbol
[ERROR]   symbol:   method builder()
[ERROR]   location: class com.revature.user.model.user.UserSession
[ERROR] /E:/MicroServices/manager/microservices/user-service/src/main/java/com/revature/user/service/auth/SessionService.java:[51,5] cannot find symbol
[ERROR]   symbol:   variable log
[ERROR]   location: class com.revature.user.service.auth.SessionService
[ERROR] /E:/MicroServices/manager/microservices/user-service/src/main/java/com/revature/user/service/auth/SessionService.java:[51,63] cannot find symbol
[ERROR]   symbol:   method getUsername()
[ERROR]   location: variable user of type com.revature.user.model.user.User
[ERROR] /E:/MicroServices/manager/microservices/user-service/src/main/java/com/revature/user/service/auth/SessionService.java:[57,14] invalid method reference
[ERROR]   cannot find symbol
[ERROR]     symbol:   method isActive()
[ERROR]     location: class com.revature.user.model.user.UserSession
[ERROR] /E:/MicroServices/manager/microservices/user-service/src/main/java/com/revature/user/service/auth/SessionService.java:[63,5] cannot find symbol
[ERROR]   symbol:   variable log
[ERROR]   location: class com.revature.user.service.auth.SessionService
[ERROR] /E:/MicroServices/manager/microservices/user-service/src/main/java/com/revature/user/service/auth/SessionService.java:[67,17] cannot find symbol
[ERROR]   symbol:   method getUser()
[ERROR]   location: variable session of type com.revature.user.model.user.UserSession
[ERROR] /E:/MicroServices/manager/microservices/user-service/src/main/java/com/revature/user/service/auth/SessionService.java:[68,7] cannot find symbol
[ERROR]   symbol:   variable log
[ERROR]   location: class com.revature.user.service.auth.SessionService
[ERROR] /E:/MicroServices/manager/microservices/user-service/src/main/java/com/revature/user/service/auth/SessionService.java:[72,12] cannot find symbol
[ERROR]   symbol:   method setActive(boolean)
[ERROR]   location: variable session of type com.revature.user.model.user.UserSession
[ERROR] /E:/MicroServices/manager/microservices/user-service/src/main/java/com/revature/user/service/auth/SessionService.java:[74,5] cannot find symbol
[ERROR]   symbol:   variable log
[ERROR]   location: class com.revature.user.service.auth.SessionService
[ERROR] /E:/MicroServices/manager/microservices/user-service/src/main/java/com/revature/user/service/auth/SessionService.java:[80,14] cannot find symbol
[ERROR]   symbol:   method setActive(boolean)
[ERROR]   location: variable session of type com.revature.user.model.user.UserSession
[ERROR] /E:/MicroServices/manager/microservices/user-service/src/main/java/com/revature/user/service/auth/SessionService.java:[82,7] cannot find symbol
[ERROR]   symbol:   variable log
[ERROR]   location: class com.revature.user.service.auth.SessionService
[ERROR] /E:/MicroServices/manager/microservices/user-service/src/main/java/com/revature/user/service/auth/SessionService.java:[82,66] cannot find symbol
[ERROR]   symbol:   method getUser()
[ERROR]   location: variable session of type com.revature.user.model.user.UserSession
[ERROR] /E:/MicroServices/manager/microservices/user-service/src/main/java/com/revature/user/service/auth/SessionService.java:[88,5] cannot find symbol
[ERROR]   symbol:   variable log
[ERROR]   location: class com.revature.user.service.auth.SessionService
[ERROR] /E:/MicroServices/manager/microservices/user-service/src/main/java/com/revature/user/service/auth/SessionService.java:[93,94] cannot find symbol
[ERROR]   symbol:   method getId()
[ERROR]   location: variable user of type com.revature.user.model.user.User
[ERROR] /E:/MicroServices/manager/microservices/user-service/src/main/java/com/revature/user/service/auth/SessionService.java:[95,14] cannot find symbol
[ERROR]   symbol:   method setActive(boolean)
[ERROR]   location: variable session of type com.revature.user.model.user.UserSession
[ERROR] /E:/MicroServices/manager/microservices/user-service/src/main/java/com/revature/user/service/auth/SessionService.java:[98,5] cannot find symbol
[ERROR]   symbol:   variable log
[ERROR]   location: class com.revature.user.service.auth.SessionService
[ERROR] /E:/MicroServices/manager/microservices/user-service/src/main/java/com/revature/user/service/auth/SessionService.java:[107,66] cannot find symbol
[ERROR]   symbol:   method getId()
[ERROR]   location: variable user of type com.revature.user.model.user.User
[ERROR] /E:/MicroServices/manager/microservices/user-service/src/main/java/com/revature/user/service/auth/SessionService.java:[124,17] cannot find symbol
[ERROR]   symbol:   method isActive()
[ERROR]   location: variable session of type com.revature.user.model.user.UserSession
[ERROR] /E:/MicroServices/manager/microservices/user-service/src/main/java/com/revature/user/service/auth/SessionService.java:[128,12] cannot find symbol
[ERROR]   symbol:   method setLastAccessedAt(java.time.LocalDateTime)
[ERROR]   location: variable session of type com.revature.user.model.user.UserSession
[ERROR] /E:/MicroServices/manager/microservices/user-service/src/main/java/com/revature/user/service/auth/SessionService.java:[129,12] cannot find symbol
[ERROR]   symbol:   method setExpiresAt(java.time.LocalDateTime)
[ERROR]   location: variable session of type com.revature.user.model.user.UserSession
[ERROR] /E:/MicroServices/manager/microservices/user-service/src/main/java/com/revature/user/service/auth/SessionService.java:[131,5] cannot find symbol
[ERROR]   symbol:   variable log
[ERROR]   location: class com.revature.user.service.auth.SessionService
[ERROR] /E:/MicroServices/manager/microservices/user-service/src/main/java/com/revature/user/service/auth/SessionService.java:[131,67] cannot find symbol
[ERROR]   symbol:   method getUser()
[ERROR]   location: variable session of type com.revature.user.model.user.UserSession
[ERROR] /E:/MicroServices/manager/microservices/user-service/src/main/java/com/revature/user/service/auth/SessionService.java:[137,27] cannot find symbol
[ERROR]   symbol:   method builder()
[ERROR]   location: class com.revature.user.dto.response.SessionResponse
[ERROR] /E:/MicroServices/manager/microservices/user-service/src/main/java/com/revature/user/service/auth/SessionService.java:[138,20] cannot find symbol
[ERROR]   symbol:   method getId()
[ERROR]   location: variable session of type com.revature.user.model.user.UserSession
[ERROR] /E:/MicroServices/manager/microservices/user-service/src/main/java/com/revature/user/service/auth/SessionService.java:[139,27] cannot find symbol
[ERROR]   symbol:   method getIpAddress()
[ERROR]   location: variable session of type com.revature.user.model.user.UserSession
[ERROR] /E:/MicroServices/manager/microservices/user-service/src/main/java/com/revature/user/service/auth/SessionService.java:[140,28] cannot find symbol
[ERROR]   symbol:   method getDeviceInfo()
[ERROR]   location: variable session of type com.revature.user.model.user.UserSession
[ERROR] /E:/MicroServices/manager/microservices/user-service/src/main/java/com/revature/user/service/auth/SessionService.java:[141,26] cannot find symbol
[ERROR]   symbol:   method getLocation()
[ERROR]   location: variable session of type com.revature.user.model.user.UserSession
[ERROR] /E:/MicroServices/manager/microservices/user-service/src/main/java/com/revature/user/service/auth/SessionService.java:[142,26] cannot find symbol
[ERROR]   symbol:   method isActive()
[ERROR]   location: variable session of type com.revature.user.model.user.UserSession
[ERROR] /E:/MicroServices/manager/microservices/user-service/src/main/java/com/revature/user/service/auth/SessionService.java:[143,27] cannot find symbol
[ERROR]   symbol:   method getCreatedAt()
[ERROR]   location: variable session of type com.revature.user.model.user.UserSession
[ERROR] /E:/MicroServices/manager/microservices/user-service/src/main/java/com/revature/user/service/auth/SessionService.java:[144,32] cannot find symbol
[ERROR]   symbol:   method getLastAccessedAt()
[ERROR]   location: variable session of type com.revature.user.model.user.UserSession
[ERROR] /E:/MicroServices/manager/microservices/user-service/src/main/java/com/revature/user/service/auth/SessionService.java:[145,27] cannot find symbol
[ERROR]   symbol:   method getExpiresAt()
[ERROR]   location: variable session of type com.revature.user.model.user.UserSession
[ERROR] /E:/MicroServices/manager/microservices/user-service/src/main/java/com/revature/user/service/auth/TwoFactorService.java:[38,30] cannot find symbol
[ERROR]   symbol:   method builder()
[ERROR]   location: class com.revature.user.model.auth.TwoFactorAuth
[ERROR] /E:/MicroServices/manager/microservices/user-service/src/main/java/com/revature/user/service/auth/TwoFactorService.java:[41,18] cannot find symbol
[ERROR]   symbol:   method setSecretKey(java.lang.String)
[ERROR]   location: variable twoFactorAuth of type com.revature.user.model.auth.TwoFactorAuth
[ERROR] /E:/MicroServices/manager/microservices/user-service/src/main/java/com/revature/user/service/auth/TwoFactorService.java:[42,18] cannot find symbol
[ERROR]   symbol:   method setEnabled(boolean)
[ERROR]   location: variable twoFactorAuth of type com.revature.user.model.auth.TwoFactorAuth
[ERROR] /E:/MicroServices/manager/microservices/user-service/src/main/java/com/revature/user/service/auth/TwoFactorService.java:[47,63] cannot find symbol
[ERROR]   symbol:   method getEmail()
[ERROR]   location: variable user of type com.revature.user.model.user.User
[ERROR] /E:/MicroServices/manager/microservices/user-service/src/main/java/com/revature/user/service/auth/TwoFactorService.java:[48,36] cannot find symbol
[ERROR]   symbol:   method builder()
[ERROR]   location: class com.revature.user.dto.response.TwoFactorSetupResponse
[ERROR] /E:/MicroServices/manager/microservices/user-service/src/main/java/com/revature/user/service/auth/TwoFactorService.java:[62,42] cannot find symbol
[ERROR]   symbol:   method getSecretKey()
[ERROR]   location: variable twoFactorAuth of type com.revature.user.model.auth.TwoFactorAuth
[ERROR] /E:/MicroServices/manager/microservices/user-service/src/main/java/com/revature/user/service/auth/TwoFactorService.java:[63,20] cannot find symbol
[ERROR]   symbol:   method setEnabled(boolean)
[ERROR]   location: variable twoFactorAuth of type com.revature.user.model.auth.TwoFactorAuth
[ERROR] /E:/MicroServices/manager/microservices/user-service/src/main/java/com/revature/user/service/auth/TwoFactorService.java:[64,20] cannot find symbol
[ERROR]   symbol:   method setRecoveryCodes(java.util.List<java.lang.String>)
[ERROR]   location: variable twoFactorAuth of type com.revature.user.model.auth.TwoFactorAuth
[ERROR] /E:/MicroServices/manager/microservices/user-service/src/main/java/com/revature/user/service/auth/TwoFactorService.java:[67,11] cannot find symbol
[ERROR]   symbol:   method set2faEnabled(boolean)
[ERROR]   location: variable user of type com.revature.user.model.user.User
[ERROR] /E:/MicroServices/manager/microservices/user-service/src/main/java/com/revature/user/service/auth/TwoFactorService.java:[70,38] cannot find symbol
[ERROR]   symbol:   method getUsername()
[ERROR]   location: variable user of type com.revature.user.model.user.User
[ERROR] /E:/MicroServices/manager/microservices/user-service/src/main/java/com/revature/user/service/auth/TwoFactorService.java:[85,9] cannot find symbol
[ERROR]   symbol:   method set2faEnabled(boolean)
[ERROR]   location: variable user of type com.revature.user.model.user.User
[ERROR] /E:/MicroServices/manager/microservices/user-service/src/main/java/com/revature/user/service/auth/TwoFactorService.java:[90,36] cannot find symbol
[ERROR]   symbol:   method getUsername()
[ERROR]   location: variable user of type com.revature.user.model.user.User
[ERROR] /E:/MicroServices/manager/microservices/user-service/src/main/java/com/revature/user/service/auth/TwoFactorService.java:[103,23] cannot find symbol
[ERROR]   symbol:   method isEnabled()
[ERROR]   location: variable twoFactorAuth of type com.revature.user.model.auth.TwoFactorAuth
[ERROR] /E:/MicroServices/manager/microservices/user-service/src/main/java/com/revature/user/service/auth/TwoFactorService.java:[107,42] cannot find symbol
[ERROR]   symbol:   method getSecretKey()
[ERROR]   location: variable twoFactorAuth of type com.revature.user.model.auth.TwoFactorAuth
[ERROR] /E:/MicroServices/manager/microservices/user-service/src/main/java/com/revature/user/service/auth/TwoFactorService.java:[111,22] cannot find symbol
[ERROR]   symbol:   method getRecoveryCodes()
[ERROR]   location: variable twoFactorAuth of type com.revature.user.model.auth.TwoFactorAuth
[ERROR] /E:/MicroServices/manager/microservices/user-service/src/main/java/com/revature/user/service/auth/TwoFactorService.java:[113,20] cannot find symbol
[ERROR]   symbol:   method getRecoveryCodes()
[ERROR]   location: variable twoFactorAuth of type com.revature.user.model.auth.TwoFactorAuth
[ERROR] /E:/MicroServices/manager/microservices/user-service/src/main/java/com/revature/user/service/auth/TwoFactorService.java:[126,25] cannot find symbol
[ERROR]   symbol:   method getRecoveryCodes()
[ERROR]   location: variable twoFactorAuth of type com.revature.user.model.auth.TwoFactorAuth
[ERROR] /E:/MicroServices/manager/microservices/user-service/src/main/java/com/revature/user/service/auth/TwoFactorService.java:[134,23] cannot find symbol
[ERROR]   symbol:   method isEnabled()
[ERROR]   location: variable twoFactorAuth of type com.revature.user.model.auth.TwoFactorAuth
[ERROR] /E:/MicroServices/manager/microservices/user-service/src/main/java/com/revature/user/service/auth/TwoFactorService.java:[139,18] cannot find symbol
[ERROR]   symbol:   method setRecoveryCodes(java.util.List<java.lang.String>)
[ERROR]   location: variable twoFactorAuth of type com.revature.user.model.auth.TwoFactorAuth
[ERROR] /E:/MicroServices/manager/microservices/user-service/src/main/java/com/revature/user/service/auth/TwoFactorService.java:[142,36] cannot find symbol
[ERROR]   symbol:   method getUsername()
[ERROR]   location: variable user of type com.revature.user.model.user.User
[ERROR] /E:/MicroServices/manager/microservices/user-service/src/main/java/com/revature/user/service/auth/OtpService.java:[28,33] cannot find symbol
[ERROR]   symbol:   method builder()
[ERROR]   location: class com.revature.user.model.auth.OtpToken
[ERROR] /E:/MicroServices/manager/microservices/user-service/src/main/java/com/revature/user/service/auth/OtpService.java:[45,18] cannot find symbol
[ERROR]   symbol:   method getUser()
[ERROR]   location: variable otpToken of type com.revature.user.model.auth.OtpToken
[ERROR] /E:/MicroServices/manager/microservices/user-service/src/main/java/com/revature/user/service/auth/OtpService.java:[45,48] cannot find symbol
[ERROR]   symbol:   method getId()
[ERROR]   location: variable user of type com.revature.user.model.user.User
[ERROR] /E:/MicroServices/manager/microservices/user-service/src/main/java/com/revature/user/service/auth/OtpService.java:[49,46] cannot find symbol
[ERROR]   symbol:   method getTokenType()
[ERROR]   location: variable otpToken of type com.revature.user.model.auth.OtpToken
[ERROR] /E:/MicroServices/manager/microservices/user-service/src/main/java/com/revature/user/service/auth/OtpService.java:[53,17] cannot find symbol
[ERROR]   symbol:   method isUsed()
[ERROR]   location: variable otpToken of type com.revature.user.model.auth.OtpToken
[ERROR] /E:/MicroServices/manager/microservices/user-service/src/main/java/com/revature/user/service/auth/OtpService.java:[57,17] cannot find symbol
[ERROR]   symbol:   method getExpiryDate()
[ERROR]   location: variable otpToken of type com.revature.user.model.auth.OtpToken
[ERROR] /E:/MicroServices/manager/microservices/user-service/src/main/java/com/revature/user/service/auth/OtpService.java:[61,13] cannot find symbol
[ERROR]   symbol:   method setUsed(boolean)
[ERROR]   location: variable otpToken of type com.revature.user.model.auth.OtpToken
[ERROR] /E:/MicroServices/manager/microservices/user-service/src/main/java/com/revature/user/service/user/AccountDeletionService.java:[25,41] cannot find symbol
[ERROR]   symbol:   method getMasterPassword()
[ERROR]   location: variable request of type com.revature.user.dto.request.AccountDeletionRequest
[ERROR] /E:/MicroServices/manager/microservices/user-service/src/main/java/com/revature/user/service/user/AccountDeletionService.java:[25,67] cannot find symbol
[ERROR]   symbol:   method getMasterPasswordHash()
[ERROR]   location: variable user of type com.revature.user.model.user.User
[ERROR] /E:/MicroServices/manager/microservices/user-service/src/main/java/com/revature/user/service/user/AccountDeletionService.java:[29,9] cannot find symbol
[ERROR]   symbol:   method setDeletionRequestedAt(java.time.LocalDateTime)
[ERROR]   location: variable user of type com.revature.user.model.user.User
[ERROR] /E:/MicroServices/manager/microservices/user-service/src/main/java/com/revature/user/service/user/AccountDeletionService.java:[31,9] cannot find symbol
[ERROR]   symbol:   method setDeletionScheduledAt(java.time.LocalDateTime)
[ERROR]   location: variable user of type com.revature.user.model.user.User
[ERROR] /E:/MicroServices/manager/microservices/user-service/src/main/java/com/revature/user/service/user/AccountDeletionService.java:[40,13] cannot find symbol
[ERROR]   symbol:   method getDeletionScheduledAt()
[ERROR]   location: variable user of type com.revature.user.model.user.User
[ERROR] /E:/MicroServices/manager/microservices/user-service/src/main/java/com/revature/user/service/user/AccountDeletionService.java:[44,9] cannot find symbol
[ERROR]   symbol:   method setDeletionRequestedAt(<nulltype>)
[ERROR]   location: variable user of type com.revature.user.model.user.User
[ERROR] /E:/MicroServices/manager/microservices/user-service/src/main/java/com/revature/user/service/user/AccountDeletionService.java:[45,9] cannot find symbol
[ERROR]   symbol:   method setDeletionScheduledAt(<nulltype>)
[ERROR]   location: variable user of type com.revature.user.model.user.User
[ERROR] /E:/MicroServices/manager/microservices/user-service/src/main/java/com/revature/user/service/user/UserSettingsService.java:[24,69] cannot find symbol
[ERROR]   symbol:   method getId()
[ERROR]   location: variable user of type com.revature.user.model.user.User
[ERROR] /E:/MicroServices/manager/microservices/user-service/src/main/java/com/revature/user/service/user/UserSettingsService.java:[34,69] cannot find symbol
[ERROR]   symbol:   method getId()
[ERROR]   location: variable user of type com.revature.user.model.user.User
[ERROR] /E:/MicroServices/manager/microservices/user-service/src/main/java/com/revature/user/service/user/UserSettingsService.java:[37,16] cannot find symbol
[ERROR]   symbol:   method getTheme()
[ERROR]   location: variable request of type com.revature.user.dto.request.UserSettingsRequest
[ERROR] /E:/MicroServices/manager/microservices/user-service/src/main/java/com/revature/user/service/user/UserSettingsService.java:[38,32] cannot find symbol
[ERROR]   symbol:   method getTheme()
[ERROR]   location: variable request of type com.revature.user.dto.request.UserSettingsRequest
[ERROR] /E:/MicroServices/manager/microservices/user-service/src/main/java/com/revature/user/service/user/UserSettingsService.java:[39,16] cannot find symbol
[ERROR]   symbol:   method getLanguage()
[ERROR]   location: variable request of type com.revature.user.dto.request.UserSettingsRequest
[ERROR] /E:/MicroServices/manager/microservices/user-service/src/main/java/com/revature/user/service/user/UserSettingsService.java:[40,35] cannot find symbol
[ERROR]   symbol:   method getLanguage()
[ERROR]   location: variable request of type com.revature.user.dto.request.UserSettingsRequest
[ERROR] /E:/MicroServices/manager/microservices/user-service/src/main/java/com/revature/user/service/user/UserSettingsService.java:[41,16] cannot find symbol
[ERROR]   symbol:   method getAutoLogoutMinutes()
[ERROR]   location: variable request of type com.revature.user.dto.request.UserSettingsRequest
[ERROR] /E:/MicroServices/manager/microservices/user-service/src/main/java/com/revature/user/service/user/UserSettingsService.java:[42,44] cannot find symbol
[ERROR]   symbol:   method getAutoLogoutMinutes()
[ERROR]   location: variable request of type com.revature.user.dto.request.UserSettingsRequest
[ERROR] /E:/MicroServices/manager/microservices/user-service/src/main/java/com/revature/user/service/user/UserSettingsService.java:[43,16] cannot find symbol
[ERROR]   symbol:   method getReadOnlyMode()
[ERROR]   location: variable request of type com.revature.user.dto.request.UserSettingsRequest
[ERROR] /E:/MicroServices/manager/microservices/user-service/src/main/java/com/revature/user/service/user/UserSettingsService.java:[44,39] cannot find symbol
[ERROR]   symbol:   method getReadOnlyMode()
[ERROR]   location: variable request of type com.revature.user.dto.request.UserSettingsRequest
[ERROR] /E:/MicroServices/manager/microservices/user-service/src/main/java/com/revature/user/service/user/UserSettingsService.java:[51,41] cannot find symbol
[ERROR]   symbol:   method builder()
[ERROR]   location: class com.revature.user.model.user.UserSettings
[ERROR] /E:/MicroServices/manager/microservices/user-service/src/main/java/com/revature/user/service/user/UserSettingsService.java:[62,32] cannot find symbol
[ERROR]   symbol:   method builder()
[ERROR]   location: class com.revature.user.dto.response.UserSettingsResponse
[ERROR] /E:/MicroServices/manager/microservices/user-service/src/main/java/com/revature/user/service/user/UserSettingsService.java:[63,24] cannot find symbol
[ERROR]   symbol:   method getTheme()
[ERROR]   location: variable settings of type com.revature.user.model.user.UserSettings
[ERROR] /E:/MicroServices/manager/microservices/user-service/src/main/java/com/revature/user/service/user/UserSettingsService.java:[64,27] cannot find symbol
[ERROR]   symbol:   method getLanguage()
[ERROR]   location: variable settings of type com.revature.user.model.user.UserSettings
[ERROR] /E:/MicroServices/manager/microservices/user-service/src/main/java/com/revature/user/service/user/UserSettingsService.java:[65,36] cannot find symbol
[ERROR]   symbol:   method getAutoLogoutMinutes()
[ERROR]   location: variable settings of type com.revature.user.model.user.UserSettings
[ERROR] /E:/MicroServices/manager/microservices/user-service/src/main/java/com/revature/user/service/user/UserSettingsService.java:[66,31] cannot find symbol
[ERROR]   symbol:   method getReadOnlyMode()
[ERROR]   location: variable settings of type com.revature.user.model.user.UserSettings
[ERROR] /E:/MicroServices/manager/microservices/user-service/src/main/java/com/revature/user/service/user/UserSettingsService.java:[74,69] cannot find symbol
[ERROR]   symbol:   method getId()
[ERROR]   location: variable user of type com.revature.user.model.user.User
[ERROR] /E:/MicroServices/manager/microservices/user-service/src/main/java/com/revature/user/service/user/UserSettingsService.java:[77,13] cannot find symbol
[ERROR]   symbol:   method setReadOnlyMode(java.lang.Boolean)
[ERROR]   location: variable settings of type com.revature.user.model.user.UserSettings
[ERROR] /E:/MicroServices/manager/microservices/user-service/src/main/java/com/revature/user/controller/AuthController.java:[83,49] cannot find symbol
[ERROR]   symbol:   method getUsername()
[ERROR]   location: variable request of type @jakarta.validation.Valid com.revature.user.dto.request.LoginRequest
[ERROR] /E:/MicroServices/manager/microservices/user-service/src/main/java/com/revature/user/controller/AuthController.java:[84,18] cannot find symbol
[ERROR]   symbol:   method getCaptchaToken()
[ERROR]   location: variable request of type @jakarta.validation.Valid com.revature.user.dto.request.LoginRequest
[ERROR] /E:/MicroServices/manager/microservices/user-service/src/main/java/com/revature/user/controller/AuthController.java:[84,55] cannot find symbol
[ERROR]   symbol:   method getCaptchaToken()
[ERROR]   location: variable request of type @jakarta.validation.Valid com.revature.user.dto.request.LoginRequest
[ERROR] /E:/MicroServices/manager/microservices/user-service/src/main/java/com/revature/user/controller/AuthController.java:[86,25] cannot find symbol
[ERROR]   symbol:   method builder()
[ERROR]   location: class com.revature.user.dto.response.AuthResponse
[ERROR] /E:/MicroServices/manager/microservices/user-service/src/main/java/com/revature/user/controller/AuthController.java:[88,48] cannot find symbol
[ERROR]   symbol:   method getCaptchaToken()
[ERROR]   location: variable request of type @jakarta.validation.Valid com.revature.user.dto.request.LoginRequest
[ERROR] /E:/MicroServices/manager/microservices/user-service/src/main/java/com/revature/user/controller/AuthController.java:[90,25] cannot find symbol
[ERROR]   symbol:   method builder()
[ERROR]   location: class com.revature.user.dto.response.AuthResponse
[ERROR] /E:/MicroServices/manager/microservices/user-service/src/main/java/com/revature/user/controller/AuthController.java:[171,46] cannot find symbol
[ERROR]   symbol:   method getCaptchaToken()
[ERROR]   location: variable request of type @jakarta.validation.Valid com.revature.user.dto.request.VerifyCaptchaRequest
[ERROR] /E:/MicroServices/manager/microservices/user-service/src/main/java/com/revature/user/controller/AuthController.java:[183,32] constructor TokenValidationResponse in class com.revature.user.dto.response.TokenValidationResponse cannot be applied to given types;
[ERROR]   required: no arguments
[ERROR]   found:    boolean
[ERROR]   reason: actual and formal argument lists differ in length
[ERROR] -> [Help 1]
[ERROR] 
[ERROR] To see the full stack trace of the errors, re-run Maven with the -e switch.
[ERROR] Re-run Maven using the -X switch to enable full debug logging.
[ERROR] 
[ERROR] For more information about the errors and possible solutions, please read the following articles:
[ERROR] [Help 1] http://cwiki.apache.org/confluence/display/MAVEN/MojoFailureException
